<?xml version="1.0" encoding="UTF-8"?>
<!-- Generated by org.testng.reporters.JUnitXMLReporter -->
<testsuite hostname="MNCTVN05589" name="Default test" tests="4" failures="0" timestamp="3 Jul 2020 05:58:39 GMT" time="103.538" errors="0">
  <testcase name="live_event" time="18.196" classname="testcases.Test_Live_Event"/>
  <testcase name="live_event" time="21.018" classname="testcases.Test_Live_Event"/>
  <testcase name="live_event_klik_live_event" time="15.916" classname="testcases.Test_Live_Event"/>
  <testcase name="live_event_klik_live_event" time="15.913" classname="testcases.Test_Live_Event"/>
</testsuite> <!-- Default test -->
