<?xml version="1.0" encoding="UTF-8"?>
<!-- Generated by org.testng.reporters.JUnitXMLReporter -->
<testsuite hostname="MNCTVN05589" name="Default test" tests="4" failures="0" timestamp="20 Jun 2020 08:29:15 GMT" time="128.237" errors="0">
  <testcase name="register_alert_email" time="29.55" classname="testcases.Test_Register"/>
  <testcase name="register_alert_email" time="30.13" classname="testcases.Test_Register"/>
  <testcase name="register_alert_password1" time="29.747" classname="testcases.Test_Register"/>
  <testcase name="register_alert_password2" time="30.968" classname="testcases.Test_Register"/>
</testsuite> <!-- Default test -->
