<?xml version="1.0" encoding="UTF-8"?>
<!-- Generated by org.testng.reporters.JUnitXMLReporter -->
<testsuite hostname="MNCTVN05589" name="Test" tests="133" failures="1" timestamp="21 Jul 2020 04:59:23 GMT" time="360.172" errors="0">
  <testcase name="@BeforeMethod set" time="0.0" classname="testcases.Test_Login">
    <failure type="org.openqa.selenium.WebDriverException" message="unknown error: DevToolsActivePort file doesn&amp;apos;t exist
Build info: version: &amp;apos;3.141.59&amp;apos;, revision: &amp;apos;82b03c358b&amp;apos;, time: &amp;apos;2019-04-30T22:04:50&amp;apos;
System info: host: &amp;apos;092a8cca29ed&amp;apos;, ip: &amp;apos;172.17.0.8&amp;apos;, os.name: &amp;apos;Linux&amp;apos;, os.arch: &amp;apos;amd64&amp;apos;, os.version: &amp;apos;4.19.76-linuxkit&amp;apos;, java.version: &amp;apos;1.8.0_252&amp;apos;
Driver info: driver.version: unknown
remote stacktrace: #0 0x55c0e58cd579 &amp;lt;unknown&amp;gt;

Command duration or timeout: 99.25 seconds">
      <![CDATA[org.openqa.selenium.WebDriverException: unknown error: DevToolsActivePort file doesn't exist
Build info: version: '3.141.59', revision: '82b03c358b', time: '2019-04-30T22:04:50'
System info: host: '092a8cca29ed', ip: '172.17.0.8', os.name: 'Linux', os.arch: 'amd64', os.version: '4.19.76-linuxkit', java.version: '1.8.0_252'
Driver info: driver.version: unknown
remote stacktrace: #0 0x55c0e58cd579 <unknown>

Command duration or timeout: 99.25 seconds
	at org.openqa.selenium.remote.ErrorHandler.createThrowable(ErrorHandler.java:214)
	at org.openqa.selenium.remote.ErrorHandler.throwIfResponseFailed(ErrorHandler.java:166)
	at org.openqa.selenium.remote.JsonWireProtocolResponse.lambda$errorHandler$0(JsonWireProtocolResponse.java:54)
	at org.openqa.selenium.remote.HandshakeResponse.lambda$getResponseFunction$0(HandshakeResponse.java:30)
	at org.openqa.selenium.remote.ProtocolHandshake.lambda$createSession$0(ProtocolHandshake.java:126)
	at java.util.stream.ReferencePipeline$3$1.accept(Unknown Source)
	at java.util.Spliterators$ArraySpliterator.tryAdvance(Unknown Source)
	at java.util.stream.ReferencePipeline.forEachWithCancel(Unknown Source)
	at java.util.stream.AbstractPipeline.copyIntoWithCancel(Unknown Source)
	at java.util.stream.AbstractPipeline.copyInto(Unknown Source)
	at java.util.stream.AbstractPipeline.wrapAndCopyInto(Unknown Source)
	at java.util.stream.FindOps$FindOp.evaluateSequential(Unknown Source)
	at java.util.stream.AbstractPipeline.evaluate(Unknown Source)
	at java.util.stream.ReferencePipeline.findFirst(Unknown Source)
	at org.openqa.selenium.remote.ProtocolHandshake.createSession(ProtocolHandshake.java:128)
	at org.openqa.selenium.remote.ProtocolHandshake.createSession(ProtocolHandshake.java:74)
	at org.openqa.selenium.remote.HttpCommandExecutor.execute(HttpCommandExecutor.java:136)
	at org.openqa.selenium.remote.RemoteWebDriver.execute(RemoteWebDriver.java:552)
	at org.openqa.selenium.remote.RemoteWebDriver.startSession(RemoteWebDriver.java:213)
	at org.openqa.selenium.remote.RemoteWebDriver.<init>(RemoteWebDriver.java:131)
	at org.openqa.selenium.remote.RemoteWebDriver.<init>(RemoteWebDriver.java:144)
	at config.Setup.set(Setup.java:42)
	at java.util.concurrent.ThreadPoolExecutor.runWorker(Unknown Source)
	at java.util.concurrent.ThreadPoolExecutor$Worker.run(Unknown Source)
	at java.lang.Thread.run(Unknown Source)
Caused by: org.openqa.selenium.WebDriverException: unknown error: DevToolsActivePort file doesn't exist
Build info: version: '3.141.59', revision: '82b03c358b', time: '2019-04-30T22:04:50'
System info: host: '092a8cca29ed', ip: '172.17.0.8', os.name: 'Linux', os.arch: 'amd64', os.version: '4.19.76-linuxkit', java.version: '1.8.0_252'
Driver info: driver.version: unknown
remote stacktrace: #0 0x55c0e58cd579 <unknown>

Build info: version: '3.141.59', revision: 'e82be7d358', time: '2018-11-14T08:17:03'
System info: host: 'MNCTVN05589', ip: '192.168.56.1', os.name: 'Windows 10', os.arch: 'amd64', os.version: '10.0', java.version: '1.8.0_221'
Driver info: driver.version: unknown
	at org.openqa.selenium.remote.W3CHandshakeResponse.lambda$errorHandler$0(W3CHandshakeResponse.java:62)
	at org.openqa.selenium.remote.HandshakeResponse.lambda$getResponseFunction$0(HandshakeResponse.java:30)
	at org.openqa.selenium.remote.ProtocolHandshake.lambda$createSession$0(ProtocolHandshake.java:126)
	at java.util.stream.ReferencePipeline$3$1.accept(ReferencePipeline.java:193)
	at java.util.Spliterators$ArraySpliterator.tryAdvance(Spliterators.java:958)
	at java.util.stream.ReferencePipeline.forEachWithCancel(ReferencePipeline.java:126)
	at java.util.stream.AbstractPipeline.copyIntoWithCancel(AbstractPipeline.java:499)
	at java.util.stream.AbstractPipeline.copyInto(AbstractPipeline.java:486)
	at java.util.stream.AbstractPipeline.wrapAndCopyInto(AbstractPipeline.java:472)
	at java.util.stream.FindOps$FindOp.evaluateSequential(FindOps.java:152)
	at java.util.stream.AbstractPipeline.evaluate(AbstractPipeline.java:234)
	at java.util.stream.ReferencePipeline.findFirst(ReferencePipeline.java:531)
	at org.openqa.selenium.remote.ProtocolHandshake.createSession(ProtocolHandshake.java:128)
	at org.openqa.selenium.remote.ProtocolHandshake.createSession(ProtocolHandshake.java:74)
	at org.openqa.selenium.grid.session.remote.RemoteSession$Factory.performHandshake(RemoteSession.java:147)
	at org.openqa.selenium.grid.session.remote.ServicedSession$Factory.apply(ServicedSession.java:161)
	at org.openqa.selenium.remote.server.ActiveSessionFactory.lambda$apply$12(ActiveSessionFactory.java:180)
	at java.util.stream.ReferencePipeline$3$1.accept(ReferencePipeline.java:193)
	at java.util.stream.ReferencePipeline$11$1.accept(ReferencePipeline.java:440)
	at java.util.stream.ReferencePipeline$2$1.accept(ReferencePipeline.java:175)
	at java.util.Spliterators$ArraySpliterator.tryAdvance(Spliterators.java:958)
	at java.util.stream.ReferencePipeline.forEachWithCancel(ReferencePipeline.java:126)
	at java.util.stream.AbstractPipeline.copyIntoWithCancel(AbstractPipeline.java:499)
	at java.util.stream.AbstractPipeline.copyInto(AbstractPipeline.java:486)
	at java.util.stream.AbstractPipeline.wrapAndCopyInto(AbstractPipeline.java:472)
	at java.util.stream.FindOps$FindOp.evaluateSequential(FindOps.java:152)
	at java.util.stream.AbstractPipeline.evaluate(AbstractPipeline.java:234)
	at java.util.stream.ReferencePipeline.findFirst(ReferencePipeline.java:531)
	at org.openqa.selenium.remote.server.ActiveSessionFactory.apply(ActiveSessionFactory.java:183)
	at org.openqa.selenium.remote.server.NewSessionPipeline.lambda$null$2(NewSessionPipeline.java:66)
	at java.util.stream.ReferencePipeline$3$1.accept(ReferencePipeline.java:193)
	at java.util.stream.ReferencePipeline$2$1.accept(ReferencePipeline.java:175)
	at java.util.Collections$2.tryAdvance(Collections.java:4719)
	at java.util.stream.ReferencePipeline.forEachWithCancel(ReferencePipeline.java:126)
	at java.util.stream.AbstractPipeline.copyIntoWithCancel(AbstractPipeline.java:499)
	at java.util.stream.AbstractPipeline.copyInto(AbstractPipeline.java:486)
	at java.util.stream.AbstractPipeline.wrapAndCopyInto(AbstractPipeline.java:472)
	at java.util.stream.FindOps$FindOp.evaluateSequential(FindOps.java:152)
	at java.util.stream.AbstractPipeline.evaluate(AbstractPipeline.java:234)
	at java.util.stream.ReferencePipeline.findFirst(ReferencePipeline.java:531)
	at org.openqa.selenium.remote.server.NewSessionPipeline.lambda$createNewSession$3(NewSessionPipeline.java:69)
	at java.util.stream.ReferencePipeline$3$1.accept(ReferencePipeline.java:193)
	at java.util.stream.ReferencePipeline$3$1.accept(ReferencePipeline.java:193)
	at java.util.stream.ReferencePipeline$3$1.accept(ReferencePipeline.java:193)
	at java.util.stream.DistinctOps$1$2.accept(DistinctOps.java:175)
	at java.util.stream.ReferencePipeline$2$1.accept(ReferencePipeline.java:175)
	at java.util.stream.ReferencePipeline$3$1.accept(ReferencePipeline.java:193)
	at java.util.stream.ReferencePipeline$2$1.accept(ReferencePipeline.java:175)
	at java.util.stream.Streams$StreamBuilderImpl.tryAdvance(Streams.java:405)
	at java.util.stream.Streams$ConcatSpliterator.tryAdvance(Streams.java:728)
	at java.util.stream.ReferencePipeline.forEachWithCancel(ReferencePipeline.java:126)
	at java.util.stream.AbstractPipeline.copyIntoWithCancel(AbstractPipeline.java:499)
	at java.util.stream.AbstractPipeline.copyInto(AbstractPipeline.java:486)
	at java.util.stream.AbstractPipeline.wrapAndCopyInto(AbstractPipeline.java:472)
	at java.util.stream.FindOps$FindOp.evaluateSequential(FindOps.java:152)
	at java.util.stream.AbstractPipeline.evaluate(AbstractPipeline.java:234)
	at java.util.stream.ReferencePipeline.findFirst(ReferencePipeline.java:531)
	at org.openqa.selenium.remote.server.NewSessionPipeline.createNewSession(NewSessionPipeline.java:72)
	at org.openqa.selenium.remote.server.commandhandler.BeginSession.execute(BeginSession.java:65)
	at org.openqa.selenium.remote.server.WebDriverServlet.lambda$handle$0(WebDriverServlet.java:235)
	at java.util.concurrent.Executors$RunnableAdapter.call(Executors.java:511)
	at java.util.concurrent.FutureTask.run(FutureTask.java:266)
	at java.util.concurrent.ThreadPoolExecutor.runWorker(ThreadPoolExecutor.java:1149)
	at java.util.concurrent.ThreadPoolExecutor$Worker.run(ThreadPoolExecutor.java:624)
	at java.lang.Thread.run(Thread.java:748)
... Removed 20 stack frames]]>
    </failure>
  </testcase> <!-- @BeforeMethod set -->
  <testcase name="@AfterMethod done" time="0.0" classname="testcases.Test_Login">
    <skipped/>
  </testcase> <!-- @AfterMethod done -->
  <testcase name="@BeforeMethod set" time="0.0" classname="testcases.Test_Login">
    <skipped/>
  </testcase> <!-- @BeforeMethod set -->
  <testcase name="@AfterMethod done" time="0.0" classname="testcases.Test_Login">
    <skipped/>
  </testcase> <!-- @AfterMethod done -->
  <testcase name="@BeforeMethod set" time="0.0" classname="testcases.Test_Login">
    <skipped/>
  </testcase> <!-- @BeforeMethod set -->
  <testcase name="@AfterMethod done" time="0.0" classname="testcases.Test_Login">
    <skipped/>
  </testcase> <!-- @AfterMethod done -->
  <testcase name="@BeforeMethod set" time="0.0" classname="testcases.Test_Login">
    <skipped/>
  </testcase> <!-- @BeforeMethod set -->
  <testcase name="@AfterMethod done" time="0.0" classname="testcases.Test_Login">
    <skipped/>
  </testcase> <!-- @AfterMethod done -->
  <testcase name="@BeforeMethod set" time="0.0" classname="testcases.Test_Login">
    <skipped/>
  </testcase> <!-- @BeforeMethod set -->
  <testcase name="@AfterMethod done" time="0.0" classname="testcases.Test_Login">
    <skipped/>
  </testcase> <!-- @AfterMethod done -->
  <testcase name="@BeforeMethod set" time="0.0" classname="testcases.Test_Login">
    <skipped/>
  </testcase> <!-- @BeforeMethod set -->
  <testcase name="@AfterMethod done" time="0.0" classname="testcases.Test_Login">
    <skipped/>
  </testcase> <!-- @AfterMethod done -->
  <testcase name="@BeforeMethod set" time="0.0" classname="testcases.Test_Login">
    <skipped/>
  </testcase> <!-- @BeforeMethod set -->
  <testcase name="@AfterMethod done" time="0.0" classname="testcases.Test_Login">
    <skipped/>
  </testcase> <!-- @AfterMethod done -->
  <testcase name="@BeforeMethod set" time="0.0" classname="testcases.Test_Login">
    <skipped/>
  </testcase> <!-- @BeforeMethod set -->
  <testcase name="@AfterMethod done" time="0.0" classname="testcases.Test_Login">
    <skipped/>
  </testcase> <!-- @AfterMethod done -->
  <testcase name="@BeforeMethod set" time="0.0" classname="testcases.Test_Login">
    <skipped/>
  </testcase> <!-- @BeforeMethod set -->
  <testcase name="@AfterMethod done" time="0.0" classname="testcases.Test_Login">
    <skipped/>
  </testcase> <!-- @AfterMethod done -->
  <testcase name="@BeforeMethod set" time="0.0" classname="testcases.Test_Login">
    <skipped/>
  </testcase> <!-- @BeforeMethod set -->
  <testcase name="@AfterMethod done" time="0.0" classname="testcases.Test_Login">
    <skipped/>
  </testcase> <!-- @AfterMethod done -->
  <testcase name="@BeforeMethod set" time="0.0" classname="testcases.Test_Login">
    <skipped/>
  </testcase> <!-- @BeforeMethod set -->
  <testcase name="@AfterMethod done" time="0.0" classname="testcases.Test_Login">
    <skipped/>
  </testcase> <!-- @AfterMethod done -->
  <testcase name="@BeforeMethod set" time="0.0" classname="testcases.Test_Login">
    <skipped/>
  </testcase> <!-- @BeforeMethod set -->
  <testcase name="@AfterMethod done" time="0.0" classname="testcases.Test_Login">
    <skipped/>
  </testcase> <!-- @AfterMethod done -->
  <testcase name="@BeforeMethod set" time="0.0" classname="testcases.Test_Login">
    <skipped/>
  </testcase> <!-- @BeforeMethod set -->
  <testcase name="@AfterMethod done" time="0.0" classname="testcases.Test_Login">
    <skipped/>
  </testcase> <!-- @AfterMethod done -->
  <testcase name="@BeforeMethod set" time="0.0" classname="testcases.Test_Login">
    <skipped/>
  </testcase> <!-- @BeforeMethod set -->
  <testcase name="@AfterMethod done" time="0.0" classname="testcases.Test_Login">
    <skipped/>
  </testcase> <!-- @AfterMethod done -->
  <testcase name="@BeforeMethod set" time="0.0" classname="testcases.Test_Login">
    <skipped/>
  </testcase> <!-- @BeforeMethod set -->
  <testcase name="@AfterMethod done" time="0.0" classname="testcases.Test_Login">
    <skipped/>
  </testcase> <!-- @AfterMethod done -->
  <testcase name="@BeforeMethod set" time="0.0" classname="testcases.Test_Login">
    <skipped/>
  </testcase> <!-- @BeforeMethod set -->
  <testcase name="@AfterMethod done" time="0.0" classname="testcases.Test_Login">
    <skipped/>
  </testcase> <!-- @AfterMethod done -->
  <testcase name="@BeforeMethod set" time="0.0" classname="testcases.Test_Login">
    <skipped/>
  </testcase> <!-- @BeforeMethod set -->
  <testcase name="@AfterMethod done" time="0.0" classname="testcases.Test_Login">
    <skipped/>
  </testcase> <!-- @AfterMethod done -->
  <testcase name="@BeforeMethod set" time="0.0" classname="testcases.Test_News">
    <skipped/>
  </testcase> <!-- @BeforeMethod set -->
  <testcase name="@AfterMethod done" time="0.0" classname="testcases.Test_News">
    <skipped/>
  </testcase> <!-- @AfterMethod done -->
  <testcase name="@BeforeMethod set" time="0.0" classname="testcases.Test_News">
    <skipped/>
  </testcase> <!-- @BeforeMethod set -->
  <testcase name="@AfterMethod done" time="0.0" classname="testcases.Test_News">
    <skipped/>
  </testcase> <!-- @AfterMethod done -->
  <testcase name="@BeforeMethod set" time="0.0" classname="testcases.Test_News">
    <skipped/>
  </testcase> <!-- @BeforeMethod set -->
  <testcase name="@AfterMethod done" time="0.0" classname="testcases.Test_News">
    <skipped/>
  </testcase> <!-- @AfterMethod done -->
  <testcase name="@BeforeMethod set" time="0.0" classname="testcases.Test_News">
    <skipped/>
  </testcase> <!-- @BeforeMethod set -->
  <testcase name="@AfterMethod done" time="0.0" classname="testcases.Test_News">
    <skipped/>
  </testcase> <!-- @AfterMethod done -->
  <testcase name="@BeforeMethod set" time="0.0" classname="testcases.Test_Chat">
    <skipped/>
  </testcase> <!-- @BeforeMethod set -->
  <testcase name="@AfterMethod done" time="0.0" classname="testcases.Test_Chat">
    <skipped/>
  </testcase> <!-- @AfterMethod done -->
  <testcase name="@BeforeMethod set" time="0.0" classname="testcases.Test_Chat">
    <skipped/>
  </testcase> <!-- @BeforeMethod set -->
  <testcase name="@AfterMethod done" time="0.0" classname="testcases.Test_Chat">
    <skipped/>
  </testcase> <!-- @AfterMethod done -->
  <testcase name="@BeforeMethod set" time="0.0" classname="testcases.Test_Chat">
    <skipped/>
  </testcase> <!-- @BeforeMethod set -->
  <testcase name="@AfterMethod done" time="0.0" classname="testcases.Test_Chat">
    <skipped/>
  </testcase> <!-- @AfterMethod done -->
  <testcase name="@BeforeMethod set" time="0.0" classname="testcases.Test_Chat">
    <skipped/>
  </testcase> <!-- @BeforeMethod set -->
  <testcase name="@AfterMethod done" time="0.0" classname="testcases.Test_Chat">
    <skipped/>
  </testcase> <!-- @AfterMethod done -->
  <testcase name="@BeforeMethod set" time="0.0" classname="testcases.Test_Chat">
    <skipped/>
  </testcase> <!-- @BeforeMethod set -->
  <testcase name="@AfterMethod done" time="0.0" classname="testcases.Test_Chat">
    <skipped/>
  </testcase> <!-- @AfterMethod done -->
  <testcase name="@BeforeMethod set" time="0.0" classname="testcases.Test_Chat">
    <skipped/>
  </testcase> <!-- @BeforeMethod set -->
  <testcase name="@AfterMethod done" time="0.0" classname="testcases.Test_Chat">
    <skipped/>
  </testcase> <!-- @AfterMethod done -->
  <testcase name="@BeforeMethod set" time="0.0" classname="testcases.Test_Chat">
    <skipped/>
  </testcase> <!-- @BeforeMethod set -->
  <testcase name="@AfterMethod done" time="0.0" classname="testcases.Test_Chat">
    <skipped/>
  </testcase> <!-- @AfterMethod done -->
  <testcase name="@BeforeMethod set" time="0.0" classname="testcases.Test_Chat">
    <skipped/>
  </testcase> <!-- @BeforeMethod set -->
  <testcase name="@AfterMethod done" time="0.0" classname="testcases.Test_Chat">
    <skipped/>
  </testcase> <!-- @AfterMethod done -->
  <testcase name="@BeforeMethod set" time="0.0" classname="testcases.Test_Chat">
    <skipped/>
  </testcase> <!-- @BeforeMethod set -->
  <testcase name="@AfterMethod done" time="0.0" classname="testcases.Test_Chat">
    <skipped/>
  </testcase> <!-- @AfterMethod done -->
  <testcase name="@BeforeMethod set" time="0.0" classname="testcases.Test_Chat">
    <skipped/>
  </testcase> <!-- @BeforeMethod set -->
  <testcase name="@AfterMethod done" time="0.0" classname="testcases.Test_Chat">
    <skipped/>
  </testcase> <!-- @AfterMethod done -->
  <testcase name="@BeforeMethod set" time="0.0" classname="testcases.Test_Chat">
    <skipped/>
  </testcase> <!-- @BeforeMethod set -->
  <testcase name="@AfterMethod done" time="0.0" classname="testcases.Test_Chat">
    <skipped/>
  </testcase> <!-- @AfterMethod done -->
  <testcase name="@BeforeMethod set" time="0.0" classname="testcases.Test_Chat">
    <skipped/>
  </testcase> <!-- @BeforeMethod set -->
  <testcase name="@AfterMethod done" time="0.0" classname="testcases.Test_Chat">
    <skipped/>
  </testcase> <!-- @AfterMethod done -->
  <testcase name="@BeforeMethod set" time="0.0" classname="testcases.Test_Chat">
    <skipped/>
  </testcase> <!-- @BeforeMethod set -->
  <testcase name="@AfterMethod done" time="0.0" classname="testcases.Test_Chat">
    <skipped/>
  </testcase> <!-- @AfterMethod done -->
  <testcase name="@BeforeMethod set" time="0.0" classname="testcases.Test_Chat">
    <skipped/>
  </testcase> <!-- @BeforeMethod set -->
  <testcase name="@AfterMethod done" time="0.0" classname="testcases.Test_Chat">
    <skipped/>
  </testcase> <!-- @AfterMethod done -->
  <testcase name="@BeforeMethod set" time="0.0" classname="testcases.Test_Chat">
    <skipped/>
  </testcase> <!-- @BeforeMethod set -->
  <testcase name="@AfterMethod done" time="0.0" classname="testcases.Test_Chat">
    <skipped/>
  </testcase> <!-- @AfterMethod done -->
  <testcase name="@BeforeMethod set" time="0.0" classname="testcases.Test_Chat">
    <skipped/>
  </testcase> <!-- @BeforeMethod set -->
  <testcase name="@AfterMethod done" time="0.0" classname="testcases.Test_Chat">
    <skipped/>
  </testcase> <!-- @AfterMethod done -->
  <testcase name="@BeforeMethod set" time="0.0" classname="testcases.Test_Edit_Profile">
    <skipped/>
  </testcase> <!-- @BeforeMethod set -->
  <testcase name="@AfterMethod done" time="0.0" classname="testcases.Test_Edit_Profile">
    <skipped/>
  </testcase> <!-- @AfterMethod done -->
  <testcase name="@BeforeMethod set" time="0.0" classname="testcases.Test_Edit_Profile">
    <skipped/>
  </testcase> <!-- @BeforeMethod set -->
  <testcase name="@AfterMethod done" time="0.0" classname="testcases.Test_Edit_Profile">
    <skipped/>
  </testcase> <!-- @AfterMethod done -->
  <testcase name="@BeforeMethod set" time="0.0" classname="testcases.Test_Edit_Profile">
    <skipped/>
  </testcase> <!-- @BeforeMethod set -->
  <testcase name="@AfterMethod done" time="0.0" classname="testcases.Test_Edit_Profile">
    <skipped/>
  </testcase> <!-- @AfterMethod done -->
  <testcase name="@BeforeMethod set" time="0.0" classname="testcases.Test_Edit_Profile">
    <skipped/>
  </testcase> <!-- @BeforeMethod set -->
  <testcase name="@AfterMethod done" time="0.0" classname="testcases.Test_Edit_Profile">
    <skipped/>
  </testcase> <!-- @AfterMethod done -->
  <testcase name="@BeforeMethod set" time="0.0" classname="testcases.Test_Edit_Profile">
    <skipped/>
  </testcase> <!-- @BeforeMethod set -->
  <testcase name="@AfterMethod done" time="0.0" classname="testcases.Test_Edit_Profile">
    <skipped/>
  </testcase> <!-- @AfterMethod done -->
  <testcase name="@BeforeMethod set" time="0.0" classname="testcases.Test_Sticky_Ads_Homepage">
    <skipped/>
  </testcase> <!-- @BeforeMethod set -->
  <testcase name="@AfterMethod done" time="0.0" classname="testcases.Test_Sticky_Ads_Homepage">
    <skipped/>
  </testcase> <!-- @AfterMethod done -->
  <testcase name="@BeforeMethod set" time="0.0" classname="testcases.Test_Sticky_Ads_Homepage">
    <skipped/>
  </testcase> <!-- @BeforeMethod set -->
  <testcase name="@AfterMethod done" time="0.0" classname="testcases.Test_Sticky_Ads_Homepage">
    <skipped/>
  </testcase> <!-- @AfterMethod done -->
  <testcase name="@BeforeMethod set" time="0.0" classname="testcases.Test_Mylist">
    <skipped/>
  </testcase> <!-- @BeforeMethod set -->
  <testcase name="@AfterMethod done" time="0.0" classname="testcases.Test_Mylist">
    <skipped/>
  </testcase> <!-- @AfterMethod done -->
  <testcase name="@BeforeMethod set" time="0.0" classname="testcases.Test_Mylist">
    <skipped/>
  </testcase> <!-- @BeforeMethod set -->
  <testcase name="@AfterMethod done" time="0.0" classname="testcases.Test_Mylist">
    <skipped/>
  </testcase> <!-- @AfterMethod done -->
  <testcase name="@BeforeMethod set" time="0.0" classname="testcases.Test_Exclusive">
    <skipped/>
  </testcase> <!-- @BeforeMethod set -->
  <testcase name="@AfterMethod done" time="0.0" classname="testcases.Test_Exclusive">
    <skipped/>
  </testcase> <!-- @AfterMethod done -->
  <testcase name="@BeforeMethod set" time="0.0" classname="testcases.Test_Exclusive">
    <skipped/>
  </testcase> <!-- @BeforeMethod set -->
  <testcase name="@AfterMethod done" time="0.0" classname="testcases.Test_Exclusive">
    <skipped/>
  </testcase> <!-- @AfterMethod done -->
  <testcase name="@BeforeMethod set" time="0.0" classname="testcases.Test_Exclusive">
    <skipped/>
  </testcase> <!-- @BeforeMethod set -->
  <testcase name="@AfterMethod done" time="0.0" classname="testcases.Test_Exclusive">
    <skipped/>
  </testcase> <!-- @AfterMethod done -->
  <testcase name="@BeforeMethod set" time="0.0" classname="testcases.Test_Exclusive">
    <skipped/>
  </testcase> <!-- @BeforeMethod set -->
  <testcase name="@AfterMethod done" time="0.0" classname="testcases.Test_Exclusive">
    <skipped/>
  </testcase> <!-- @AfterMethod done -->
  <testcase name="@BeforeMethod set" time="0.0" classname="testcases.Test_Exclusive">
    <skipped/>
  </testcase> <!-- @BeforeMethod set -->
  <testcase name="@AfterMethod done" time="0.0" classname="testcases.Test_Exclusive">
    <skipped/>
  </testcase> <!-- @AfterMethod done -->
  <testcase name="@BeforeMethod set" time="0.0" classname="testcases.Test_Exclusive">
    <skipped/>
  </testcase> <!-- @BeforeMethod set -->
  <testcase name="@AfterMethod done" time="0.0" classname="testcases.Test_Exclusive">
    <skipped/>
  </testcase> <!-- @AfterMethod done -->
  <testcase name="@BeforeMethod set" time="0.0" classname="testcases.Test_Exclusive">
    <skipped/>
  </testcase> <!-- @BeforeMethod set -->
  <testcase name="@AfterMethod done" time="0.0" classname="testcases.Test_Exclusive">
    <skipped/>
  </testcase> <!-- @AfterMethod done -->
  <testcase name="@BeforeMethod set" time="0.0" classname="testcases.Test_Exclusive">
    <skipped/>
  </testcase> <!-- @BeforeMethod set -->
  <testcase name="@AfterMethod done" time="0.0" classname="testcases.Test_Exclusive">
    <skipped/>
  </testcase> <!-- @AfterMethod done -->
  <testcase name="@BeforeMethod set" time="0.0" classname="testcases.Test_Exclusive">
    <skipped/>
  </testcase> <!-- @BeforeMethod set -->
  <testcase name="@AfterMethod done" time="0.0" classname="testcases.Test_Exclusive">
    <skipped/>
  </testcase> <!-- @AfterMethod done -->
  <testcase name="@BeforeMethod set" time="0.0" classname="testcases.Test_Exclusive">
    <skipped/>
  </testcase> <!-- @BeforeMethod set -->
  <testcase name="@AfterMethod done" time="0.0" classname="testcases.Test_Exclusive">
    <skipped/>
  </testcase> <!-- @AfterMethod done -->
  <testcase name="@BeforeMethod set" time="0.0" classname="testcases.Test_Exclusive">
    <skipped/>
  </testcase> <!-- @BeforeMethod set -->
  <testcase name="@AfterMethod done" time="0.0" classname="testcases.Test_Exclusive">
    <skipped/>
  </testcase> <!-- @AfterMethod done -->
  <testcase name="@BeforeMethod set" time="0.0" classname="testcases.Test_Exclusive">
    <skipped/>
  </testcase> <!-- @BeforeMethod set -->
  <testcase name="@AfterMethod done" time="0.0" classname="testcases.Test_Exclusive">
    <skipped/>
  </testcase> <!-- @AfterMethod done -->
  <testcase name="@BeforeMethod set" time="0.0" classname="testcases.Test_Exclusive">
    <skipped/>
  </testcase> <!-- @BeforeMethod set -->
  <testcase name="@AfterMethod done" time="0.0" classname="testcases.Test_Exclusive">
    <skipped/>
  </testcase> <!-- @AfterMethod done -->
  <testcase name="@BeforeMethod set" time="0.0" classname="testcases.Test_Exclusive">
    <skipped/>
  </testcase> <!-- @BeforeMethod set -->
  <testcase name="@AfterMethod done" time="0.0" classname="testcases.Test_Exclusive">
    <skipped/>
  </testcase> <!-- @AfterMethod done -->
  <testcase name="@BeforeMethod set" time="0.0" classname="testcases.Test_Exclusive">
    <skipped/>
  </testcase> <!-- @BeforeMethod set -->
  <testcase name="@AfterMethod done" time="0.0" classname="testcases.Test_Exclusive">
    <skipped/>
  </testcase> <!-- @AfterMethod done -->
  <testcase name="@BeforeMethod set" time="0.0" classname="testcases.Test_Exclusive">
    <skipped/>
  </testcase> <!-- @BeforeMethod set -->
  <testcase name="@AfterMethod done" time="0.0" classname="testcases.Test_Exclusive">
    <skipped/>
  </testcase> <!-- @AfterMethod done -->
  <testcase name="@BeforeMethod set" time="0.0" classname="testcases.Test_Exclusive">
    <skipped/>
  </testcase> <!-- @BeforeMethod set -->
  <testcase name="@AfterMethod done" time="0.0" classname="testcases.Test_Exclusive">
    <skipped/>
  </testcase> <!-- @AfterMethod done -->
  <testcase name="@BeforeMethod set" time="0.0" classname="testcases.Test_Exclusive">
    <skipped/>
  </testcase> <!-- @BeforeMethod set -->
  <testcase name="@AfterMethod done" time="0.0" classname="testcases.Test_Exclusive">
    <skipped/>
  </testcase> <!-- @AfterMethod done -->
  <testcase name="@BeforeMethod set" time="0.0" classname="testcases.Test_Exclusive">
    <skipped/>
  </testcase> <!-- @BeforeMethod set -->
  <testcase name="@AfterMethod done" time="0.0" classname="testcases.Test_Exclusive">
    <skipped/>
  </testcase> <!-- @AfterMethod done -->
  <testcase name="@BeforeMethod set" time="0.0" classname="testcases.Test_Exclusive">
    <skipped/>
  </testcase> <!-- @BeforeMethod set -->
  <testcase name="@AfterMethod done" time="0.0" classname="testcases.Test_Exclusive">
    <skipped/>
  </testcase> <!-- @AfterMethod done -->
  <testcase name="@BeforeMethod set" time="0.0" classname="testcases.Test_Exclusive">
    <skipped/>
  </testcase> <!-- @BeforeMethod set -->
  <testcase name="@AfterMethod done" time="0.0" classname="testcases.Test_Exclusive">
    <skipped/>
  </testcase> <!-- @AfterMethod done -->
  <testcase name="@BeforeMethod set" time="0.0" classname="testcases.Test_Exclusive">
    <skipped/>
  </testcase> <!-- @BeforeMethod set -->
  <testcase name="@AfterMethod done" time="0.0" classname="testcases.Test_Exclusive">
    <skipped/>
  </testcase> <!-- @AfterMethod done -->
  <testcase name="@BeforeMethod set" time="0.0" classname="testcases.Test_Exclusive">
    <skipped/>
  </testcase> <!-- @BeforeMethod set -->
  <testcase name="@AfterMethod done" time="0.0" classname="testcases.Test_Exclusive">
    <skipped/>
  </testcase> <!-- @AfterMethod done -->
  <testcase name="@BeforeMethod set" time="0.0" classname="testcases.Test_Exclusive">
    <skipped/>
  </testcase> <!-- @BeforeMethod set -->
  <testcase name="@AfterMethod done" time="0.0" classname="testcases.Test_Exclusive">
    <skipped/>
  </testcase> <!-- @AfterMethod done -->
  <testcase name="@BeforeMethod set" time="0.0" classname="testcases.Test_Exclusive">
    <skipped/>
  </testcase> <!-- @BeforeMethod set -->
  <testcase name="@AfterMethod done" time="0.0" classname="testcases.Test_Exclusive">
    <skipped/>
  </testcase> <!-- @AfterMethod done -->
  <testcase name="@BeforeMethod set" time="0.0" classname="testcases.Test_Exclusive">
    <skipped/>
  </testcase> <!-- @BeforeMethod set -->
  <testcase name="@AfterMethod done" time="0.0" classname="testcases.Test_Exclusive">
    <skipped/>
  </testcase> <!-- @AfterMethod done -->
  <testcase name="@BeforeMethod set" time="0.0" classname="testcases.Test_Exclusive">
    <skipped/>
  </testcase> <!-- @BeforeMethod set -->
  <testcase name="@AfterMethod done" time="0.0" classname="testcases.Test_Exclusive">
    <skipped/>
  </testcase> <!-- @AfterMethod done -->
  <testcase name="@BeforeMethod set" time="0.0" classname="testcases.Test_Exclusive">
    <skipped/>
  </testcase> <!-- @BeforeMethod set -->
  <testcase name="@AfterMethod done" time="0.0" classname="testcases.Test_Exclusive">
    <skipped/>
  </testcase> <!-- @AfterMethod done -->
  <testcase name="@BeforeMethod set" time="0.0" classname="testcases.Test_Register">
    <skipped/>
  </testcase> <!-- @BeforeMethod set -->
  <testcase name="@AfterMethod done" time="0.0" classname="testcases.Test_Register">
    <skipped/>
  </testcase> <!-- @AfterMethod done -->
  <testcase name="@BeforeMethod set" time="0.0" classname="testcases.Test_Register">
    <skipped/>
  </testcase> <!-- @BeforeMethod set -->
  <testcase name="@AfterMethod done" time="0.0" classname="testcases.Test_Register">
    <skipped/>
  </testcase> <!-- @AfterMethod done -->
  <testcase name="@BeforeMethod set" time="0.0" classname="testcases.Test_Register">
    <skipped/>
  </testcase> <!-- @BeforeMethod set -->
  <testcase name="@AfterMethod done" time="0.0" classname="testcases.Test_Register">
    <skipped/>
  </testcase> <!-- @AfterMethod done -->
  <testcase name="@BeforeMethod set" time="0.0" classname="testcases.Test_Register">
    <skipped/>
  </testcase> <!-- @BeforeMethod set -->
  <testcase name="@AfterMethod done" time="0.0" classname="testcases.Test_Register">
    <skipped/>
  </testcase> <!-- @AfterMethod done -->
  <testcase name="@BeforeMethod set" time="0.0" classname="testcases.Test_Register">
    <skipped/>
  </testcase> <!-- @BeforeMethod set -->
  <testcase name="@AfterMethod done" time="0.0" classname="testcases.Test_Register">
    <skipped/>
  </testcase> <!-- @AfterMethod done -->
  <testcase name="@BeforeMethod set" time="0.0" classname="testcases.Test_Register">
    <skipped/>
  </testcase> <!-- @BeforeMethod set -->
  <testcase name="@AfterMethod done" time="0.0" classname="testcases.Test_Register">
    <skipped/>
  </testcase> <!-- @AfterMethod done -->
  <testcase name="@BeforeMethod set" time="0.0" classname="testcases.Test_Register">
    <skipped/>
  </testcase> <!-- @BeforeMethod set -->
  <testcase name="@AfterMethod done" time="0.0" classname="testcases.Test_Register">
    <skipped/>
  </testcase> <!-- @AfterMethod done -->
  <testcase name="@BeforeMethod set" time="0.0" classname="testcases.Test_Register">
    <skipped/>
  </testcase> <!-- @BeforeMethod set -->
  <testcase name="@AfterMethod done" time="0.0" classname="testcases.Test_Register">
    <skipped/>
  </testcase> <!-- @AfterMethod done -->
  <testcase name="@BeforeMethod set" time="0.0" classname="testcases.Test_Register">
    <skipped/>
  </testcase> <!-- @BeforeMethod set -->
  <testcase name="@AfterMethod done" time="0.0" classname="testcases.Test_Register">
    <skipped/>
  </testcase> <!-- @AfterMethod done -->
  <testcase name="@BeforeMethod set" time="0.0" classname="testcases.Test_Register">
    <skipped/>
  </testcase> <!-- @BeforeMethod set -->
  <testcase name="@AfterMethod done" time="0.0" classname="testcases.Test_Register">
    <skipped/>
  </testcase> <!-- @AfterMethod done -->
  <testcase name="@BeforeMethod set" time="0.0" classname="testcases.Test_Register">
    <skipped/>
  </testcase> <!-- @BeforeMethod set -->
  <testcase name="@AfterMethod done" time="0.0" classname="testcases.Test_Register">
    <skipped/>
  </testcase> <!-- @AfterMethod done -->
  <testcase name="@BeforeMethod set" time="0.0" classname="testcases.Test_Register">
    <skipped/>
  </testcase> <!-- @BeforeMethod set -->
  <testcase name="@AfterMethod done" time="0.0" classname="testcases.Test_Register">
    <skipped/>
  </testcase> <!-- @AfterMethod done -->
  <testcase name="@BeforeMethod set" time="0.0" classname="testcases.Test_Homepage">
    <skipped/>
  </testcase> <!-- @BeforeMethod set -->
  <testcase name="@AfterMethod done" time="0.0" classname="testcases.Test_Homepage">
    <skipped/>
  </testcase> <!-- @AfterMethod done -->
  <testcase name="@BeforeMethod set" time="0.0" classname="testcases.Test_Homepage">
    <skipped/>
  </testcase> <!-- @BeforeMethod set -->
  <testcase name="@AfterMethod done" time="0.0" classname="testcases.Test_Homepage">
    <skipped/>
  </testcase> <!-- @AfterMethod done -->
  <testcase name="@BeforeMethod set" time="0.0" classname="testcases.Test_Homepage">
    <skipped/>
  </testcase> <!-- @BeforeMethod set -->
  <testcase name="@AfterMethod done" time="0.0" classname="testcases.Test_Homepage">
    <skipped/>
  </testcase> <!-- @AfterMethod done -->
  <testcase name="@BeforeMethod set" time="0.0" classname="testcases.Test_Homepage">
    <skipped/>
  </testcase> <!-- @BeforeMethod set -->
  <testcase name="@AfterMethod done" time="0.0" classname="testcases.Test_Homepage">
    <skipped/>
  </testcase> <!-- @AfterMethod done -->
  <testcase name="@BeforeMethod set" time="0.0" classname="testcases.Test_Homepage">
    <skipped/>
  </testcase> <!-- @BeforeMethod set -->
  <testcase name="@AfterMethod done" time="0.0" classname="testcases.Test_Homepage">
    <skipped/>
  </testcase> <!-- @AfterMethod done -->
  <testcase name="@BeforeMethod set" time="0.0" classname="testcases.Test_Homepage">
    <skipped/>
  </testcase> <!-- @BeforeMethod set -->
  <testcase name="@AfterMethod done" time="0.0" classname="testcases.Test_Homepage">
    <skipped/>
  </testcase> <!-- @AfterMethod done -->
  <testcase name="@BeforeMethod set" time="0.0" classname="testcases.Test_Homepage">
    <skipped/>
  </testcase> <!-- @BeforeMethod set -->
  <testcase name="@AfterMethod done" time="0.0" classname="testcases.Test_Homepage">
    <skipped/>
  </testcase> <!-- @AfterMethod done -->
  <testcase name="@BeforeMethod set" time="0.0" classname="testcases.Test_Homepage">
    <skipped/>
  </testcase> <!-- @BeforeMethod set -->
  <testcase name="@AfterMethod done" time="0.0" classname="testcases.Test_Homepage">
    <skipped/>
  </testcase> <!-- @AfterMethod done -->
  <testcase name="@BeforeMethod set" time="0.0" classname="testcases.Test_Homepage">
    <skipped/>
  </testcase> <!-- @BeforeMethod set -->
  <testcase name="@AfterMethod done" time="0.0" classname="testcases.Test_Homepage">
    <skipped/>
  </testcase> <!-- @AfterMethod done -->
  <testcase name="@BeforeMethod set" time="0.0" classname="testcases.Test_Homepage">
    <skipped/>
  </testcase> <!-- @BeforeMethod set -->
  <testcase name="@AfterMethod done" time="0.0" classname="testcases.Test_Homepage">
    <skipped/>
  </testcase> <!-- @AfterMethod done -->
  <testcase name="@BeforeMethod set" time="0.0" classname="testcases.Test_Homepage">
    <skipped/>
  </testcase> <!-- @BeforeMethod set -->
  <testcase name="@AfterMethod done" time="0.0" classname="testcases.Test_Homepage">
    <skipped/>
  </testcase> <!-- @AfterMethod done -->
  <testcase name="@BeforeMethod set" time="0.0" classname="testcases.Test_Homepage">
    <skipped/>
  </testcase> <!-- @BeforeMethod set -->
  <testcase name="@AfterMethod done" time="0.0" classname="testcases.Test_Homepage">
    <skipped/>
  </testcase> <!-- @AfterMethod done -->
  <testcase name="@BeforeMethod set" time="0.0" classname="testcases.Test_Homepage">
    <skipped/>
  </testcase> <!-- @BeforeMethod set -->
  <testcase name="@AfterMethod done" time="0.0" classname="testcases.Test_Homepage">
    <skipped/>
  </testcase> <!-- @AfterMethod done -->
  <testcase name="@BeforeMethod set" time="0.0" classname="testcases.Test_Homepage">
    <skipped/>
  </testcase> <!-- @BeforeMethod set -->
  <testcase name="@AfterMethod done" time="0.0" classname="testcases.Test_Homepage">
    <skipped/>
  </testcase> <!-- @AfterMethod done -->
  <testcase name="@BeforeMethod set" time="0.0" classname="testcases.Test_Homepage">
    <skipped/>
  </testcase> <!-- @BeforeMethod set -->
  <testcase name="@AfterMethod done" time="0.0" classname="testcases.Test_Homepage">
    <skipped/>
  </testcase> <!-- @AfterMethod done -->
  <testcase name="@BeforeMethod set" time="0.0" classname="testcases.Test_Homepage">
    <skipped/>
  </testcase> <!-- @BeforeMethod set -->
  <testcase name="@AfterMethod done" time="0.0" classname="testcases.Test_Homepage">
    <skipped/>
  </testcase> <!-- @AfterMethod done -->
  <testcase name="@BeforeMethod set" time="0.0" classname="testcases.Test_Homepage">
    <skipped/>
  </testcase> <!-- @BeforeMethod set -->
  <testcase name="@AfterMethod done" time="0.0" classname="testcases.Test_Homepage">
    <skipped/>
  </testcase> <!-- @AfterMethod done -->
  <testcase name="@BeforeMethod set" time="0.0" classname="testcases.Test_Homepage">
    <skipped/>
  </testcase> <!-- @BeforeMethod set -->
  <testcase name="@AfterMethod done" time="0.0" classname="testcases.Test_Homepage">
    <skipped/>
  </testcase> <!-- @AfterMethod done -->
  <testcase name="@BeforeMethod set" time="0.0" classname="testcases.Test_Homepage">
    <skipped/>
  </testcase> <!-- @BeforeMethod set -->
  <testcase name="@AfterMethod done" time="0.0" classname="testcases.Test_Homepage">
    <skipped/>
  </testcase> <!-- @AfterMethod done -->
  <testcase name="@BeforeMethod set" time="0.0" classname="testcases.Test_List_Menu_Account">
    <skipped/>
  </testcase> <!-- @BeforeMethod set -->
  <testcase name="@AfterMethod done" time="0.0" classname="testcases.Test_List_Menu_Account">
    <skipped/>
  </testcase> <!-- @AfterMethod done -->
  <testcase name="@BeforeMethod set" time="0.0" classname="testcases.Test_List_Menu_Account">
    <skipped/>
  </testcase> <!-- @BeforeMethod set -->
  <testcase name="@AfterMethod done" time="0.0" classname="testcases.Test_List_Menu_Account">
    <skipped/>
  </testcase> <!-- @AfterMethod done -->
  <testcase name="@BeforeMethod set" time="0.0" classname="testcases.Test_List_Menu_Account">
    <skipped/>
  </testcase> <!-- @BeforeMethod set -->
  <testcase name="@AfterMethod done" time="0.0" classname="testcases.Test_List_Menu_Account">
    <skipped/>
  </testcase> <!-- @AfterMethod done -->
  <testcase name="@BeforeMethod set" time="0.0" classname="testcases.Test_List_Menu_Account">
    <skipped/>
  </testcase> <!-- @BeforeMethod set -->
  <testcase name="@AfterMethod done" time="0.0" classname="testcases.Test_List_Menu_Account">
    <skipped/>
  </testcase> <!-- @AfterMethod done -->
  <testcase name="@BeforeMethod set" time="0.0" classname="testcases.Test_List_Menu_Account">
    <skipped/>
  </testcase> <!-- @BeforeMethod set -->
  <testcase name="@AfterMethod done" time="0.0" classname="testcases.Test_List_Menu_Account">
    <skipped/>
  </testcase> <!-- @AfterMethod done -->
  <testcase name="@BeforeMethod set" time="0.0" classname="testcases.Test_List_Menu_Account">
    <skipped/>
  </testcase> <!-- @BeforeMethod set -->
  <testcase name="@AfterMethod done" time="0.0" classname="testcases.Test_List_Menu_Account">
    <skipped/>
  </testcase> <!-- @AfterMethod done -->
  <testcase name="@BeforeMethod set" time="0.0" classname="testcases.Test_List_Menu_Account">
    <skipped/>
  </testcase> <!-- @BeforeMethod set -->
  <testcase name="@AfterMethod done" time="0.0" classname="testcases.Test_List_Menu_Account">
    <skipped/>
  </testcase> <!-- @AfterMethod done -->
  <testcase name="@BeforeMethod set" time="0.0" classname="testcases.Test_List_Menu_Account">
    <skipped/>
  </testcase> <!-- @BeforeMethod set -->
  <testcase name="@AfterMethod done" time="0.0" classname="testcases.Test_List_Menu_Account">
    <skipped/>
  </testcase> <!-- @AfterMethod done -->
  <testcase name="@BeforeMethod set" time="0.0" classname="testcases.Test_List_Menu_Account">
    <skipped/>
  </testcase> <!-- @BeforeMethod set -->
  <testcase name="@AfterMethod done" time="0.0" classname="testcases.Test_List_Menu_Account">
    <skipped/>
  </testcase> <!-- @AfterMethod done -->
  <testcase name="@BeforeMethod set" time="0.0" classname="testcases.Test_List_Menu_Account">
    <skipped/>
  </testcase> <!-- @BeforeMethod set -->
  <testcase name="@AfterMethod done" time="0.0" classname="testcases.Test_List_Menu_Account">
    <skipped/>
  </testcase> <!-- @AfterMethod done -->
  <testcase name="@BeforeMethod set" time="0.0" classname="testcases.Test_Live_Event">
    <skipped/>
  </testcase> <!-- @BeforeMethod set -->
  <testcase name="@AfterMethod done" time="0.0" classname="testcases.Test_Live_Event">
    <skipped/>
  </testcase> <!-- @AfterMethod done -->
  <testcase name="@BeforeMethod set" time="0.0" classname="testcases.Test_Live_Event">
    <skipped/>
  </testcase> <!-- @BeforeMethod set -->
  <testcase name="@AfterMethod done" time="0.0" classname="testcases.Test_Live_Event">
    <skipped/>
  </testcase> <!-- @AfterMethod done -->
  <testcase name="@BeforeMethod set" time="0.0" classname="testcases.Test_Live_Event">
    <skipped/>
  </testcase> <!-- @BeforeMethod set -->
  <testcase name="@AfterMethod done" time="0.0" classname="testcases.Test_Live_Event">
    <skipped/>
  </testcase> <!-- @AfterMethod done -->
  <testcase name="@BeforeMethod set" time="0.0" classname="testcases.Test_Live_Event">
    <skipped/>
  </testcase> <!-- @BeforeMethod set -->
  <testcase name="@AfterMethod done" time="0.0" classname="testcases.Test_Live_Event">
    <skipped/>
  </testcase> <!-- @AfterMethod done -->
  <testcase name="@BeforeMethod set" time="0.0" classname="testcases.Test_Forget_Password">
    <skipped/>
  </testcase> <!-- @BeforeMethod set -->
  <testcase name="@AfterMethod done" time="0.0" classname="testcases.Test_Forget_Password">
    <skipped/>
  </testcase> <!-- @AfterMethod done -->
  <testcase name="@BeforeMethod set" time="0.0" classname="testcases.Test_Forget_Password">
    <skipped/>
  </testcase> <!-- @BeforeMethod set -->
  <testcase name="@AfterMethod done" time="0.0" classname="testcases.Test_Forget_Password">
    <skipped/>
  </testcase> <!-- @AfterMethod done -->
  <testcase name="@BeforeMethod set" time="0.0" classname="testcases.Test_Forget_Password">
    <skipped/>
  </testcase> <!-- @BeforeMethod set -->
  <testcase name="@AfterMethod done" time="0.0" classname="testcases.Test_Forget_Password">
    <skipped/>
  </testcase> <!-- @AfterMethod done -->
  <testcase name="@BeforeMethod set" time="0.0" classname="testcases.Test_Forget_Password">
    <skipped/>
  </testcase> <!-- @BeforeMethod set -->
  <testcase name="@AfterMethod done" time="0.0" classname="testcases.Test_Forget_Password">
    <skipped/>
  </testcase> <!-- @AfterMethod done -->
  <testcase name="@AfterMethod done" time="0.0" classname="testcases.Test_Radio">
    <skipped/>
  </testcase> <!-- @AfterMethod done -->
  <testcase name="@AfterMethod done" time="0.0" classname="testcases.Test_Live_Tv">
    <skipped/>
  </testcase> <!-- @AfterMethod done -->
  <testcase name="@BeforeMethod set" time="0.0" classname="testcases.Test_Live_Tv">
    <skipped/>
  </testcase> <!-- @BeforeMethod set -->
  <testcase name="@AfterMethod done" time="0.0" classname="testcases.Test_Live_Tv">
    <skipped/>
  </testcase> <!-- @AfterMethod done -->
  <testcase name="@BeforeMethod set" time="0.0" classname="testcases.Test_Live_Tv">
    <skipped/>
  </testcase> <!-- @BeforeMethod set -->
  <testcase name="@AfterMethod done" time="0.0" classname="testcases.Test_Live_Tv">
    <skipped/>
  </testcase> <!-- @AfterMethod done -->
  <testcase name="@BeforeMethod set" time="0.0" classname="testcases.Test_Live_Tv">
    <skipped/>
  </testcase> <!-- @BeforeMethod set -->
  <testcase name="@AfterMethod done" time="0.0" classname="testcases.Test_Live_Tv">
    <skipped/>
  </testcase> <!-- @AfterMethod done -->
  <testcase name="@BeforeMethod set" time="0.0" classname="testcases.Test_Live_Tv">
    <skipped/>
  </testcase> <!-- @BeforeMethod set -->
  <testcase name="@AfterMethod done" time="0.0" classname="testcases.Test_Live_Tv">
    <skipped/>
  </testcase> <!-- @AfterMethod done -->
  <testcase name="@BeforeMethod set" time="0.0" classname="testcases.Test_Live_Tv">
    <skipped/>
  </testcase> <!-- @BeforeMethod set -->
  <testcase name="@AfterMethod done" time="0.0" classname="testcases.Test_Live_Tv">
    <skipped/>
  </testcase> <!-- @AfterMethod done -->
  <testcase name="@AfterMethod done" time="0.0" classname="testcases.Test_Continue_Watching">
    <skipped/>
  </testcase> <!-- @AfterMethod done -->
  <testcase name="radio_validate_url" time="16.533" classname="testcases.Test_Radio"/>
  <testcase name="login_alert_popup" time="38.242" classname="testcases.Test_Login"/>
  <testcase name="login_alert_popup" time="0.002" classname="testcases.Test_Login">
    <skipped/>
  </testcase> <!-- login_alert_popup -->
  <testcase name="login_logout" time="0.006" classname="testcases.Test_Login">
    <skipped/>
  </testcase> <!-- login_logout -->
  <testcase name="login_logout" time="0.002" classname="testcases.Test_Login">
    <skipped/>
  </testcase> <!-- login_logout -->
  <testcase name="login_alert_password" time="0.005" classname="testcases.Test_Login">
    <skipped/>
  </testcase> <!-- login_alert_password -->
  <testcase name="login_alert_password" time="0.002" classname="testcases.Test_Login">
    <skipped/>
  </testcase> <!-- login_alert_password -->
  <testcase name="login_alert_username" time="0.003" classname="testcases.Test_Login">
    <skipped/>
  </testcase> <!-- login_alert_username -->
  <testcase name="login_alert_username" time="0.002" classname="testcases.Test_Login">
    <skipped/>
  </testcase> <!-- login_alert_username -->
  <testcase name="login_succes" time="0.003" classname="testcases.Test_Login">
    <skipped/>
  </testcase> <!-- login_succes -->
  <testcase name="login_succes" time="0.001" classname="testcases.Test_Login">
    <skipped/>
  </testcase> <!-- login_succes -->
  <testcase name="login_logout_from_account" time="0.002" classname="testcases.Test_Login">
    <skipped/>
  </testcase> <!-- login_logout_from_account -->
  <testcase name="login_logout_from_account" time="0.002" classname="testcases.Test_Login">
    <skipped/>
  </testcase> <!-- login_logout_from_account -->
  <testcase name="login_logout_from_history" time="0.004" classname="testcases.Test_Login">
    <skipped/>
  </testcase> <!-- login_logout_from_history -->
  <testcase name="login_logout_from_history" time="0.002" classname="testcases.Test_Login">
    <skipped/>
  </testcase> <!-- login_logout_from_history -->
  <testcase name="login_logout_from_mylist" time="0.003" classname="testcases.Test_Login">
    <skipped/>
  </testcase> <!-- login_logout_from_mylist -->
  <testcase name="login_logout_from_mylist" time="0.002" classname="testcases.Test_Login">
    <skipped/>
  </testcase> <!-- login_logout_from_mylist -->
  <testcase name="login_logout_from_Continue_Watching" time="0.001" classname="testcases.Test_Login">
    <skipped/>
  </testcase> <!-- login_logout_from_Continue_Watching -->
  <testcase name="login_logout_from_Continue_Watching" time="0.002" classname="testcases.Test_Login">
    <skipped/>
  </testcase> <!-- login_logout_from_Continue_Watching -->
  <testcase name="news_validate_default_kanal" time="0.001" classname="testcases.Test_News">
    <skipped/>
  </testcase> <!-- news_validate_default_kanal -->
  <testcase name="news_validate_default_kanal" time="0.001" classname="testcases.Test_News">
    <skipped/>
  </testcase> <!-- news_validate_default_kanal -->
  <testcase name="news_validate_default_kanal" time="0.002" classname="testcases.Test_News">
    <skipped/>
  </testcase> <!-- news_validate_default_kanal -->
  <testcase name="news_validate_add_kanal" time="0.002" classname="testcases.Test_News">
    <skipped/>
  </testcase> <!-- news_validate_add_kanal -->
  <testcase name="chat_test_before_login" time="0.003" classname="testcases.Test_Chat">
    <skipped/>
  </testcase> <!-- chat_test_before_login -->
  <testcase name="chat_test_before_login" time="0.002" classname="testcases.Test_Chat">
    <skipped/>
  </testcase> <!-- chat_test_before_login -->
  <testcase name="chat_test_before_login" time="0.002" classname="testcases.Test_Chat">
    <skipped/>
  </testcase> <!-- chat_test_before_login -->
  <testcase name="chat_test_before_login" time="0.001" classname="testcases.Test_Chat">
    <skipped/>
  </testcase> <!-- chat_test_before_login -->
  <testcase name="chat_test_after_login" time="0.001" classname="testcases.Test_Chat">
    <skipped/>
  </testcase> <!-- chat_test_after_login -->
  <testcase name="chat_test_after_login" time="0.001" classname="testcases.Test_Chat">
    <skipped/>
  </testcase> <!-- chat_test_after_login -->
  <testcase name="chat_test_after_login" time="0.002" classname="testcases.Test_Chat">
    <skipped/>
  </testcase> <!-- chat_test_after_login -->
  <testcase name="chat_test_after_login" time="0.001" classname="testcases.Test_Chat">
    <skipped/>
  </testcase> <!-- chat_test_after_login -->
  <testcase name="chat_test_live_event_after_login" time="0.005" classname="testcases.Test_Chat">
    <skipped/>
  </testcase> <!-- chat_test_live_event_after_login -->
  <testcase name="chat_test_live_event_after_login" time="0.002" classname="testcases.Test_Chat">
    <skipped/>
  </testcase> <!-- chat_test_live_event_after_login -->
  <testcase name="chat_test_live_event_after_login" time="0.004" classname="testcases.Test_Chat">
    <skipped/>
  </testcase> <!-- chat_test_live_event_after_login -->
  <testcase name="chat_test_live_event_after_login" time="0.004" classname="testcases.Test_Chat">
    <skipped/>
  </testcase> <!-- chat_test_live_event_after_login -->
  <testcase name="test_chat_live_event__before_login" time="0.002" classname="testcases.Test_Chat">
    <skipped/>
  </testcase> <!-- test_chat_live_event__before_login -->
  <testcase name="test_chat_live_event__before_login" time="0.003" classname="testcases.Test_Chat">
    <skipped/>
  </testcase> <!-- test_chat_live_event__before_login -->
  <testcase name="test_chat_live_event__before_login" time="0.002" classname="testcases.Test_Chat">
    <skipped/>
  </testcase> <!-- test_chat_live_event__before_login -->
  <testcase name="test_chat_live_event__before_login" time="0.002" classname="testcases.Test_Chat">
    <skipped/>
  </testcase> <!-- test_chat_live_event__before_login -->
  <testcase name="edit_profile_success_edit_fullname" time="0.003" classname="testcases.Test_Edit_Profile">
    <skipped/>
  </testcase> <!-- edit_profile_success_edit_fullname -->
  <testcase name="edit_profile_form_field_alert" time="0.002" classname="testcases.Test_Edit_Profile">
    <skipped/>
  </testcase> <!-- edit_profile_form_field_alert -->
  <testcase name="edit_profile_form_field_alert" time="0.003" classname="testcases.Test_Edit_Profile">
    <skipped/>
  </testcase> <!-- edit_profile_form_field_alert -->
  <testcase name="edit_profile_form_field_alert" time="0.001" classname="testcases.Test_Edit_Profile">
    <skipped/>
  </testcase> <!-- edit_profile_form_field_alert -->
  <testcase name="edit_profile_phone_alert" time="0.001" classname="testcases.Test_Edit_Profile">
    <skipped/>
  </testcase> <!-- edit_profile_phone_alert -->
  <testcase name="sticky_ads" time="0.0" classname="testcases.Test_Sticky_Ads_Homepage">
    <skipped/>
  </testcase> <!-- sticky_ads -->
  <testcase name="sticky_ads_Scroll_Buttom" time="0.002" classname="testcases.Test_Sticky_Ads_Homepage">
    <skipped/>
  </testcase> <!-- sticky_ads_Scroll_Buttom -->
  <testcase name="mylist_after_login_library" time="0.001" classname="testcases.Test_Mylist">
    <skipped/>
  </testcase> <!-- mylist_after_login_library -->
  <testcase name="integration_mylist_after_login_library" time="0.001" classname="testcases.Test_Mylist">
    <skipped/>
  </testcase> <!-- integration_mylist_after_login_library -->
  <testcase name="exclusive_validate_thumbnail" time="0.002" classname="testcases.Test_Exclusive">
    <skipped/>
  </testcase> <!-- exclusive_validate_thumbnail -->
  <testcase name="integration_exclusive_validate_thumbnail" time="0.002" classname="testcases.Test_Exclusive">
    <skipped/>
  </testcase> <!-- integration_exclusive_validate_thumbnail -->
  <testcase name="exclusive_validate_list_share" time="0.002" classname="testcases.Test_Exclusive">
    <skipped/>
  </testcase> <!-- exclusive_validate_list_share -->
  <testcase name="exclusive_validate_list_share" time="0.001" classname="testcases.Test_Exclusive">
    <skipped/>
  </testcase> <!-- exclusive_validate_list_share -->
  <testcase name="exclusive_validate_list_share" time="0.002" classname="testcases.Test_Exclusive">
    <skipped/>
  </testcase> <!-- exclusive_validate_list_share -->
  <testcase name="exclusive_validate_list_share" time="0.003" classname="testcases.Test_Exclusive">
    <skipped/>
  </testcase> <!-- exclusive_validate_list_share -->
  <testcase name="exclusive_validate_list_share" time="0.002" classname="testcases.Test_Exclusive">
    <skipped/>
  </testcase> <!-- exclusive_validate_list_share -->
  <testcase name="exclusive_list_tab_menu" time="0.002" classname="testcases.Test_Exclusive">
    <skipped/>
  </testcase> <!-- exclusive_list_tab_menu -->
  <testcase name="exclusive_list_tab_menu" time="0.002" classname="testcases.Test_Exclusive">
    <skipped/>
  </testcase> <!-- exclusive_list_tab_menu -->
  <testcase name="exclusive_list_tab_menu" time="0.002" classname="testcases.Test_Exclusive">
    <skipped/>
  </testcase> <!-- exclusive_list_tab_menu -->
  <testcase name="exclusive_list_tab_menu" time="0.001" classname="testcases.Test_Exclusive">
    <skipped/>
  </testcase> <!-- exclusive_list_tab_menu -->
  <testcase name="exclusive_list_tab_menu" time="0.001" classname="testcases.Test_Exclusive">
    <skipped/>
  </testcase> <!-- exclusive_list_tab_menu -->
  <testcase name="exclusive_list_tab_menu" time="0.001" classname="testcases.Test_Exclusive">
    <skipped/>
  </testcase> <!-- exclusive_list_tab_menu -->
  <testcase name="exclusive_list_tab_menu" time="0.002" classname="testcases.Test_Exclusive">
    <skipped/>
  </testcase> <!-- exclusive_list_tab_menu -->
  <testcase name="exclusive_list_tab_menu_klik" time="0.002" classname="testcases.Test_Exclusive">
    <skipped/>
  </testcase> <!-- exclusive_list_tab_menu_klik -->
  <testcase name="exclusive_list_tab_menu_klik" time="0.002" classname="testcases.Test_Exclusive">
    <skipped/>
  </testcase> <!-- exclusive_list_tab_menu_klik -->
  <testcase name="exclusive_list_tab_menu_klik" time="0.001" classname="testcases.Test_Exclusive">
    <skipped/>
  </testcase> <!-- exclusive_list_tab_menu_klik -->
  <testcase name="exclusive_list_tab_menu_klik" time="0.001" classname="testcases.Test_Exclusive">
    <skipped/>
  </testcase> <!-- exclusive_list_tab_menu_klik -->
  <testcase name="exclusive_list_tab_menu_klik" time="0.001" classname="testcases.Test_Exclusive">
    <skipped/>
  </testcase> <!-- exclusive_list_tab_menu_klik -->
  <testcase name="exclusive_list_tab_menu_klik" time="0.002" classname="testcases.Test_Exclusive">
    <skipped/>
  </testcase> <!-- exclusive_list_tab_menu_klik -->
  <testcase name="exclusive_list_tab_menu_klik" time="0.002" classname="testcases.Test_Exclusive">
    <skipped/>
  </testcase> <!-- exclusive_list_tab_menu_klik -->
  <testcase name="integration_exclusive_list_tab_menu_klik" time="0.001" classname="testcases.Test_Exclusive">
    <skipped/>
  </testcase> <!-- integration_exclusive_list_tab_menu_klik -->
  <testcase name="integration_exclusive_list_tab_menu_klik" time="0.001" classname="testcases.Test_Exclusive">
    <skipped/>
  </testcase> <!-- integration_exclusive_list_tab_menu_klik -->
  <testcase name="integration_exclusive_list_tab_menu_klik" time="0.002" classname="testcases.Test_Exclusive">
    <skipped/>
  </testcase> <!-- integration_exclusive_list_tab_menu_klik -->
  <testcase name="integration_exclusive_list_tab_menu_klik" time="0.001" classname="testcases.Test_Exclusive">
    <skipped/>
  </testcase> <!-- integration_exclusive_list_tab_menu_klik -->
  <testcase name="integration_exclusive_list_tab_menu_klik" time="0.002" classname="testcases.Test_Exclusive">
    <skipped/>
  </testcase> <!-- integration_exclusive_list_tab_menu_klik -->
  <testcase name="integration_exclusive_list_tab_menu_klik" time="0.002" classname="testcases.Test_Exclusive">
    <skipped/>
  </testcase> <!-- integration_exclusive_list_tab_menu_klik -->
  <testcase name="integration_exclusive_list_tab_menu_klik" time="0.003" classname="testcases.Test_Exclusive">
    <skipped/>
  </testcase> <!-- integration_exclusive_list_tab_menu_klik -->
  <testcase name="register_alert_email" time="0.002" classname="testcases.Test_Register">
    <skipped/>
  </testcase> <!-- register_alert_email -->
  <testcase name="register_alert_email" time="0.001" classname="testcases.Test_Register">
    <skipped/>
  </testcase> <!-- register_alert_email -->
  <testcase name="register_page2_validate_fullname" time="0.001" classname="testcases.Test_Register">
    <skipped/>
  </testcase> <!-- register_page2_validate_fullname -->
  <testcase name="register_page2_validate_birthday" time="0.003" classname="testcases.Test_Register">
    <skipped/>
  </testcase> <!-- register_page2_validate_birthday -->
  <testcase name="register_page2_validate_gender_Male" time="0.001" classname="testcases.Test_Register">
    <skipped/>
  </testcase> <!-- register_page2_validate_gender_Male -->
  <testcase name="register_page2_validate_gender_Male" time="0.001" classname="testcases.Test_Register">
    <skipped/>
  </testcase> <!-- register_page2_validate_gender_Male -->
  <testcase name="register_alert_phone" time="0.002" classname="testcases.Test_Register">
    <skipped/>
  </testcase> <!-- register_alert_phone -->
  <testcase name="register_alert_phone" time="0.001" classname="testcases.Test_Register">
    <skipped/>
  </testcase> <!-- register_alert_phone -->
  <testcase name="register_phone_alert_password1" time="0.002" classname="testcases.Test_Register">
    <skipped/>
  </testcase> <!-- register_phone_alert_password1 -->
  <testcase name="register_phone_alert_password2" time="0.001" classname="testcases.Test_Register">
    <skipped/>
  </testcase> <!-- register_phone_alert_password2 -->
  <testcase name="register_email_alert_password1" time="0.001" classname="testcases.Test_Register">
    <skipped/>
  </testcase> <!-- register_email_alert_password1 -->
  <testcase name="register_email_alert_password2" time="0.001" classname="testcases.Test_Register">
    <skipped/>
  </testcase> <!-- register_email_alert_password2 -->
  <testcase name="homepage_search_direct" time="0.002" classname="testcases.Test_Homepage">
    <skipped/>
  </testcase> <!-- homepage_search_direct -->
  <testcase name="homepage_story" time="0.002" classname="testcases.Test_Homepage">
    <skipped/>
  </testcase> <!-- homepage_story -->
  <testcase name="homepage_slider" time="0.002" classname="testcases.Test_Homepage">
    <skipped/>
  </testcase> <!-- homepage_slider -->
  <testcase name="homepage_center_menu" time="0.001" classname="testcases.Test_Homepage">
    <skipped/>
  </testcase> <!-- homepage_center_menu -->
  <testcase name="homepage_center_menu" time="0.002" classname="testcases.Test_Homepage">
    <skipped/>
  </testcase> <!-- homepage_center_menu -->
  <testcase name="homepage_center_menu" time="0.001" classname="testcases.Test_Homepage">
    <skipped/>
  </testcase> <!-- homepage_center_menu -->
  <testcase name="homepage_footer_menu" time="0.001" classname="testcases.Test_Homepage">
    <skipped/>
  </testcase> <!-- homepage_footer_menu -->
  <testcase name="homepage_footer_menu" time="0.01" classname="testcases.Test_Homepage">
    <skipped/>
  </testcase> <!-- homepage_footer_menu -->
  <testcase name="homepage_footer_menu" time="0.002" classname="testcases.Test_Homepage">
    <skipped/>
  </testcase> <!-- homepage_footer_menu -->
  <testcase name="homepage_footer_menu" time="0.001" classname="testcases.Test_Homepage">
    <skipped/>
  </testcase> <!-- homepage_footer_menu -->
  <testcase name="homepage_footer_menu" time="0.003" classname="testcases.Test_Homepage">
    <skipped/>
  </testcase> <!-- homepage_footer_menu -->
  <testcase name="homepage_footer_menu_direct" time="0.002" classname="testcases.Test_Homepage">
    <skipped/>
  </testcase> <!-- homepage_footer_menu_direct -->
  <testcase name="homepage_footer_menu_direct" time="0.001" classname="testcases.Test_Homepage">
    <skipped/>
  </testcase> <!-- homepage_footer_menu_direct -->
  <testcase name="homepage_footer_menu_direct" time="0.001" classname="testcases.Test_Homepage">
    <skipped/>
  </testcase> <!-- homepage_footer_menu_direct -->
  <testcase name="homepage_footer_menu_direct" time="0.001" classname="testcases.Test_Homepage">
    <skipped/>
  </testcase> <!-- homepage_footer_menu_direct -->
  <testcase name="homepage_footer_menu_direct" time="0.001" classname="testcases.Test_Homepage">
    <skipped/>
  </testcase> <!-- homepage_footer_menu_direct -->
  <testcase name="homepage_center_menu_direct" time="0.001" classname="testcases.Test_Homepage">
    <skipped/>
  </testcase> <!-- homepage_center_menu_direct -->
  <testcase name="homepage_center_menu_direct" time="0.0" classname="testcases.Test_Homepage">
    <skipped/>
  </testcase> <!-- homepage_center_menu_direct -->
  <testcase name="homepage_center_menu_direct" time="0.002" classname="testcases.Test_Homepage">
    <skipped/>
  </testcase> <!-- homepage_center_menu_direct -->
  <testcase name="menu_account_not_login_button_login" time="0.001" classname="testcases.Test_List_Menu_Account">
    <skipped/>
  </testcase> <!-- menu_account_not_login_button_login -->
  <testcase name="menu_account_not_login_button_scan_qrcode" time="0.002" classname="testcases.Test_List_Menu_Account">
    <skipped/>
  </testcase> <!-- menu_account_not_login_button_scan_qrcode -->
  <testcase name="menu_account_not_login_popup_login" time="0.001" classname="testcases.Test_List_Menu_Account">
    <skipped/>
  </testcase> <!-- menu_account_not_login_popup_login -->
  <testcase name="menu_account_not_login_popup_login" time="0.001" classname="testcases.Test_List_Menu_Account">
    <skipped/>
  </testcase> <!-- menu_account_not_login_popup_login -->
  <testcase name="menu_account_not_login_popup_login" time="0.02" classname="testcases.Test_List_Menu_Account">
    <skipped/>
  </testcase> <!-- menu_account_not_login_popup_login -->
  <testcase name="menu_account_not_login_button_menu_direct" time="0.001" classname="testcases.Test_List_Menu_Account">
    <skipped/>
  </testcase> <!-- menu_account_not_login_button_menu_direct -->
  <testcase name="menu_account_not_login_button_menu_direct" time="0.001" classname="testcases.Test_List_Menu_Account">
    <skipped/>
  </testcase> <!-- menu_account_not_login_button_menu_direct -->
  <testcase name="menu_account_not_login_button_menu_direct" time="0.002" classname="testcases.Test_List_Menu_Account">
    <skipped/>
  </testcase> <!-- menu_account_not_login_button_menu_direct -->
  <testcase name="menu_account_not_login_button_menu_direct" time="0.002" classname="testcases.Test_List_Menu_Account">
    <skipped/>
  </testcase> <!-- menu_account_not_login_button_menu_direct -->
  <testcase name="menu_account_not_login_button_download" time="0.001" classname="testcases.Test_List_Menu_Account">
    <skipped/>
  </testcase> <!-- menu_account_not_login_button_download -->
  <testcase name="live_event" time="0.001" classname="testcases.Test_Live_Event">
    <skipped/>
  </testcase> <!-- live_event -->
  <testcase name="live_event" time="0.001" classname="testcases.Test_Live_Event">
    <skipped/>
  </testcase> <!-- live_event -->
  <testcase name="live_event_klik_live_event" time="0.001" classname="testcases.Test_Live_Event">
    <skipped/>
  </testcase> <!-- live_event_klik_live_event -->
  <testcase name="live_event_klik_live_event" time="0.0" classname="testcases.Test_Live_Event">
    <skipped/>
  </testcase> <!-- live_event_klik_live_event -->
  <testcase name="forget_password_alert" time="0.002" classname="testcases.Test_Forget_Password">
    <skipped/>
  </testcase> <!-- forget_password_alert -->
  <testcase name="forget_password_alert" time="0.002" classname="testcases.Test_Forget_Password">
    <skipped/>
  </testcase> <!-- forget_password_alert -->
  <testcase name="forget_password_alert" time="0.001" classname="testcases.Test_Forget_Password">
    <skipped/>
  </testcase> <!-- forget_password_alert -->
  <testcase name="forget_password_alert" time="0.001" classname="testcases.Test_Forget_Password">
    <skipped/>
  </testcase> <!-- forget_password_alert -->
  <testcase name="radio_integration" time="77.949" classname="testcases.Test_Radio"/>
  <testcase name="live_tv_list_tab_livetv" time="85.153" classname="testcases.Test_Live_Tv"/>
  <testcase name="live_tv_list_tab_livetv" time="0.001" classname="testcases.Test_Live_Tv">
    <skipped/>
  </testcase> <!-- live_tv_list_tab_livetv -->
  <testcase name="live_tv_list_tab_livetv" time="0.001" classname="testcases.Test_Live_Tv">
    <skipped/>
  </testcase> <!-- live_tv_list_tab_livetv -->
  <testcase name="live_tv_list_tab_livetv" time="0.0" classname="testcases.Test_Live_Tv">
    <skipped/>
  </testcase> <!-- live_tv_list_tab_livetv -->
  <testcase name="live_tv_live_and_cathup" time="0.001" classname="testcases.Test_Live_Tv">
    <skipped/>
  </testcase> <!-- live_tv_live_and_cathup -->
  <testcase name="live_tv_live_and_cathup" time="0.002" classname="testcases.Test_Live_Tv">
    <skipped/>
  </testcase> <!-- live_tv_live_and_cathup -->
  <testcase name="continue_watching_from_exclusive" time="253.014" classname="testcases.Test_Continue_Watching">
    <failure type="java.lang.AssertionError" message="expected [1] but found [4]">
      <![CDATA[java.lang.AssertionError: expected [1] but found [4]
	at object.Button.byClassNotNull(Button.java:182)
	at testcases.Test_Continue_Watching.continue_watching_from_exclusive(Test_Continue_Watching.java:55)
	at java.util.concurrent.ThreadPoolExecutor.runWorker(Unknown Source)
	at java.util.concurrent.ThreadPoolExecutor$Worker.run(Unknown Source)
	at java.lang.Thread.run(Unknown Source)
... Removed 16 stack frames]]>
    </failure>
  </testcase> <!-- continue_watching_from_exclusive -->
</testsuite> <!-- Test -->
