<?xml version="1.0" encoding="UTF-8"?>
<!-- Generated by org.testng.reporters.JUnitXMLReporter -->
<testsuite hostname="MNCTVN05589" name="Test" tests="22" failures="0" timestamp="19 Jun 2020 12:25:48 GMT" time="1155.72" errors="0">
  <testcase name="login_alert_popup" time="26.132" classname="testcases.Test_Login"/>
  <testcase name="login_alert_popup" time="24.636" classname="testcases.Test_Login"/>
  <testcase name="login_logout" time="70.175" classname="testcases.Test_Login"/>
  <testcase name="login_logout" time="69.594" classname="testcases.Test_Login"/>
  <testcase name="menu_account_not_login_button_login" time="29.616" classname="testcases.Test_List_Menu_Account"/>
  <testcase name="menu_account_not_login_button_scan_qrcode" time="8.115" classname="testcases.Test_List_Menu_Account"/>
  <testcase name="menu_account_not_login_popup_login" time="24.147" classname="testcases.Test_List_Menu_Account"/>
  <testcase name="menu_account_not_login_popup_login" time="24.446" classname="testcases.Test_List_Menu_Account"/>
  <testcase name="menu_account_not_login_popup_login" time="25.598" classname="testcases.Test_List_Menu_Account"/>
  <testcase name="menu_account_not_login_button_menu_direct" time="20.326" classname="testcases.Test_List_Menu_Account"/>
  <testcase name="menu_account_not_login_button_menu_direct" time="20.687" classname="testcases.Test_List_Menu_Account"/>
  <testcase name="menu_account_not_login_button_menu_direct" time="20.485" classname="testcases.Test_List_Menu_Account"/>
  <testcase name="menu_account_not_login_button_menu_direct" time="20.479" classname="testcases.Test_List_Menu_Account"/>
  <testcase name="menu_account_not_login_button_download" time="24.007" classname="testcases.Test_List_Menu_Account"/>
  <testcase name="login_logout_from_Continue_Watching" time="87.292" classname="testcases.Test_Integration_Login"/>
  <testcase name="login_logout_from_Continue_Watching" time="86.454" classname="testcases.Test_Integration_Login"/>
  <testcase name="login_logout_from_account" time="81.132" classname="testcases.Test_Integration_Login"/>
  <testcase name="login_logout_from_account" time="82.247" classname="testcases.Test_Integration_Login"/>
  <testcase name="login_logout_from_history" time="86.338" classname="testcases.Test_Integration_Login"/>
  <testcase name="login_logout_from_history" time="86.498" classname="testcases.Test_Integration_Login"/>
  <testcase name="login_logout_from_mylist" time="87.754" classname="testcases.Test_Integration_Login"/>
  <testcase name="login_logout_from_mylist" time="111.113" classname="testcases.Test_Integration_Login"/>
</testsuite> <!-- Test -->
