<?xml version="1.0" encoding="UTF-8"?>
<!-- Generated by org.testng.reporters.JUnitXMLReporter -->
<testsuite hostname="MNCTVN05589" name="Test" tests="85" failures="6" timestamp="26 Jun 2020 09:14:48 GMT" time="3335.319" errors="0">
  <testcase name="mylist_after_login_library" time="90.884" classname="testcases.Test_Mylist">
    <failure type="org.openqa.selenium.NoSuchElementException" message="no such element: Unable to locate element: {&amp;quot;method&amp;quot;:&amp;quot;xpath&amp;quot;,&amp;quot;selector&amp;quot;:&amp;quot;//strong[contains(text(),&amp;apos;Test Movie 2 hoho&amp;apos;)]&amp;quot;}
  (Session info: chrome=83.0.4103.61)
For documentation on this error, please visit: https://www.seleniumhq.org/exceptions/no_such_element.html
Build info: version: &amp;apos;3.141.59&amp;apos;, revision: &amp;apos;e82be7d358&amp;apos;, time: &amp;apos;2018-11-14T08:17:03&amp;apos;
System info: host: &amp;apos;MNCTVN05589&amp;apos;, ip: &amp;apos;10.23.212.104&amp;apos;, os.name: &amp;apos;Windows 10&amp;apos;, os.arch: &amp;apos;amd64&amp;apos;, os.version: &amp;apos;10.0&amp;apos;, java.version: &amp;apos;1.8.0_221&amp;apos;
Driver info: org.openqa.selenium.remote.RemoteWebDriver
Capabilities {acceptInsecureCerts: false, browserName: chrome, browserVersion: 83.0.4103.61, chrome: {chromedriverVersion: 83.0.4103.39 (ccbf011cb2d2b..., userDataDir: /tmp/.com.google.Chrome.CA6sZh}, goog:chromeOptions: {debuggerAddress: localhost:45275}, javascriptEnabled: true, networkConnectionEnabled: false, pageLoadStrategy: normal, platform: LINUX, platformName: LINUX, proxy: Proxy(), setWindowRect: true, strictFileInteractability: false, timeouts: {implicit: 0, pageLoad: 300000, script: 30000}, unhandledPromptBehavior: dismiss and notify, webauthn:virtualAuthenticators: true, webdriver.remote.sessionid: e320b15747244662579350cd0a1...}
Session ID: e320b15747244662579350cd0a1de748
*** Element info: {Using=xpath, value=//strong[contains(text(),&amp;apos;Test Movie 2 hoho&amp;apos;)]}">
      <![CDATA[org.openqa.selenium.NoSuchElementException: no such element: Unable to locate element: {"method":"xpath","selector":"//strong[contains(text(),'Test Movie 2 hoho')]"}
  (Session info: chrome=83.0.4103.61)
For documentation on this error, please visit: https://www.seleniumhq.org/exceptions/no_such_element.html
Build info: version: '3.141.59', revision: 'e82be7d358', time: '2018-11-14T08:17:03'
System info: host: 'MNCTVN05589', ip: '10.23.212.104', os.name: 'Windows 10', os.arch: 'amd64', os.version: '10.0', java.version: '1.8.0_221'
Driver info: org.openqa.selenium.remote.RemoteWebDriver
Capabilities {acceptInsecureCerts: false, browserName: chrome, browserVersion: 83.0.4103.61, chrome: {chromedriverVersion: 83.0.4103.39 (ccbf011cb2d2b..., userDataDir: /tmp/.com.google.Chrome.CA6sZh}, goog:chromeOptions: {debuggerAddress: localhost:45275}, javascriptEnabled: true, networkConnectionEnabled: false, pageLoadStrategy: normal, platform: LINUX, platformName: LINUX, proxy: Proxy(), setWindowRect: true, strictFileInteractability: false, timeouts: {implicit: 0, pageLoad: 300000, script: 30000}, unhandledPromptBehavior: dismiss and notify, webauthn:virtualAuthenticators: true, webdriver.remote.sessionid: e320b15747244662579350cd0a1...}
Session ID: e320b15747244662579350cd0a1de748
*** Element info: {Using=xpath, value=//strong[contains(text(),'Test Movie 2 hoho')]}
	at org.openqa.selenium.remote.http.W3CHttpResponseCodec.createException(W3CHttpResponseCodec.java:187)
	at org.openqa.selenium.remote.http.W3CHttpResponseCodec.decode(W3CHttpResponseCodec.java:122)
	at org.openqa.selenium.remote.http.W3CHttpResponseCodec.decode(W3CHttpResponseCodec.java:49)
	at org.openqa.selenium.remote.HttpCommandExecutor.execute(HttpCommandExecutor.java:158)
	at org.openqa.selenium.remote.RemoteWebDriver.execute(RemoteWebDriver.java:552)
	at org.openqa.selenium.remote.RemoteWebDriver.findElement(RemoteWebDriver.java:323)
	at org.openqa.selenium.remote.RemoteWebDriver.findElementByXPath(RemoteWebDriver.java:428)
	at org.openqa.selenium.By$ByXPath.findElement(By.java:353)
	at org.openqa.selenium.remote.RemoteWebDriver.findElement(RemoteWebDriver.java:315)
	at object.Button.byXpath(Button.java:31)
	at testcases.Test_Mylist.mylist_after_login_library(Test_Mylist.java:55)
... Removed 32 stack frames]]>
    </failure>
  </testcase> <!-- mylist_after_login_library -->
  <testcase name="integration_mylist_after_login_library" time="123.573" classname="testcases.Test_Mylist"/>
  <testcase name="login_alert_password" time="29.73" classname="testcases.Test_Login"/>
  <testcase name="login_alert_password" time="32.914" classname="testcases.Test_Login"/>
  <testcase name="login_alert_username" time="33.019" classname="testcases.Test_Login"/>
  <testcase name="login_alert_username" time="31.834" classname="testcases.Test_Login"/>
  <testcase name="login_alert_popup" time="31.633" classname="testcases.Test_Login"/>
  <testcase name="login_alert_popup" time="29.594" classname="testcases.Test_Login"/>
  <testcase name="login_logout_from_Continue_Watching" time="91.122" classname="testcases.Test_Login"/>
  <testcase name="login_logout_from_Continue_Watching" time="97.748" classname="testcases.Test_Login"/>
  <testcase name="login_logout_from_account" time="98.189" classname="testcases.Test_Login"/>
  <testcase name="login_logout_from_account" time="103.528" classname="testcases.Test_Login"/>
  <testcase name="login_logout_from_history" time="90.541" classname="testcases.Test_Login"/>
  <testcase name="login_logout_from_history" time="92.104" classname="testcases.Test_Login"/>
  <testcase name="login_logout_from_mylist" time="89.289" classname="testcases.Test_Login"/>
  <testcase name="login_logout_from_mylist" time="95.107" classname="testcases.Test_Login"/>
  <testcase name="login_succes" time="39.593" classname="testcases.Test_Login"/>
  <testcase name="login_succes" time="45.241" classname="testcases.Test_Login"/>
  <testcase name="login_logout" time="72.773" classname="testcases.Test_Login"/>
  <testcase name="login_logout" time="78.555" classname="testcases.Test_Login"/>
  <testcase name="exclusive_validate_thumbnail" time="13.409" classname="testcases.Test_Exclusive"/>
  <testcase name="integration_exclusive_validate_thumbnail" time="29.711" classname="testcases.Test_Exclusive"/>
  <testcase name="exclusive_validate_list_share" time="17.476" classname="testcases.Test_Exclusive"/>
  <testcase name="exclusive_validate_list_share" time="20.455" classname="testcases.Test_Exclusive"/>
  <testcase name="exclusive_validate_list_share" time="14.379" classname="testcases.Test_Exclusive"/>
  <testcase name="exclusive_validate_list_share" time="20.55" classname="testcases.Test_Exclusive"/>
  <testcase name="exclusive_validate_list_share" time="19.642" classname="testcases.Test_Exclusive"/>
  <testcase name="exclusive_list_tab_menu" time="7.82" classname="testcases.Test_Exclusive"/>
  <testcase name="exclusive_list_tab_menu" time="14.487" classname="testcases.Test_Exclusive"/>
  <testcase name="exclusive_list_tab_menu" time="9.237" classname="testcases.Test_Exclusive"/>
  <testcase name="exclusive_list_tab_menu" time="7.124" classname="testcases.Test_Exclusive"/>
  <testcase name="exclusive_list_tab_menu" time="3.985" classname="testcases.Test_Exclusive"/>
  <testcase name="exclusive_list_tab_menu" time="4.985" classname="testcases.Test_Exclusive"/>
  <testcase name="exclusive_list_tab_menu" time="5.927" classname="testcases.Test_Exclusive"/>
  <testcase name="exclusive_list_tab_menu_klik" time="25.087" classname="testcases.Test_Exclusive"/>
  <testcase name="exclusive_list_tab_menu_klik" time="18.34" classname="testcases.Test_Exclusive"/>
  <testcase name="exclusive_list_tab_menu_klik" time="31.707" classname="testcases.Test_Exclusive"/>
  <testcase name="exclusive_list_tab_menu_klik" time="7.083" classname="testcases.Test_Exclusive"/>
  <testcase name="exclusive_list_tab_menu_klik" time="14.316" classname="testcases.Test_Exclusive"/>
  <testcase name="exclusive_list_tab_menu_klik" time="10.707" classname="testcases.Test_Exclusive"/>
  <testcase name="exclusive_list_tab_menu_klik" time="14.257" classname="testcases.Test_Exclusive"/>
  <testcase name="integration_exclusive_list_tab_menu_klik" time="17.896" classname="testcases.Test_Exclusive"/>
  <testcase name="integration_exclusive_list_tab_menu_klik" time="22.711" classname="testcases.Test_Exclusive"/>
  <testcase name="integration_exclusive_list_tab_menu_klik" time="19.907" classname="testcases.Test_Exclusive"/>
  <testcase name="integration_exclusive_list_tab_menu_klik" time="13.532" classname="testcases.Test_Exclusive"/>
  <testcase name="integration_exclusive_list_tab_menu_klik" time="18.152" classname="testcases.Test_Exclusive"/>
  <testcase name="integration_exclusive_list_tab_menu_klik" time="13.931" classname="testcases.Test_Exclusive"/>
  <testcase name="integration_exclusive_list_tab_menu_klik" time="13.194" classname="testcases.Test_Exclusive"/>
  <testcase name="radio_validate_url" time="11.615" classname="testcases.Test_Radio"/>
  <testcase name="radio_integration" time="18.657" classname="testcases.Test_Radio"/>
  <testcase name="register_alert_email" time="40.069" classname="testcases.Test_Register">
    <failure type="org.openqa.selenium.StaleElementReferenceException" message="stale element reference: element is not attached to the page document
  (Session info: chrome=83.0.4103.61)
For documentation on this error, please visit: https://www.seleniumhq.org/exceptions/stale_element_reference.html
Build info: version: &amp;apos;3.141.59&amp;apos;, revision: &amp;apos;e82be7d358&amp;apos;, time: &amp;apos;2018-11-14T08:17:03&amp;apos;
System info: host: &amp;apos;MNCTVN05589&amp;apos;, ip: &amp;apos;10.23.212.104&amp;apos;, os.name: &amp;apos;Windows 10&amp;apos;, os.arch: &amp;apos;amd64&amp;apos;, os.version: &amp;apos;10.0&amp;apos;, java.version: &amp;apos;1.8.0_221&amp;apos;
Driver info: org.openqa.selenium.remote.RemoteWebDriver
Capabilities {acceptInsecureCerts: false, browserName: chrome, browserVersion: 83.0.4103.61, chrome: {chromedriverVersion: 83.0.4103.39 (ccbf011cb2d2b..., userDataDir: /tmp/.com.google.Chrome.RJoJ0i}, goog:chromeOptions: {debuggerAddress: localhost:39075}, javascriptEnabled: true, networkConnectionEnabled: false, pageLoadStrategy: normal, platform: LINUX, platformName: LINUX, proxy: Proxy(), setWindowRect: true, strictFileInteractability: false, timeouts: {implicit: 0, pageLoad: 300000, script: 30000}, unhandledPromptBehavior: dismiss and notify, webauthn:virtualAuthenticators: true, webdriver.remote.sessionid: 6ac070227db7284ae6663367f1a...}
Session ID: 6ac070227db7284ae6663367f1aae2da">
      <![CDATA[org.openqa.selenium.StaleElementReferenceException: stale element reference: element is not attached to the page document
  (Session info: chrome=83.0.4103.61)
For documentation on this error, please visit: https://www.seleniumhq.org/exceptions/stale_element_reference.html
Build info: version: '3.141.59', revision: 'e82be7d358', time: '2018-11-14T08:17:03'
System info: host: 'MNCTVN05589', ip: '10.23.212.104', os.name: 'Windows 10', os.arch: 'amd64', os.version: '10.0', java.version: '1.8.0_221'
Driver info: org.openqa.selenium.remote.RemoteWebDriver
Capabilities {acceptInsecureCerts: false, browserName: chrome, browserVersion: 83.0.4103.61, chrome: {chromedriverVersion: 83.0.4103.39 (ccbf011cb2d2b..., userDataDir: /tmp/.com.google.Chrome.RJoJ0i}, goog:chromeOptions: {debuggerAddress: localhost:39075}, javascriptEnabled: true, networkConnectionEnabled: false, pageLoadStrategy: normal, platform: LINUX, platformName: LINUX, proxy: Proxy(), setWindowRect: true, strictFileInteractability: false, timeouts: {implicit: 0, pageLoad: 300000, script: 30000}, unhandledPromptBehavior: dismiss and notify, webauthn:virtualAuthenticators: true, webdriver.remote.sessionid: 6ac070227db7284ae6663367f1a...}
Session ID: 6ac070227db7284ae6663367f1aae2da
	at org.openqa.selenium.remote.http.W3CHttpResponseCodec.createException(W3CHttpResponseCodec.java:187)
	at org.openqa.selenium.remote.http.W3CHttpResponseCodec.decode(W3CHttpResponseCodec.java:122)
	at org.openqa.selenium.remote.http.W3CHttpResponseCodec.decode(W3CHttpResponseCodec.java:49)
	at org.openqa.selenium.remote.HttpCommandExecutor.execute(HttpCommandExecutor.java:158)
	at org.openqa.selenium.remote.RemoteWebDriver.execute(RemoteWebDriver.java:552)
	at org.openqa.selenium.remote.RemoteWebElement.execute(RemoteWebElement.java:285)
	at org.openqa.selenium.remote.RemoteWebElement.getText(RemoteWebElement.java:166)
	at object.Alert.byId(Alert.java:23)
	at testcases.Test_Register.register_alert_email(Test_Register.java:215)
... Removed 32 stack frames]]>
    </failure>
  </testcase> <!-- register_alert_email -->
  <testcase name="register_alert_email" time="35.899" classname="testcases.Test_Register"/>
  <testcase name="register_email_alert_password1" time="38.847" classname="testcases.Test_Register"/>
  <testcase name="register_email_alert_password2" time="36.661" classname="testcases.Test_Register"/>
  <testcase name="register_alert_phone" time="41.7" classname="testcases.Test_Register"/>
  <testcase name="register_alert_phone" time="41.898" classname="testcases.Test_Register"/>
  <testcase name="register_phone_alert_password1" time="42.172" classname="testcases.Test_Register"/>
  <testcase name="register_phone_alert_password2" time="44.95" classname="testcases.Test_Register"/>
  <testcase name="register_page2_validate_birthday" time="55.289" classname="testcases.Test_Register"/>
  <testcase name="register_page2_validate_fullname" time="38.901" classname="testcases.Test_Register"/>
  <testcase name="register_page2_validate_gender_Male" time="44.322" classname="testcases.Test_Register"/>
  <testcase name="register_page2_validate_gender_Male" time="48.967" classname="testcases.Test_Register"/>
  <testcase name="menu_account_not_login_button_login" time="38.499" classname="testcases.Test_List_Menu_Account"/>
  <testcase name="menu_account_not_login_button_scan_qrcode" time="13.613" classname="testcases.Test_List_Menu_Account"/>
  <testcase name="menu_account_not_login_popup_login" time="34.007" classname="testcases.Test_List_Menu_Account"/>
  <testcase name="menu_account_not_login_popup_login" time="36.699" classname="testcases.Test_List_Menu_Account"/>
  <testcase name="menu_account_not_login_popup_login" time="31.424" classname="testcases.Test_List_Menu_Account"/>
  <testcase name="menu_account_not_login_button_menu_direct" time="29.605" classname="testcases.Test_List_Menu_Account"/>
  <testcase name="menu_account_not_login_button_menu_direct" time="27.911" classname="testcases.Test_List_Menu_Account"/>
  <testcase name="menu_account_not_login_button_menu_direct" time="30.545" classname="testcases.Test_List_Menu_Account"/>
  <testcase name="menu_account_not_login_button_menu_direct" time="27.245" classname="testcases.Test_List_Menu_Account"/>
  <testcase name="menu_account_not_login_button_download" time="34.178" classname="testcases.Test_List_Menu_Account"/>
  <testcase name="continue_watching_after_login" time="0.0" classname="testcases.Test_Continue_Watching">
    <skipped/>
  </testcase> <!-- continue_watching_after_login -->
  <testcase name="chat_test_before_login" time="71.854" classname="testcases.Test_Chat"/>
  <testcase name="chat_test_before_login" time="69.064" classname="testcases.Test_Chat"/>
  <testcase name="chat_test_before_login" time="70.076" classname="testcases.Test_Chat"/>
  <testcase name="chat_test_before_login" time="64.416" classname="testcases.Test_Chat"/>
  <testcase name="chat_test_after_login" time="35.783" classname="testcases.Test_Chat">
    <failure type="java.lang.AssertionError" message="expected [true] but found [false]">
      <![CDATA[java.lang.AssertionError: expected [true] but found [false]
	at object.Input.byIdDisplay(Input.java:98)
	at testcases.Test_Chat.chat_test_after_login(Test_Chat.java:76)
... Removed 34 stack frames]]>
    </failure>
  </testcase> <!-- chat_test_after_login -->
  <testcase name="chat_test_after_login" time="43.813" classname="testcases.Test_Chat">
    <failure type="java.lang.AssertionError" message="expected [true] but found [false]">
      <![CDATA[java.lang.AssertionError: expected [true] but found [false]
	at object.Input.byIdDisplay(Input.java:98)
	at testcases.Test_Chat.chat_test_after_login(Test_Chat.java:76)
... Removed 34 stack frames]]>
    </failure>
  </testcase> <!-- chat_test_after_login -->
  <testcase name="chat_test_after_login" time="40.272" classname="testcases.Test_Chat">
    <failure type="java.lang.AssertionError" message="expected [true] but found [false]">
      <![CDATA[java.lang.AssertionError: expected [true] but found [false]
	at object.Input.byIdDisplay(Input.java:98)
	at testcases.Test_Chat.chat_test_after_login(Test_Chat.java:76)
... Removed 34 stack frames]]>
    </failure>
  </testcase> <!-- chat_test_after_login -->
  <testcase name="chat_test_after_login" time="36.096" classname="testcases.Test_Chat">
    <failure type="java.lang.AssertionError" message="expected [true] but found [false]">
      <![CDATA[java.lang.AssertionError: expected [true] but found [false]
	at object.Input.byIdDisplay(Input.java:98)
	at testcases.Test_Chat.chat_test_after_login(Test_Chat.java:76)
... Removed 34 stack frames]]>
    </failure>
  </testcase> <!-- chat_test_after_login -->
  <testcase name="forget_password_alert" time="17.496" classname="testcases.Test_Forget_Password"/>
  <testcase name="forget_password_alert" time="20.827" classname="testcases.Test_Forget_Password"/>
  <testcase name="forget_password_alert" time="19.493" classname="testcases.Test_Forget_Password"/>
  <testcase name="forget_password_alert" time="18.155" classname="testcases.Test_Forget_Password"/>
</testsuite> <!-- Test -->
