<?xml version="1.0" encoding="UTF-8"?>
<testng-results skipped="1" failed="1" total="81" passed="79">
  <reporter-output>
  </reporter-output>
  <suite name="Suite" duration-ms="2652603" started-at="2020-06-26T03:27:16Z" finished-at="2020-06-26T04:11:28Z">
    <groups>
    </groups>
    <test name="Test" duration-ms="2652603" started-at="2020-06-26T03:27:16Z" finished-at="2020-06-26T04:11:28Z">
      <class name="testcases.Test_Forget_Password">
        <test-method status="PASS" signature="set()[pri:0, instance:testcases.Test_Forget_Password@150ab4ed]" name="set" is-config="true" duration-ms="2114" started-at="2020-06-26T11:10:07Z" finished-at="2020-06-26T11:10:09Z">
          <reporter-output>
          </reporter-output>
        </test-method> <!-- set -->
        <test-method status="PASS" signature="forget_password_alert(java.lang.String, java.lang.String)[pri:0, instance:testcases.Test_Forget_Password@150ab4ed]" name="forget_password_alert" duration-ms="18120" started-at="2020-06-26T11:10:09Z" data-provider="forget_password_alert" finished-at="2020-06-26T11:10:27Z">
          <params>
            <param index="0">
              <value>
                <![CDATA[email.com]]>
              </value>
            </param>
            <param index="1">
              <value>
                <![CDATA[Please Try Again Email Is Incorrect]]>
              </value>
            </param>
          </params>
          <reporter-output>
          </reporter-output>
        </test-method> <!-- forget_password_alert -->
        <test-method status="PASS" signature="done(org.testng.ITestResult)[pri:0, instance:testcases.Test_Forget_Password@150ab4ed]" name="done" is-config="true" duration-ms="358" started-at="2020-06-26T11:10:27Z" finished-at="2020-06-26T11:10:28Z">
          <params>
            <param index="0">
              <value>
                <![CDATA[[TestResult name=forget_password_alert status=SUCCESS method=Test_Forget_Password.forget_password_alert(java.lang.String, java.lang.String)[pri:0, instance:testcases.Test_Forget_Password@150ab4ed] output={null}]]]>
              </value>
            </param>
          </params>
          <reporter-output>
          </reporter-output>
        </test-method> <!-- done -->
        <test-method status="PASS" signature="set()[pri:0, instance:testcases.Test_Forget_Password@150ab4ed]" name="set" is-config="true" duration-ms="1129" started-at="2020-06-26T11:10:28Z" finished-at="2020-06-26T11:10:29Z">
          <reporter-output>
          </reporter-output>
        </test-method> <!-- set -->
        <test-method status="PASS" signature="forget_password_alert(java.lang.String, java.lang.String)[pri:0, instance:testcases.Test_Forget_Password@150ab4ed]" name="forget_password_alert" duration-ms="18061" started-at="2020-06-26T11:10:29Z" data-provider="forget_password_alert" finished-at="2020-06-26T11:10:47Z">
          <params>
            <param index="0">
              <value>
                <![CDATA[454546546565646]]>
              </value>
            </param>
            <param index="1">
              <value>
                <![CDATA[Please Try Again Phone Number Is Incorrect]]>
              </value>
            </param>
          </params>
          <reporter-output>
          </reporter-output>
        </test-method> <!-- forget_password_alert -->
        <test-method status="PASS" signature="done(org.testng.ITestResult)[pri:0, instance:testcases.Test_Forget_Password@150ab4ed]" name="done" is-config="true" duration-ms="406" started-at="2020-06-26T11:10:47Z" finished-at="2020-06-26T11:10:47Z">
          <params>
            <param index="0">
              <value>
                <![CDATA[[TestResult name=forget_password_alert status=SUCCESS method=Test_Forget_Password.forget_password_alert(java.lang.String, java.lang.String)[pri:0, instance:testcases.Test_Forget_Password@150ab4ed] output={null}]]]>
              </value>
            </param>
          </params>
          <reporter-output>
          </reporter-output>
        </test-method> <!-- done -->
        <test-method status="PASS" signature="set()[pri:0, instance:testcases.Test_Forget_Password@150ab4ed]" name="set" is-config="true" duration-ms="1141" started-at="2020-06-26T11:10:47Z" finished-at="2020-06-26T11:10:48Z">
          <reporter-output>
          </reporter-output>
        </test-method> <!-- set -->
        <test-method status="PASS" signature="forget_password_alert(java.lang.String, java.lang.String)[pri:0, instance:testcases.Test_Forget_Password@150ab4ed]" name="forget_password_alert" duration-ms="19439" started-at="2020-06-26T11:10:48Z" data-provider="forget_password_alert" finished-at="2020-06-26T11:11:08Z">
          <params>
            <param index="0">
              <value>
                <![CDATA[iustrtqc@gmail.com]]>
              </value>
            </param>
            <param index="1">
              <value>
                <![CDATA[User has not been registered]]>
              </value>
            </param>
          </params>
          <reporter-output>
          </reporter-output>
        </test-method> <!-- forget_password_alert -->
        <test-method status="PASS" signature="done(org.testng.ITestResult)[pri:0, instance:testcases.Test_Forget_Password@150ab4ed]" name="done" is-config="true" duration-ms="363" started-at="2020-06-26T11:11:08Z" finished-at="2020-06-26T11:11:08Z">
          <params>
            <param index="0">
              <value>
                <![CDATA[[TestResult name=forget_password_alert status=SUCCESS method=Test_Forget_Password.forget_password_alert(java.lang.String, java.lang.String)[pri:0, instance:testcases.Test_Forget_Password@150ab4ed] output={null}]]]>
              </value>
            </param>
          </params>
          <reporter-output>
          </reporter-output>
        </test-method> <!-- done -->
        <test-method status="PASS" signature="set()[pri:0, instance:testcases.Test_Forget_Password@150ab4ed]" name="set" is-config="true" duration-ms="698" started-at="2020-06-26T11:11:08Z" finished-at="2020-06-26T11:11:09Z">
          <reporter-output>
          </reporter-output>
        </test-method> <!-- set -->
        <test-method status="PASS" signature="forget_password_alert(java.lang.String, java.lang.String)[pri:0, instance:testcases.Test_Forget_Password@150ab4ed]" name="forget_password_alert" duration-ms="19076" started-at="2020-06-26T11:11:09Z" data-provider="forget_password_alert" finished-at="2020-06-26T11:11:28Z">
          <params>
            <param index="0">
              <value>
                <![CDATA[082222992299]]>
              </value>
            </param>
            <param index="1">
              <value>
                <![CDATA[User has not been registered]]>
              </value>
            </param>
          </params>
          <reporter-output>
          </reporter-output>
        </test-method> <!-- forget_password_alert -->
        <test-method status="PASS" signature="done(org.testng.ITestResult)[pri:0, instance:testcases.Test_Forget_Password@150ab4ed]" name="done" is-config="true" duration-ms="390" started-at="2020-06-26T11:11:28Z" finished-at="2020-06-26T11:11:28Z">
          <params>
            <param index="0">
              <value>
                <![CDATA[[TestResult name=forget_password_alert status=SUCCESS method=Test_Forget_Password.forget_password_alert(java.lang.String, java.lang.String)[pri:0, instance:testcases.Test_Forget_Password@150ab4ed] output={null}]]]>
              </value>
            </param>
          </params>
          <reporter-output>
          </reporter-output>
        </test-method> <!-- done -->
      </class> <!-- testcases.Test_Forget_Password -->
      <class name="testcases.Test_Exclusive">
        <test-method status="PASS" signature="set()[pri:0, instance:testcases.Test_Exclusive@24d4d7c9]" name="set" is-config="true" duration-ms="1273" started-at="2020-06-26T10:49:33Z" finished-at="2020-06-26T10:49:34Z">
          <reporter-output>
          </reporter-output>
        </test-method> <!-- set -->
        <test-method status="PASS" signature="exclusive_validate_thumbnail()[pri:0, instance:testcases.Test_Exclusive@24d4d7c9]" name="exclusive_validate_thumbnail" duration-ms="8576" started-at="2020-06-26T10:49:34Z" finished-at="2020-06-26T10:49:43Z">
          <reporter-output>
          </reporter-output>
        </test-method> <!-- exclusive_validate_thumbnail -->
        <test-method status="PASS" signature="done(org.testng.ITestResult)[pri:0, instance:testcases.Test_Exclusive@24d4d7c9]" name="done" is-config="true" duration-ms="538" started-at="2020-06-26T10:49:43Z" finished-at="2020-06-26T10:49:43Z">
          <params>
            <param index="0">
              <value>
                <![CDATA[[TestResult name=exclusive_validate_thumbnail status=SUCCESS method=Test_Exclusive.exclusive_validate_thumbnail()[pri:0, instance:testcases.Test_Exclusive@24d4d7c9] output={null}]]]>
              </value>
            </param>
          </params>
          <reporter-output>
          </reporter-output>
        </test-method> <!-- done -->
        <test-method status="PASS" signature="set()[pri:0, instance:testcases.Test_Exclusive@24d4d7c9]" name="set" is-config="true" duration-ms="1267" started-at="2020-06-26T10:49:43Z" finished-at="2020-06-26T10:49:45Z">
          <reporter-output>
          </reporter-output>
        </test-method> <!-- set -->
        <test-method status="PASS" signature="integration_exclusive_validate_thumbnail()[pri:1, instance:testcases.Test_Exclusive@24d4d7c9]" name="integration_exclusive_validate_thumbnail" duration-ms="13796" started-at="2020-06-26T10:49:45Z" finished-at="2020-06-26T10:49:59Z">
          <reporter-output>
          </reporter-output>
        </test-method> <!-- integration_exclusive_validate_thumbnail -->
        <test-method status="PASS" signature="done(org.testng.ITestResult)[pri:0, instance:testcases.Test_Exclusive@24d4d7c9]" name="done" is-config="true" duration-ms="518" started-at="2020-06-26T10:49:59Z" finished-at="2020-06-26T10:49:59Z">
          <params>
            <param index="0">
              <value>
                <![CDATA[[TestResult name=integration_exclusive_validate_thumbnail status=SUCCESS method=Test_Exclusive.integration_exclusive_validate_thumbnail()[pri:1, instance:testcases.Test_Exclusive@24d4d7c9] output={null}]]]>
              </value>
            </param>
          </params>
          <reporter-output>
          </reporter-output>
        </test-method> <!-- done -->
        <test-method status="PASS" signature="set()[pri:0, instance:testcases.Test_Exclusive@24d4d7c9]" name="set" is-config="true" duration-ms="1530" started-at="2020-06-26T10:49:59Z" finished-at="2020-06-26T10:50:01Z">
          <reporter-output>
          </reporter-output>
        </test-method> <!-- set -->
        <test-method status="PASS" signature="exclusive_validate_list_share(java.lang.String, java.lang.String)[pri:2, instance:testcases.Test_Exclusive@24d4d7c9]" name="exclusive_validate_list_share" duration-ms="7590" started-at="2020-06-26T10:50:01Z" data-provider="list_share" finished-at="2020-06-26T10:50:08Z">
          <params>
            <param index="0">
              <value>
                <![CDATA[0]]>
              </value>
            </param>
            <param index="1">
              <value>
                <![CDATA[facebook]]>
              </value>
            </param>
          </params>
          <reporter-output>
          </reporter-output>
        </test-method> <!-- exclusive_validate_list_share -->
        <test-method status="PASS" signature="done(org.testng.ITestResult)[pri:0, instance:testcases.Test_Exclusive@24d4d7c9]" name="done" is-config="true" duration-ms="525" started-at="2020-06-26T10:50:08Z" finished-at="2020-06-26T10:50:09Z">
          <params>
            <param index="0">
              <value>
                <![CDATA[[TestResult name=exclusive_validate_list_share status=SUCCESS method=Test_Exclusive.exclusive_validate_list_share(java.lang.String, java.lang.String)[pri:2, instance:testcases.Test_Exclusive@24d4d7c9] output={null}]]]>
              </value>
            </param>
          </params>
          <reporter-output>
          </reporter-output>
        </test-method> <!-- done -->
        <test-method status="PASS" signature="set()[pri:0, instance:testcases.Test_Exclusive@24d4d7c9]" name="set" is-config="true" duration-ms="1355" started-at="2020-06-26T10:50:09Z" finished-at="2020-06-26T10:50:10Z">
          <reporter-output>
          </reporter-output>
        </test-method> <!-- set -->
        <test-method status="PASS" signature="exclusive_validate_list_share(java.lang.String, java.lang.String)[pri:2, instance:testcases.Test_Exclusive@24d4d7c9]" name="exclusive_validate_list_share" duration-ms="7749" started-at="2020-06-26T10:50:10Z" data-provider="list_share" finished-at="2020-06-26T10:50:18Z">
          <params>
            <param index="0">
              <value>
                <![CDATA[1]]>
              </value>
            </param>
            <param index="1">
              <value>
                <![CDATA[twitter]]>
              </value>
            </param>
          </params>
          <reporter-output>
          </reporter-output>
        </test-method> <!-- exclusive_validate_list_share -->
        <test-method status="PASS" signature="done(org.testng.ITestResult)[pri:0, instance:testcases.Test_Exclusive@24d4d7c9]" name="done" is-config="true" duration-ms="601" started-at="2020-06-26T10:50:18Z" finished-at="2020-06-26T10:50:18Z">
          <params>
            <param index="0">
              <value>
                <![CDATA[[TestResult name=exclusive_validate_list_share status=SUCCESS method=Test_Exclusive.exclusive_validate_list_share(java.lang.String, java.lang.String)[pri:2, instance:testcases.Test_Exclusive@24d4d7c9] output={null}]]]>
              </value>
            </param>
          </params>
          <reporter-output>
          </reporter-output>
        </test-method> <!-- done -->
        <test-method status="PASS" signature="set()[pri:0, instance:testcases.Test_Exclusive@24d4d7c9]" name="set" is-config="true" duration-ms="1211" started-at="2020-06-26T10:50:18Z" finished-at="2020-06-26T10:50:20Z">
          <reporter-output>
          </reporter-output>
        </test-method> <!-- set -->
        <test-method status="PASS" signature="exclusive_validate_list_share(java.lang.String, java.lang.String)[pri:2, instance:testcases.Test_Exclusive@24d4d7c9]" name="exclusive_validate_list_share" duration-ms="7978" started-at="2020-06-26T10:50:20Z" data-provider="list_share" finished-at="2020-06-26T10:50:28Z">
          <params>
            <param index="0">
              <value>
                <![CDATA[2]]>
              </value>
            </param>
            <param index="1">
              <value>
                <![CDATA[line]]>
              </value>
            </param>
          </params>
          <reporter-output>
          </reporter-output>
        </test-method> <!-- exclusive_validate_list_share -->
        <test-method status="PASS" signature="done(org.testng.ITestResult)[pri:0, instance:testcases.Test_Exclusive@24d4d7c9]" name="done" is-config="true" duration-ms="536" started-at="2020-06-26T10:50:28Z" finished-at="2020-06-26T10:50:28Z">
          <params>
            <param index="0">
              <value>
                <![CDATA[[TestResult name=exclusive_validate_list_share status=SUCCESS method=Test_Exclusive.exclusive_validate_list_share(java.lang.String, java.lang.String)[pri:2, instance:testcases.Test_Exclusive@24d4d7c9] output={null}]]]>
              </value>
            </param>
          </params>
          <reporter-output>
          </reporter-output>
        </test-method> <!-- done -->
        <test-method status="PASS" signature="set()[pri:0, instance:testcases.Test_Exclusive@24d4d7c9]" name="set" is-config="true" duration-ms="1219" started-at="2020-06-26T10:50:28Z" finished-at="2020-06-26T10:50:29Z">
          <reporter-output>
          </reporter-output>
        </test-method> <!-- set -->
        <test-method status="PASS" signature="exclusive_validate_list_share(java.lang.String, java.lang.String)[pri:2, instance:testcases.Test_Exclusive@24d4d7c9]" name="exclusive_validate_list_share" duration-ms="7433" started-at="2020-06-26T10:50:29Z" data-provider="list_share" finished-at="2020-06-26T10:50:37Z">
          <params>
            <param index="0">
              <value>
                <![CDATA[3]]>
              </value>
            </param>
            <param index="1">
              <value>
                <![CDATA[email]]>
              </value>
            </param>
          </params>
          <reporter-output>
          </reporter-output>
        </test-method> <!-- exclusive_validate_list_share -->
        <test-method status="PASS" signature="done(org.testng.ITestResult)[pri:0, instance:testcases.Test_Exclusive@24d4d7c9]" name="done" is-config="true" duration-ms="550" started-at="2020-06-26T10:50:37Z" finished-at="2020-06-26T10:50:37Z">
          <params>
            <param index="0">
              <value>
                <![CDATA[[TestResult name=exclusive_validate_list_share status=SUCCESS method=Test_Exclusive.exclusive_validate_list_share(java.lang.String, java.lang.String)[pri:2, instance:testcases.Test_Exclusive@24d4d7c9] output={null}]]]>
              </value>
            </param>
          </params>
          <reporter-output>
          </reporter-output>
        </test-method> <!-- done -->
        <test-method status="PASS" signature="set()[pri:0, instance:testcases.Test_Exclusive@24d4d7c9]" name="set" is-config="true" duration-ms="1217" started-at="2020-06-26T10:50:37Z" finished-at="2020-06-26T10:50:39Z">
          <reporter-output>
          </reporter-output>
        </test-method> <!-- set -->
        <test-method status="PASS" signature="exclusive_validate_list_share(java.lang.String, java.lang.String)[pri:2, instance:testcases.Test_Exclusive@24d4d7c9]" name="exclusive_validate_list_share" duration-ms="7267" started-at="2020-06-26T10:50:39Z" data-provider="list_share" finished-at="2020-06-26T10:50:46Z">
          <params>
            <param index="0">
              <value>
                <![CDATA[4]]>
              </value>
            </param>
            <param index="1">
              <value>
                <![CDATA[whatsapp]]>
              </value>
            </param>
          </params>
          <reporter-output>
          </reporter-output>
        </test-method> <!-- exclusive_validate_list_share -->
        <test-method status="PASS" signature="done(org.testng.ITestResult)[pri:0, instance:testcases.Test_Exclusive@24d4d7c9]" name="done" is-config="true" duration-ms="564" started-at="2020-06-26T10:50:46Z" finished-at="2020-06-26T10:50:46Z">
          <params>
            <param index="0">
              <value>
                <![CDATA[[TestResult name=exclusive_validate_list_share status=SUCCESS method=Test_Exclusive.exclusive_validate_list_share(java.lang.String, java.lang.String)[pri:2, instance:testcases.Test_Exclusive@24d4d7c9] output={null}]]]>
              </value>
            </param>
          </params>
          <reporter-output>
          </reporter-output>
        </test-method> <!-- done -->
        <test-method status="PASS" signature="set()[pri:0, instance:testcases.Test_Exclusive@24d4d7c9]" name="set" is-config="true" duration-ms="1306" started-at="2020-06-26T10:50:46Z" finished-at="2020-06-26T10:50:48Z">
          <reporter-output>
          </reporter-output>
        </test-method> <!-- set -->
        <test-method status="PASS" signature="exclusive_list_tab_menu(java.lang.String, java.lang.String)[pri:3, instance:testcases.Test_Exclusive@24d4d7c9]" name="exclusive_list_tab_menu" duration-ms="1860" started-at="2020-06-26T10:50:48Z" data-provider="list_tab_menu_exclusive" finished-at="2020-06-26T10:50:50Z">
          <params>
            <param index="0">
              <value>
                <![CDATA[0]]>
              </value>
            </param>
            <param index="1">
              <value>
                <![CDATA[All]]>
              </value>
            </param>
          </params>
          <reporter-output>
          </reporter-output>
        </test-method> <!-- exclusive_list_tab_menu -->
        <test-method status="PASS" signature="done(org.testng.ITestResult)[pri:0, instance:testcases.Test_Exclusive@24d4d7c9]" name="done" is-config="true" duration-ms="481" started-at="2020-06-26T10:50:50Z" finished-at="2020-06-26T10:50:50Z">
          <params>
            <param index="0">
              <value>
                <![CDATA[[TestResult name=exclusive_list_tab_menu status=SUCCESS method=Test_Exclusive.exclusive_list_tab_menu(java.lang.String, java.lang.String)[pri:3, instance:testcases.Test_Exclusive@24d4d7c9] output={null}]]]>
              </value>
            </param>
          </params>
          <reporter-output>
          </reporter-output>
        </test-method> <!-- done -->
        <test-method status="PASS" signature="set()[pri:0, instance:testcases.Test_Exclusive@24d4d7c9]" name="set" is-config="true" duration-ms="1391" started-at="2020-06-26T10:50:50Z" finished-at="2020-06-26T10:50:51Z">
          <reporter-output>
          </reporter-output>
        </test-method> <!-- set -->
        <test-method status="PASS" signature="exclusive_list_tab_menu(java.lang.String, java.lang.String)[pri:3, instance:testcases.Test_Exclusive@24d4d7c9]" name="exclusive_list_tab_menu" duration-ms="1725" started-at="2020-06-26T10:50:51Z" data-provider="list_tab_menu_exclusive" finished-at="2020-06-26T10:50:53Z">
          <params>
            <param index="0">
              <value>
                <![CDATA[1]]>
              </value>
            </param>
            <param index="1">
              <value>
                <![CDATA[Clip]]>
              </value>
            </param>
          </params>
          <reporter-output>
          </reporter-output>
        </test-method> <!-- exclusive_list_tab_menu -->
        <test-method status="PASS" signature="done(org.testng.ITestResult)[pri:0, instance:testcases.Test_Exclusive@24d4d7c9]" name="done" is-config="true" duration-ms="588" started-at="2020-06-26T10:50:53Z" finished-at="2020-06-26T10:50:54Z">
          <params>
            <param index="0">
              <value>
                <![CDATA[[TestResult name=exclusive_list_tab_menu status=SUCCESS method=Test_Exclusive.exclusive_list_tab_menu(java.lang.String, java.lang.String)[pri:3, instance:testcases.Test_Exclusive@24d4d7c9] output={null}]]]>
              </value>
            </param>
          </params>
          <reporter-output>
          </reporter-output>
        </test-method> <!-- done -->
        <test-method status="PASS" signature="set()[pri:0, instance:testcases.Test_Exclusive@24d4d7c9]" name="set" is-config="true" duration-ms="1364" started-at="2020-06-26T10:50:54Z" finished-at="2020-06-26T10:50:55Z">
          <reporter-output>
          </reporter-output>
        </test-method> <!-- set -->
        <test-method status="PASS" signature="exclusive_list_tab_menu(java.lang.String, java.lang.String)[pri:3, instance:testcases.Test_Exclusive@24d4d7c9]" name="exclusive_list_tab_menu" duration-ms="2149" started-at="2020-06-26T10:50:55Z" data-provider="list_tab_menu_exclusive" finished-at="2020-06-26T10:50:57Z">
          <params>
            <param index="0">
              <value>
                <![CDATA[2]]>
              </value>
            </param>
            <param index="1">
              <value>
                <![CDATA[Photo]]>
              </value>
            </param>
          </params>
          <reporter-output>
          </reporter-output>
        </test-method> <!-- exclusive_list_tab_menu -->
        <test-method status="PASS" signature="done(org.testng.ITestResult)[pri:0, instance:testcases.Test_Exclusive@24d4d7c9]" name="done" is-config="true" duration-ms="1119" started-at="2020-06-26T10:50:57Z" finished-at="2020-06-26T10:50:58Z">
          <params>
            <param index="0">
              <value>
                <![CDATA[[TestResult name=exclusive_list_tab_menu status=SUCCESS method=Test_Exclusive.exclusive_list_tab_menu(java.lang.String, java.lang.String)[pri:3, instance:testcases.Test_Exclusive@24d4d7c9] output={null}]]]>
              </value>
            </param>
          </params>
          <reporter-output>
          </reporter-output>
        </test-method> <!-- done -->
        <test-method status="PASS" signature="set()[pri:0, instance:testcases.Test_Exclusive@24d4d7c9]" name="set" is-config="true" duration-ms="1074" started-at="2020-06-26T10:50:58Z" finished-at="2020-06-26T10:50:59Z">
          <reporter-output>
          </reporter-output>
        </test-method> <!-- set -->
        <test-method status="PASS" signature="exclusive_list_tab_menu(java.lang.String, java.lang.String)[pri:3, instance:testcases.Test_Exclusive@24d4d7c9]" name="exclusive_list_tab_menu" duration-ms="2311" started-at="2020-06-26T10:50:59Z" data-provider="list_tab_menu_exclusive" finished-at="2020-06-26T10:51:02Z">
          <params>
            <param index="0">
              <value>
                <![CDATA[3]]>
              </value>
            </param>
            <param index="1">
              <value>
                <![CDATA[Entertainment]]>
              </value>
            </param>
          </params>
          <reporter-output>
          </reporter-output>
        </test-method> <!-- exclusive_list_tab_menu -->
        <test-method status="PASS" signature="done(org.testng.ITestResult)[pri:0, instance:testcases.Test_Exclusive@24d4d7c9]" name="done" is-config="true" duration-ms="777" started-at="2020-06-26T10:51:02Z" finished-at="2020-06-26T10:51:03Z">
          <params>
            <param index="0">
              <value>
                <![CDATA[[TestResult name=exclusive_list_tab_menu status=SUCCESS method=Test_Exclusive.exclusive_list_tab_menu(java.lang.String, java.lang.String)[pri:3, instance:testcases.Test_Exclusive@24d4d7c9] output={null}]]]>
              </value>
            </param>
          </params>
          <reporter-output>
          </reporter-output>
        </test-method> <!-- done -->
        <test-method status="PASS" signature="set()[pri:0, instance:testcases.Test_Exclusive@24d4d7c9]" name="set" is-config="true" duration-ms="1768" started-at="2020-06-26T10:51:03Z" finished-at="2020-06-26T10:51:04Z">
          <reporter-output>
          </reporter-output>
        </test-method> <!-- set -->
        <test-method status="PASS" signature="exclusive_list_tab_menu(java.lang.String, java.lang.String)[pri:3, instance:testcases.Test_Exclusive@24d4d7c9]" name="exclusive_list_tab_menu" duration-ms="1702" started-at="2020-06-26T10:51:04Z" data-provider="list_tab_menu_exclusive" finished-at="2020-06-26T10:51:06Z">
          <params>
            <param index="0">
              <value>
                <![CDATA[4]]>
              </value>
            </param>
            <param index="1">
              <value>
                <![CDATA[News]]>
              </value>
            </param>
          </params>
          <reporter-output>
          </reporter-output>
        </test-method> <!-- exclusive_list_tab_menu -->
        <test-method status="PASS" signature="done(org.testng.ITestResult)[pri:0, instance:testcases.Test_Exclusive@24d4d7c9]" name="done" is-config="true" duration-ms="1056" started-at="2020-06-26T10:51:06Z" finished-at="2020-06-26T10:51:07Z">
          <params>
            <param index="0">
              <value>
                <![CDATA[[TestResult name=exclusive_list_tab_menu status=SUCCESS method=Test_Exclusive.exclusive_list_tab_menu(java.lang.String, java.lang.String)[pri:3, instance:testcases.Test_Exclusive@24d4d7c9] output={null}]]]>
              </value>
            </param>
          </params>
          <reporter-output>
          </reporter-output>
        </test-method> <!-- done -->
        <test-method status="PASS" signature="set()[pri:0, instance:testcases.Test_Exclusive@24d4d7c9]" name="set" is-config="true" duration-ms="1160" started-at="2020-06-26T10:51:07Z" finished-at="2020-06-26T10:51:08Z">
          <reporter-output>
          </reporter-output>
        </test-method> <!-- set -->
        <test-method status="PASS" signature="exclusive_list_tab_menu(java.lang.String, java.lang.String)[pri:3, instance:testcases.Test_Exclusive@24d4d7c9]" name="exclusive_list_tab_menu" duration-ms="1619" started-at="2020-06-26T10:51:08Z" data-provider="list_tab_menu_exclusive" finished-at="2020-06-26T10:51:10Z">
          <params>
            <param index="0">
              <value>
                <![CDATA[5]]>
              </value>
            </param>
            <param index="1">
              <value>
                <![CDATA[Bloopers]]>
              </value>
            </param>
          </params>
          <reporter-output>
          </reporter-output>
        </test-method> <!-- exclusive_list_tab_menu -->
        <test-method status="PASS" signature="done(org.testng.ITestResult)[pri:0, instance:testcases.Test_Exclusive@24d4d7c9]" name="done" is-config="true" duration-ms="752" started-at="2020-06-26T10:51:10Z" finished-at="2020-06-26T10:51:11Z">
          <params>
            <param index="0">
              <value>
                <![CDATA[[TestResult name=exclusive_list_tab_menu status=SUCCESS method=Test_Exclusive.exclusive_list_tab_menu(java.lang.String, java.lang.String)[pri:3, instance:testcases.Test_Exclusive@24d4d7c9] output={null}]]]>
              </value>
            </param>
          </params>
          <reporter-output>
          </reporter-output>
        </test-method> <!-- done -->
        <test-method status="PASS" signature="set()[pri:0, instance:testcases.Test_Exclusive@24d4d7c9]" name="set" is-config="true" duration-ms="1497" started-at="2020-06-26T10:51:11Z" finished-at="2020-06-26T10:51:12Z">
          <reporter-output>
          </reporter-output>
        </test-method> <!-- set -->
        <test-method status="PASS" signature="exclusive_list_tab_menu(java.lang.String, java.lang.String)[pri:3, instance:testcases.Test_Exclusive@24d4d7c9]" name="exclusive_list_tab_menu" duration-ms="1852" started-at="2020-06-26T10:51:12Z" data-provider="list_tab_menu_exclusive" finished-at="2020-06-26T10:51:14Z">
          <params>
            <param index="0">
              <value>
                <![CDATA[6]]>
              </value>
            </param>
            <param index="1">
              <value>
                <![CDATA[Behind The Scenes]]>
              </value>
            </param>
          </params>
          <reporter-output>
          </reporter-output>
        </test-method> <!-- exclusive_list_tab_menu -->
        <test-method status="PASS" signature="done(org.testng.ITestResult)[pri:0, instance:testcases.Test_Exclusive@24d4d7c9]" name="done" is-config="true" duration-ms="637" started-at="2020-06-26T10:51:14Z" finished-at="2020-06-26T10:51:15Z">
          <params>
            <param index="0">
              <value>
                <![CDATA[[TestResult name=exclusive_list_tab_menu status=SUCCESS method=Test_Exclusive.exclusive_list_tab_menu(java.lang.String, java.lang.String)[pri:3, instance:testcases.Test_Exclusive@24d4d7c9] output={null}]]]>
              </value>
            </param>
          </params>
          <reporter-output>
          </reporter-output>
        </test-method> <!-- done -->
        <test-method status="PASS" signature="set()[pri:0, instance:testcases.Test_Exclusive@24d4d7c9]" name="set" is-config="true" duration-ms="1358" started-at="2020-06-26T10:51:15Z" finished-at="2020-06-26T10:51:16Z">
          <reporter-output>
          </reporter-output>
        </test-method> <!-- set -->
        <test-method status="PASS" signature="exclusive_list_tab_menu_klik(java.lang.String, java.lang.String)[pri:4, instance:testcases.Test_Exclusive@24d4d7c9]" name="exclusive_list_tab_menu_klik" duration-ms="4701" started-at="2020-06-26T10:51:16Z" data-provider="list_tab_menu_exclusive" finished-at="2020-06-26T10:51:21Z">
          <params>
            <param index="0">
              <value>
                <![CDATA[0]]>
              </value>
            </param>
            <param index="1">
              <value>
                <![CDATA[All]]>
              </value>
            </param>
          </params>
          <reporter-output>
          </reporter-output>
        </test-method> <!-- exclusive_list_tab_menu_klik -->
        <test-method status="PASS" signature="done(org.testng.ITestResult)[pri:0, instance:testcases.Test_Exclusive@24d4d7c9]" name="done" is-config="true" duration-ms="1079" started-at="2020-06-26T10:51:21Z" finished-at="2020-06-26T10:51:22Z">
          <params>
            <param index="0">
              <value>
                <![CDATA[[TestResult name=exclusive_list_tab_menu_klik status=SUCCESS method=Test_Exclusive.exclusive_list_tab_menu_klik(java.lang.String, java.lang.String)[pri:4, instance:testcases.Test_Exclusive@24d4d7c9] output={null}]]]>
              </value>
            </param>
          </params>
          <reporter-output>
          </reporter-output>
        </test-method> <!-- done -->
        <test-method status="PASS" signature="set()[pri:0, instance:testcases.Test_Exclusive@24d4d7c9]" name="set" is-config="true" duration-ms="1427" started-at="2020-06-26T10:51:22Z" finished-at="2020-06-26T10:51:23Z">
          <reporter-output>
          </reporter-output>
        </test-method> <!-- set -->
        <test-method status="PASS" signature="exclusive_list_tab_menu_klik(java.lang.String, java.lang.String)[pri:4, instance:testcases.Test_Exclusive@24d4d7c9]" name="exclusive_list_tab_menu_klik" duration-ms="7401" started-at="2020-06-26T10:51:23Z" data-provider="list_tab_menu_exclusive" finished-at="2020-06-26T10:51:31Z">
          <params>
            <param index="0">
              <value>
                <![CDATA[1]]>
              </value>
            </param>
            <param index="1">
              <value>
                <![CDATA[Clip]]>
              </value>
            </param>
          </params>
          <reporter-output>
          </reporter-output>
        </test-method> <!-- exclusive_list_tab_menu_klik -->
        <test-method status="PASS" signature="done(org.testng.ITestResult)[pri:0, instance:testcases.Test_Exclusive@24d4d7c9]" name="done" is-config="true" duration-ms="900" started-at="2020-06-26T10:51:31Z" finished-at="2020-06-26T10:51:32Z">
          <params>
            <param index="0">
              <value>
                <![CDATA[[TestResult name=exclusive_list_tab_menu_klik status=SUCCESS method=Test_Exclusive.exclusive_list_tab_menu_klik(java.lang.String, java.lang.String)[pri:4, instance:testcases.Test_Exclusive@24d4d7c9] output={null}]]]>
              </value>
            </param>
          </params>
          <reporter-output>
          </reporter-output>
        </test-method> <!-- done -->
        <test-method status="PASS" signature="set()[pri:0, instance:testcases.Test_Exclusive@24d4d7c9]" name="set" is-config="true" duration-ms="1312" started-at="2020-06-26T10:51:32Z" finished-at="2020-06-26T10:51:33Z">
          <reporter-output>
          </reporter-output>
        </test-method> <!-- set -->
        <test-method status="PASS" signature="exclusive_list_tab_menu_klik(java.lang.String, java.lang.String)[pri:4, instance:testcases.Test_Exclusive@24d4d7c9]" name="exclusive_list_tab_menu_klik" duration-ms="5140" started-at="2020-06-26T10:51:33Z" data-provider="list_tab_menu_exclusive" finished-at="2020-06-26T10:51:38Z">
          <params>
            <param index="0">
              <value>
                <![CDATA[2]]>
              </value>
            </param>
            <param index="1">
              <value>
                <![CDATA[Photo]]>
              </value>
            </param>
          </params>
          <reporter-output>
          </reporter-output>
        </test-method> <!-- exclusive_list_tab_menu_klik -->
        <test-method status="PASS" signature="done(org.testng.ITestResult)[pri:0, instance:testcases.Test_Exclusive@24d4d7c9]" name="done" is-config="true" duration-ms="436" started-at="2020-06-26T10:51:38Z" finished-at="2020-06-26T10:51:38Z">
          <params>
            <param index="0">
              <value>
                <![CDATA[[TestResult name=exclusive_list_tab_menu_klik status=SUCCESS method=Test_Exclusive.exclusive_list_tab_menu_klik(java.lang.String, java.lang.String)[pri:4, instance:testcases.Test_Exclusive@24d4d7c9] output={null}]]]>
              </value>
            </param>
          </params>
          <reporter-output>
          </reporter-output>
        </test-method> <!-- done -->
        <test-method status="PASS" signature="set()[pri:0, instance:testcases.Test_Exclusive@24d4d7c9]" name="set" is-config="true" duration-ms="1133" started-at="2020-06-26T10:51:38Z" finished-at="2020-06-26T10:51:40Z">
          <reporter-output>
          </reporter-output>
        </test-method> <!-- set -->
        <test-method status="PASS" signature="exclusive_list_tab_menu_klik(java.lang.String, java.lang.String)[pri:4, instance:testcases.Test_Exclusive@24d4d7c9]" name="exclusive_list_tab_menu_klik" duration-ms="5078" started-at="2020-06-26T10:51:40Z" data-provider="list_tab_menu_exclusive" finished-at="2020-06-26T10:51:45Z">
          <params>
            <param index="0">
              <value>
                <![CDATA[3]]>
              </value>
            </param>
            <param index="1">
              <value>
                <![CDATA[Entertainment]]>
              </value>
            </param>
          </params>
          <reporter-output>
          </reporter-output>
        </test-method> <!-- exclusive_list_tab_menu_klik -->
        <test-method status="PASS" signature="done(org.testng.ITestResult)[pri:0, instance:testcases.Test_Exclusive@24d4d7c9]" name="done" is-config="true" duration-ms="423" started-at="2020-06-26T10:51:45Z" finished-at="2020-06-26T10:51:45Z">
          <params>
            <param index="0">
              <value>
                <![CDATA[[TestResult name=exclusive_list_tab_menu_klik status=SUCCESS method=Test_Exclusive.exclusive_list_tab_menu_klik(java.lang.String, java.lang.String)[pri:4, instance:testcases.Test_Exclusive@24d4d7c9] output={null}]]]>
              </value>
            </param>
          </params>
          <reporter-output>
          </reporter-output>
        </test-method> <!-- done -->
        <test-method status="PASS" signature="set()[pri:0, instance:testcases.Test_Exclusive@24d4d7c9]" name="set" is-config="true" duration-ms="1312" started-at="2020-06-26T10:51:45Z" finished-at="2020-06-26T10:51:46Z">
          <reporter-output>
          </reporter-output>
        </test-method> <!-- set -->
        <test-method status="PASS" signature="exclusive_list_tab_menu_klik(java.lang.String, java.lang.String)[pri:4, instance:testcases.Test_Exclusive@24d4d7c9]" name="exclusive_list_tab_menu_klik" duration-ms="5231" started-at="2020-06-26T10:51:46Z" data-provider="list_tab_menu_exclusive" finished-at="2020-06-26T10:51:52Z">
          <params>
            <param index="0">
              <value>
                <![CDATA[4]]>
              </value>
            </param>
            <param index="1">
              <value>
                <![CDATA[News]]>
              </value>
            </param>
          </params>
          <reporter-output>
          </reporter-output>
        </test-method> <!-- exclusive_list_tab_menu_klik -->
        <test-method status="PASS" signature="done(org.testng.ITestResult)[pri:0, instance:testcases.Test_Exclusive@24d4d7c9]" name="done" is-config="true" duration-ms="401" started-at="2020-06-26T10:51:52Z" finished-at="2020-06-26T10:51:52Z">
          <params>
            <param index="0">
              <value>
                <![CDATA[[TestResult name=exclusive_list_tab_menu_klik status=SUCCESS method=Test_Exclusive.exclusive_list_tab_menu_klik(java.lang.String, java.lang.String)[pri:4, instance:testcases.Test_Exclusive@24d4d7c9] output={null}]]]>
              </value>
            </param>
          </params>
          <reporter-output>
          </reporter-output>
        </test-method> <!-- done -->
        <test-method status="PASS" signature="set()[pri:0, instance:testcases.Test_Exclusive@24d4d7c9]" name="set" is-config="true" duration-ms="1586" started-at="2020-06-26T10:51:52Z" finished-at="2020-06-26T10:51:54Z">
          <reporter-output>
          </reporter-output>
        </test-method> <!-- set -->
        <test-method status="PASS" signature="exclusive_list_tab_menu_klik(java.lang.String, java.lang.String)[pri:4, instance:testcases.Test_Exclusive@24d4d7c9]" name="exclusive_list_tab_menu_klik" duration-ms="5293" started-at="2020-06-26T10:51:54Z" data-provider="list_tab_menu_exclusive" finished-at="2020-06-26T10:51:59Z">
          <params>
            <param index="0">
              <value>
                <![CDATA[5]]>
              </value>
            </param>
            <param index="1">
              <value>
                <![CDATA[Bloopers]]>
              </value>
            </param>
          </params>
          <reporter-output>
          </reporter-output>
        </test-method> <!-- exclusive_list_tab_menu_klik -->
        <test-method status="PASS" signature="done(org.testng.ITestResult)[pri:0, instance:testcases.Test_Exclusive@24d4d7c9]" name="done" is-config="true" duration-ms="679" started-at="2020-06-26T10:51:59Z" finished-at="2020-06-26T10:52:00Z">
          <params>
            <param index="0">
              <value>
                <![CDATA[[TestResult name=exclusive_list_tab_menu_klik status=SUCCESS method=Test_Exclusive.exclusive_list_tab_menu_klik(java.lang.String, java.lang.String)[pri:4, instance:testcases.Test_Exclusive@24d4d7c9] output={null}]]]>
              </value>
            </param>
          </params>
          <reporter-output>
          </reporter-output>
        </test-method> <!-- done -->
        <test-method status="PASS" signature="set()[pri:0, instance:testcases.Test_Exclusive@24d4d7c9]" name="set" is-config="true" duration-ms="1383" started-at="2020-06-26T10:52:00Z" finished-at="2020-06-26T10:52:01Z">
          <reporter-output>
          </reporter-output>
        </test-method> <!-- set -->
        <test-method status="PASS" signature="exclusive_list_tab_menu_klik(java.lang.String, java.lang.String)[pri:4, instance:testcases.Test_Exclusive@24d4d7c9]" name="exclusive_list_tab_menu_klik" duration-ms="4655" started-at="2020-06-26T10:52:01Z" data-provider="list_tab_menu_exclusive" finished-at="2020-06-26T10:52:06Z">
          <params>
            <param index="0">
              <value>
                <![CDATA[6]]>
              </value>
            </param>
            <param index="1">
              <value>
                <![CDATA[Behind The Scenes]]>
              </value>
            </param>
          </params>
          <reporter-output>
          </reporter-output>
        </test-method> <!-- exclusive_list_tab_menu_klik -->
        <test-method status="PASS" signature="done(org.testng.ITestResult)[pri:0, instance:testcases.Test_Exclusive@24d4d7c9]" name="done" is-config="true" duration-ms="711" started-at="2020-06-26T10:52:06Z" finished-at="2020-06-26T10:52:06Z">
          <params>
            <param index="0">
              <value>
                <![CDATA[[TestResult name=exclusive_list_tab_menu_klik status=SUCCESS method=Test_Exclusive.exclusive_list_tab_menu_klik(java.lang.String, java.lang.String)[pri:4, instance:testcases.Test_Exclusive@24d4d7c9] output={null}]]]>
              </value>
            </param>
          </params>
          <reporter-output>
          </reporter-output>
        </test-method> <!-- done -->
        <test-method status="PASS" signature="set()[pri:0, instance:testcases.Test_Exclusive@24d4d7c9]" name="set" is-config="true" duration-ms="1343" started-at="2020-06-26T10:52:06Z" finished-at="2020-06-26T10:52:08Z">
          <reporter-output>
          </reporter-output>
        </test-method> <!-- set -->
        <test-method status="PASS" signature="integration_exclusive_list_tab_menu_klik(java.lang.String, java.lang.String)[pri:5, instance:testcases.Test_Exclusive@24d4d7c9]" name="integration_exclusive_list_tab_menu_klik" duration-ms="11568" started-at="2020-06-26T10:52:08Z" data-provider="list_tab_menu_exclusive" finished-at="2020-06-26T10:52:19Z">
          <params>
            <param index="0">
              <value>
                <![CDATA[0]]>
              </value>
            </param>
            <param index="1">
              <value>
                <![CDATA[All]]>
              </value>
            </param>
          </params>
          <reporter-output>
          </reporter-output>
        </test-method> <!-- integration_exclusive_list_tab_menu_klik -->
        <test-method status="PASS" signature="done(org.testng.ITestResult)[pri:0, instance:testcases.Test_Exclusive@24d4d7c9]" name="done" is-config="true" duration-ms="512" started-at="2020-06-26T10:52:19Z" finished-at="2020-06-26T10:52:20Z">
          <params>
            <param index="0">
              <value>
                <![CDATA[[TestResult name=integration_exclusive_list_tab_menu_klik status=SUCCESS method=Test_Exclusive.integration_exclusive_list_tab_menu_klik(java.lang.String, java.lang.String)[pri:5, instance:testcases.Test_Exclusive@24d4d7c9] output={null}]]]>
              </value>
            </param>
          </params>
          <reporter-output>
          </reporter-output>
        </test-method> <!-- done -->
        <test-method status="PASS" signature="set()[pri:0, instance:testcases.Test_Exclusive@24d4d7c9]" name="set" is-config="true" duration-ms="1252" started-at="2020-06-26T10:52:20Z" finished-at="2020-06-26T10:52:21Z">
          <reporter-output>
          </reporter-output>
        </test-method> <!-- set -->
        <test-method status="PASS" signature="integration_exclusive_list_tab_menu_klik(java.lang.String, java.lang.String)[pri:5, instance:testcases.Test_Exclusive@24d4d7c9]" name="integration_exclusive_list_tab_menu_klik" duration-ms="11033" started-at="2020-06-26T10:52:21Z" data-provider="list_tab_menu_exclusive" finished-at="2020-06-26T10:52:32Z">
          <params>
            <param index="0">
              <value>
                <![CDATA[1]]>
              </value>
            </param>
            <param index="1">
              <value>
                <![CDATA[Clip]]>
              </value>
            </param>
          </params>
          <reporter-output>
          </reporter-output>
        </test-method> <!-- integration_exclusive_list_tab_menu_klik -->
        <test-method status="PASS" signature="done(org.testng.ITestResult)[pri:0, instance:testcases.Test_Exclusive@24d4d7c9]" name="done" is-config="true" duration-ms="883" started-at="2020-06-26T10:52:32Z" finished-at="2020-06-26T10:52:33Z">
          <params>
            <param index="0">
              <value>
                <![CDATA[[TestResult name=integration_exclusive_list_tab_menu_klik status=SUCCESS method=Test_Exclusive.integration_exclusive_list_tab_menu_klik(java.lang.String, java.lang.String)[pri:5, instance:testcases.Test_Exclusive@24d4d7c9] output={null}]]]>
              </value>
            </param>
          </params>
          <reporter-output>
          </reporter-output>
        </test-method> <!-- done -->
        <test-method status="PASS" signature="set()[pri:0, instance:testcases.Test_Exclusive@24d4d7c9]" name="set" is-config="true" duration-ms="1270" started-at="2020-06-26T10:52:33Z" finished-at="2020-06-26T10:52:34Z">
          <reporter-output>
          </reporter-output>
        </test-method> <!-- set -->
        <test-method status="PASS" signature="integration_exclusive_list_tab_menu_klik(java.lang.String, java.lang.String)[pri:5, instance:testcases.Test_Exclusive@24d4d7c9]" name="integration_exclusive_list_tab_menu_klik" duration-ms="11120" started-at="2020-06-26T10:52:34Z" data-provider="list_tab_menu_exclusive" finished-at="2020-06-26T10:52:45Z">
          <params>
            <param index="0">
              <value>
                <![CDATA[2]]>
              </value>
            </param>
            <param index="1">
              <value>
                <![CDATA[Photo]]>
              </value>
            </param>
          </params>
          <reporter-output>
          </reporter-output>
        </test-method> <!-- integration_exclusive_list_tab_menu_klik -->
        <test-method status="PASS" signature="done(org.testng.ITestResult)[pri:0, instance:testcases.Test_Exclusive@24d4d7c9]" name="done" is-config="true" duration-ms="414" started-at="2020-06-26T10:52:45Z" finished-at="2020-06-26T10:52:46Z">
          <params>
            <param index="0">
              <value>
                <![CDATA[[TestResult name=integration_exclusive_list_tab_menu_klik status=SUCCESS method=Test_Exclusive.integration_exclusive_list_tab_menu_klik(java.lang.String, java.lang.String)[pri:5, instance:testcases.Test_Exclusive@24d4d7c9] output={null}]]]>
              </value>
            </param>
          </params>
          <reporter-output>
          </reporter-output>
        </test-method> <!-- done -->
        <test-method status="PASS" signature="set()[pri:0, instance:testcases.Test_Exclusive@24d4d7c9]" name="set" is-config="true" duration-ms="2634" started-at="2020-06-26T10:52:46Z" finished-at="2020-06-26T10:52:48Z">
          <reporter-output>
          </reporter-output>
        </test-method> <!-- set -->
        <test-method status="PASS" signature="integration_exclusive_list_tab_menu_klik(java.lang.String, java.lang.String)[pri:5, instance:testcases.Test_Exclusive@24d4d7c9]" name="integration_exclusive_list_tab_menu_klik" duration-ms="10823" started-at="2020-06-26T10:52:48Z" data-provider="list_tab_menu_exclusive" finished-at="2020-06-26T10:52:59Z">
          <params>
            <param index="0">
              <value>
                <![CDATA[3]]>
              </value>
            </param>
            <param index="1">
              <value>
                <![CDATA[Entertainment]]>
              </value>
            </param>
          </params>
          <reporter-output>
          </reporter-output>
        </test-method> <!-- integration_exclusive_list_tab_menu_klik -->
        <test-method status="PASS" signature="done(org.testng.ITestResult)[pri:0, instance:testcases.Test_Exclusive@24d4d7c9]" name="done" is-config="true" duration-ms="402" started-at="2020-06-26T10:52:59Z" finished-at="2020-06-26T10:53:00Z">
          <params>
            <param index="0">
              <value>
                <![CDATA[[TestResult name=integration_exclusive_list_tab_menu_klik status=SUCCESS method=Test_Exclusive.integration_exclusive_list_tab_menu_klik(java.lang.String, java.lang.String)[pri:5, instance:testcases.Test_Exclusive@24d4d7c9] output={null}]]]>
              </value>
            </param>
          </params>
          <reporter-output>
          </reporter-output>
        </test-method> <!-- done -->
        <test-method status="PASS" signature="set()[pri:0, instance:testcases.Test_Exclusive@24d4d7c9]" name="set" is-config="true" duration-ms="1264" started-at="2020-06-26T10:53:00Z" finished-at="2020-06-26T10:53:01Z">
          <reporter-output>
          </reporter-output>
        </test-method> <!-- set -->
        <test-method status="PASS" signature="integration_exclusive_list_tab_menu_klik(java.lang.String, java.lang.String)[pri:5, instance:testcases.Test_Exclusive@24d4d7c9]" name="integration_exclusive_list_tab_menu_klik" duration-ms="11370" started-at="2020-06-26T10:53:01Z" data-provider="list_tab_menu_exclusive" finished-at="2020-06-26T10:53:12Z">
          <params>
            <param index="0">
              <value>
                <![CDATA[4]]>
              </value>
            </param>
            <param index="1">
              <value>
                <![CDATA[News]]>
              </value>
            </param>
          </params>
          <reporter-output>
          </reporter-output>
        </test-method> <!-- integration_exclusive_list_tab_menu_klik -->
        <test-method status="PASS" signature="done(org.testng.ITestResult)[pri:0, instance:testcases.Test_Exclusive@24d4d7c9]" name="done" is-config="true" duration-ms="397" started-at="2020-06-26T10:53:12Z" finished-at="2020-06-26T10:53:13Z">
          <params>
            <param index="0">
              <value>
                <![CDATA[[TestResult name=integration_exclusive_list_tab_menu_klik status=SUCCESS method=Test_Exclusive.integration_exclusive_list_tab_menu_klik(java.lang.String, java.lang.String)[pri:5, instance:testcases.Test_Exclusive@24d4d7c9] output={null}]]]>
              </value>
            </param>
          </params>
          <reporter-output>
          </reporter-output>
        </test-method> <!-- done -->
        <test-method status="PASS" signature="set()[pri:0, instance:testcases.Test_Exclusive@24d4d7c9]" name="set" is-config="true" duration-ms="1154" started-at="2020-06-26T10:53:13Z" finished-at="2020-06-26T10:53:14Z">
          <reporter-output>
          </reporter-output>
        </test-method> <!-- set -->
        <test-method status="PASS" signature="integration_exclusive_list_tab_menu_klik(java.lang.String, java.lang.String)[pri:5, instance:testcases.Test_Exclusive@24d4d7c9]" name="integration_exclusive_list_tab_menu_klik" duration-ms="11082" started-at="2020-06-26T10:53:14Z" data-provider="list_tab_menu_exclusive" finished-at="2020-06-26T10:53:25Z">
          <params>
            <param index="0">
              <value>
                <![CDATA[5]]>
              </value>
            </param>
            <param index="1">
              <value>
                <![CDATA[Bloopers]]>
              </value>
            </param>
          </params>
          <reporter-output>
          </reporter-output>
        </test-method> <!-- integration_exclusive_list_tab_menu_klik -->
        <test-method status="PASS" signature="done(org.testng.ITestResult)[pri:0, instance:testcases.Test_Exclusive@24d4d7c9]" name="done" is-config="true" duration-ms="422" started-at="2020-06-26T10:53:25Z" finished-at="2020-06-26T10:53:25Z">
          <params>
            <param index="0">
              <value>
                <![CDATA[[TestResult name=integration_exclusive_list_tab_menu_klik status=SUCCESS method=Test_Exclusive.integration_exclusive_list_tab_menu_klik(java.lang.String, java.lang.String)[pri:5, instance:testcases.Test_Exclusive@24d4d7c9] output={null}]]]>
              </value>
            </param>
          </params>
          <reporter-output>
          </reporter-output>
        </test-method> <!-- done -->
        <test-method status="PASS" signature="set()[pri:0, instance:testcases.Test_Exclusive@24d4d7c9]" name="set" is-config="true" duration-ms="1197" started-at="2020-06-26T10:53:25Z" finished-at="2020-06-26T10:53:27Z">
          <reporter-output>
          </reporter-output>
        </test-method> <!-- set -->
        <test-method status="PASS" signature="integration_exclusive_list_tab_menu_klik(java.lang.String, java.lang.String)[pri:5, instance:testcases.Test_Exclusive@24d4d7c9]" name="integration_exclusive_list_tab_menu_klik" duration-ms="10565" started-at="2020-06-26T10:53:27Z" data-provider="list_tab_menu_exclusive" finished-at="2020-06-26T10:53:37Z">
          <params>
            <param index="0">
              <value>
                <![CDATA[6]]>
              </value>
            </param>
            <param index="1">
              <value>
                <![CDATA[Behind The Scenes]]>
              </value>
            </param>
          </params>
          <reporter-output>
          </reporter-output>
        </test-method> <!-- integration_exclusive_list_tab_menu_klik -->
        <test-method status="PASS" signature="done(org.testng.ITestResult)[pri:0, instance:testcases.Test_Exclusive@24d4d7c9]" name="done" is-config="true" duration-ms="744" started-at="2020-06-26T10:53:37Z" finished-at="2020-06-26T10:53:38Z">
          <params>
            <param index="0">
              <value>
                <![CDATA[[TestResult name=integration_exclusive_list_tab_menu_klik status=SUCCESS method=Test_Exclusive.integration_exclusive_list_tab_menu_klik(java.lang.String, java.lang.String)[pri:5, instance:testcases.Test_Exclusive@24d4d7c9] output={null}]]]>
              </value>
            </param>
          </params>
          <reporter-output>
          </reporter-output>
        </test-method> <!-- done -->
      </class> <!-- testcases.Test_Exclusive -->
      <class name="testcases.Test_Register">
        <test-method status="PASS" signature="set()[pri:0, instance:testcases.Test_Register@4c37b5b]" name="set" is-config="true" duration-ms="1231" started-at="2020-06-26T10:54:00Z" finished-at="2020-06-26T10:54:01Z">
          <reporter-output>
          </reporter-output>
        </test-method> <!-- set -->
        <test-method status="PASS" signature="register_alert_email(java.lang.String, java.lang.String, java.lang.String, java.lang.String)[pri:0, instance:testcases.Test_Register@4c37b5b]" name="register_alert_email" duration-ms="33809" started-at="2020-06-26T10:54:01Z" data-provider="register_email_alert" finished-at="2020-06-26T10:54:35Z">
          <params>
            <param index="0">
              <value>
                <![CDATA[dikakoko04@gmail.com]]>
              </value>
            </param>
            <param index="1">
              <value>
                <![CDATA[password]]>
              </value>
            </param>
            <param index="2">
              <value>
                <![CDATA[password]]>
              </value>
            </param>
            <param index="3">
              <value>
                <![CDATA[please try again, email has been taken]]>
              </value>
            </param>
          </params>
          <reporter-output>
          </reporter-output>
        </test-method> <!-- register_alert_email -->
        <test-method status="PASS" signature="done(org.testng.ITestResult)[pri:0, instance:testcases.Test_Register@4c37b5b]" name="done" is-config="true" duration-ms="373" started-at="2020-06-26T10:54:35Z" finished-at="2020-06-26T10:54:36Z">
          <params>
            <param index="0">
              <value>
                <![CDATA[[TestResult name=register_alert_email status=SUCCESS method=Test_Register.register_alert_email(java.lang.String, java.lang.String, java.lang.String, java.lang.String)[pri:0, instance:testcases.Test_Register@4c37b5b] output={null}]]]>
              </value>
            </param>
          </params>
          <reporter-output>
          </reporter-output>
        </test-method> <!-- done -->
        <test-method status="PASS" signature="set()[pri:0, instance:testcases.Test_Register@4c37b5b]" name="set" is-config="true" duration-ms="1071" started-at="2020-06-26T10:54:36Z" finished-at="2020-06-26T10:54:37Z">
          <reporter-output>
          </reporter-output>
        </test-method> <!-- set -->
        <test-method status="PASS" signature="register_alert_email(java.lang.String, java.lang.String, java.lang.String, java.lang.String)[pri:0, instance:testcases.Test_Register@4c37b5b]" name="register_alert_email" duration-ms="34539" started-at="2020-06-26T10:54:37Z" data-provider="register_email_alert" finished-at="2020-06-26T10:55:11Z">
          <params>
            <param index="0">
              <value>
                <![CDATA[rtgsfad.com]]>
              </value>
            </param>
            <param index="1">
              <value>
                <![CDATA[password]]>
              </value>
            </param>
            <param index="2">
              <value>
                <![CDATA[password]]>
              </value>
            </param>
            <param index="3">
              <value>
                <![CDATA[Please Try Again Email Is Incorrect]]>
              </value>
            </param>
          </params>
          <reporter-output>
          </reporter-output>
        </test-method> <!-- register_alert_email -->
        <test-method status="PASS" signature="done(org.testng.ITestResult)[pri:0, instance:testcases.Test_Register@4c37b5b]" name="done" is-config="true" duration-ms="452" started-at="2020-06-26T10:55:11Z" finished-at="2020-06-26T10:55:12Z">
          <params>
            <param index="0">
              <value>
                <![CDATA[[TestResult name=register_alert_email status=SUCCESS method=Test_Register.register_alert_email(java.lang.String, java.lang.String, java.lang.String, java.lang.String)[pri:0, instance:testcases.Test_Register@4c37b5b] output={null}]]]>
              </value>
            </param>
          </params>
          <reporter-output>
          </reporter-output>
        </test-method> <!-- done -->
        <test-method status="PASS" signature="set()[pri:0, instance:testcases.Test_Register@4c37b5b]" name="set" is-config="true" duration-ms="1644" started-at="2020-06-26T10:55:12Z" finished-at="2020-06-26T10:55:13Z">
          <reporter-output>
          </reporter-output>
        </test-method> <!-- set -->
        <test-method status="PASS" signature="register_email_alert_password1(java.lang.String, java.lang.String, java.lang.String, java.lang.String)[pri:0, instance:testcases.Test_Register@4c37b5b]" name="register_email_alert_password1" duration-ms="34796" started-at="2020-06-26T10:55:13Z" data-provider="register_password1_alert_email" finished-at="2020-06-26T10:55:48Z">
          <params>
            <param index="0">
              <value>
                <![CDATA[nteamqcdfard@gmail.com]]>
              </value>
            </param>
            <param index="1">
              <value>
                <![CDATA[kurang]]>
              </value>
            </param>
            <param index="2">
              <value>
                <![CDATA[kurang]]>
              </value>
            </param>
            <param index="3">
              <value>
                <![CDATA[Password must at least 8 characters]]>
              </value>
            </param>
          </params>
          <reporter-output>
          </reporter-output>
        </test-method> <!-- register_email_alert_password1 -->
        <test-method status="PASS" signature="done(org.testng.ITestResult)[pri:0, instance:testcases.Test_Register@4c37b5b]" name="done" is-config="true" duration-ms="361" started-at="2020-06-26T10:55:48Z" finished-at="2020-06-26T10:55:49Z">
          <params>
            <param index="0">
              <value>
                <![CDATA[[TestResult name=register_email_alert_password1 status=SUCCESS method=Test_Register.register_email_alert_password1(java.lang.String, java.lang.String, java.lang.String, java.lang.String)[pri:0, instance:testcases.Test_Register@4c37b5b] output={null}]]]>
              </value>
            </param>
          </params>
          <reporter-output>
          </reporter-output>
        </test-method> <!-- done -->
        <test-method status="PASS" signature="set()[pri:0, instance:testcases.Test_Register@4c37b5b]" name="set" is-config="true" duration-ms="1209" started-at="2020-06-26T10:55:49Z" finished-at="2020-06-26T10:55:50Z">
          <reporter-output>
          </reporter-output>
        </test-method> <!-- set -->
        <test-method status="PASS" signature="register_email_alert_password2(java.lang.String, java.lang.String, java.lang.String, java.lang.String)[pri:0, instance:testcases.Test_Register@4c37b5b]" name="register_email_alert_password2" duration-ms="34362" started-at="2020-06-26T10:55:50Z" data-provider="register_password2_alert_email" finished-at="2020-06-26T10:56:24Z">
          <params>
            <param index="0">
              <value>
                <![CDATA[nteamqcdfard@gmail.com]]>
              </value>
            </param>
            <param index="1">
              <value>
                <![CDATA[password]]>
              </value>
            </param>
            <param index="2">
              <value>
                <![CDATA[passwordBeda]]>
              </value>
            </param>
            <param index="3">
              <value>
                <![CDATA[Password must match]]>
              </value>
            </param>
          </params>
          <reporter-output>
          </reporter-output>
        </test-method> <!-- register_email_alert_password2 -->
        <test-method status="PASS" signature="done(org.testng.ITestResult)[pri:0, instance:testcases.Test_Register@4c37b5b]" name="done" is-config="true" duration-ms="406" started-at="2020-06-26T10:56:24Z" finished-at="2020-06-26T10:56:25Z">
          <params>
            <param index="0">
              <value>
                <![CDATA[[TestResult name=register_email_alert_password2 status=SUCCESS method=Test_Register.register_email_alert_password2(java.lang.String, java.lang.String, java.lang.String, java.lang.String)[pri:0, instance:testcases.Test_Register@4c37b5b] output={null}]]]>
              </value>
            </param>
          </params>
          <reporter-output>
          </reporter-output>
        </test-method> <!-- done -->
        <test-method status="PASS" signature="set()[pri:0, instance:testcases.Test_Register@4c37b5b]" name="set" is-config="true" duration-ms="1261" started-at="2020-06-26T10:56:25Z" finished-at="2020-06-26T10:56:26Z">
          <reporter-output>
          </reporter-output>
        </test-method> <!-- set -->
        <test-method status="PASS" signature="register_alert_phone(java.lang.String, java.lang.String, java.lang.String, java.lang.String)[pri:3, instance:testcases.Test_Register@4c37b5b]" name="register_alert_phone" duration-ms="39263" started-at="2020-06-26T10:56:26Z" data-provider="register_phone_alert" finished-at="2020-06-26T10:57:05Z">
          <params>
            <param index="0">
              <value>
                <![CDATA[00909089897897]]>
              </value>
            </param>
            <param index="1">
              <value>
                <![CDATA[password]]>
              </value>
            </param>
            <param index="2">
              <value>
                <![CDATA[password]]>
              </value>
            </param>
            <param index="3">
              <value>
                <![CDATA[Please Try Again Phone Number Is Incorrect]]>
              </value>
            </param>
          </params>
          <reporter-output>
          </reporter-output>
        </test-method> <!-- register_alert_phone -->
        <test-method status="PASS" signature="done(org.testng.ITestResult)[pri:0, instance:testcases.Test_Register@4c37b5b]" name="done" is-config="true" duration-ms="434" started-at="2020-06-26T10:57:05Z" finished-at="2020-06-26T10:57:06Z">
          <params>
            <param index="0">
              <value>
                <![CDATA[[TestResult name=register_alert_phone status=SUCCESS method=Test_Register.register_alert_phone(java.lang.String, java.lang.String, java.lang.String, java.lang.String)[pri:3, instance:testcases.Test_Register@4c37b5b] output={null}]]]>
              </value>
            </param>
          </params>
          <reporter-output>
          </reporter-output>
        </test-method> <!-- done -->
        <test-method status="PASS" signature="set()[pri:0, instance:testcases.Test_Register@4c37b5b]" name="set" is-config="true" duration-ms="1321" started-at="2020-06-26T10:57:06Z" finished-at="2020-06-26T10:57:07Z">
          <reporter-output>
          </reporter-output>
        </test-method> <!-- set -->
        <test-method status="PASS" signature="register_alert_phone(java.lang.String, java.lang.String, java.lang.String, java.lang.String)[pri:3, instance:testcases.Test_Register@4c37b5b]" name="register_alert_phone" duration-ms="39270" started-at="2020-06-26T10:57:07Z" data-provider="register_phone_alert" finished-at="2020-06-26T10:57:46Z">
          <params>
            <param index="0">
              <value>
                <![CDATA[82278843303]]>
              </value>
            </param>
            <param index="1">
              <value>
                <![CDATA[password]]>
              </value>
            </param>
            <param index="2">
              <value>
                <![CDATA[password]]>
              </value>
            </param>
            <param index="3">
              <value>
                <![CDATA[please try again, phone has been taken]]>
              </value>
            </param>
          </params>
          <reporter-output>
          </reporter-output>
        </test-method> <!-- register_alert_phone -->
        <test-method status="PASS" signature="done(org.testng.ITestResult)[pri:0, instance:testcases.Test_Register@4c37b5b]" name="done" is-config="true" duration-ms="438" started-at="2020-06-26T10:57:46Z" finished-at="2020-06-26T10:57:47Z">
          <params>
            <param index="0">
              <value>
                <![CDATA[[TestResult name=register_alert_phone status=SUCCESS method=Test_Register.register_alert_phone(java.lang.String, java.lang.String, java.lang.String, java.lang.String)[pri:3, instance:testcases.Test_Register@4c37b5b] output={null}]]]>
              </value>
            </param>
          </params>
          <reporter-output>
          </reporter-output>
        </test-method> <!-- done -->
        <test-method status="PASS" signature="set()[pri:0, instance:testcases.Test_Register@4c37b5b]" name="set" is-config="true" duration-ms="1224" started-at="2020-06-26T10:57:47Z" finished-at="2020-06-26T10:57:48Z">
          <reporter-output>
          </reporter-output>
        </test-method> <!-- set -->
        <test-method status="PASS" signature="register_phone_alert_password1(java.lang.String, java.lang.String, java.lang.String, java.lang.String)[pri:3, instance:testcases.Test_Register@4c37b5b]" name="register_phone_alert_password1" duration-ms="39088" started-at="2020-06-26T10:57:48Z" data-provider="register_password1_alert_phone" finished-at="2020-06-26T10:58:27Z">
          <params>
            <param index="0">
              <value>
                <![CDATA[863436763543]]>
              </value>
            </param>
            <param index="1">
              <value>
                <![CDATA[kurang]]>
              </value>
            </param>
            <param index="2">
              <value>
                <![CDATA[kurang]]>
              </value>
            </param>
            <param index="3">
              <value>
                <![CDATA[Password must at least 8 characters]]>
              </value>
            </param>
          </params>
          <reporter-output>
          </reporter-output>
        </test-method> <!-- register_phone_alert_password1 -->
        <test-method status="PASS" signature="done(org.testng.ITestResult)[pri:0, instance:testcases.Test_Register@4c37b5b]" name="done" is-config="true" duration-ms="375" started-at="2020-06-26T10:58:27Z" finished-at="2020-06-26T10:58:27Z">
          <params>
            <param index="0">
              <value>
                <![CDATA[[TestResult name=register_phone_alert_password1 status=SUCCESS method=Test_Register.register_phone_alert_password1(java.lang.String, java.lang.String, java.lang.String, java.lang.String)[pri:3, instance:testcases.Test_Register@4c37b5b] output={null}]]]>
              </value>
            </param>
          </params>
          <reporter-output>
          </reporter-output>
        </test-method> <!-- done -->
        <test-method status="PASS" signature="set()[pri:0, instance:testcases.Test_Register@4c37b5b]" name="set" is-config="true" duration-ms="1152" started-at="2020-06-26T10:58:27Z" finished-at="2020-06-26T10:58:29Z">
          <reporter-output>
          </reporter-output>
        </test-method> <!-- set -->
        <test-method status="PASS" signature="register_phone_alert_password2(java.lang.String, java.lang.String, java.lang.String, java.lang.String)[pri:3, instance:testcases.Test_Register@4c37b5b]" name="register_phone_alert_password2" duration-ms="39975" started-at="2020-06-26T10:58:29Z" data-provider="register_password2_alert_phone" finished-at="2020-06-26T10:59:08Z">
          <params>
            <param index="0">
              <value>
                <![CDATA[84534343436]]>
              </value>
            </param>
            <param index="1">
              <value>
                <![CDATA[password]]>
              </value>
            </param>
            <param index="2">
              <value>
                <![CDATA[passwordBeda]]>
              </value>
            </param>
            <param index="3">
              <value>
                <![CDATA[Password must match]]>
              </value>
            </param>
          </params>
          <reporter-output>
          </reporter-output>
        </test-method> <!-- register_phone_alert_password2 -->
        <test-method status="PASS" signature="done(org.testng.ITestResult)[pri:0, instance:testcases.Test_Register@4c37b5b]" name="done" is-config="true" duration-ms="408" started-at="2020-06-26T10:59:08Z" finished-at="2020-06-26T10:59:09Z">
          <params>
            <param index="0">
              <value>
                <![CDATA[[TestResult name=register_phone_alert_password2 status=SUCCESS method=Test_Register.register_phone_alert_password2(java.lang.String, java.lang.String, java.lang.String, java.lang.String)[pri:3, instance:testcases.Test_Register@4c37b5b] output={null}]]]>
              </value>
            </param>
          </params>
          <reporter-output>
          </reporter-output>
        </test-method> <!-- done -->
        <test-method status="PASS" signature="set()[pri:0, instance:testcases.Test_Register@4c37b5b]" name="set" is-config="true" duration-ms="1063" started-at="2020-06-26T10:59:09Z" finished-at="2020-06-26T10:59:10Z">
          <reporter-output>
          </reporter-output>
        </test-method> <!-- set -->
        <test-method status="PASS" signature="register_page2_validate_birthday()[pri:4, instance:testcases.Test_Register@4c37b5b]" name="register_page2_validate_birthday" duration-ms="46984" started-at="2020-06-26T10:59:10Z" finished-at="2020-06-26T10:59:57Z">
          <reporter-output>
          </reporter-output>
        </test-method> <!-- register_page2_validate_birthday -->
        <test-method status="PASS" signature="done(org.testng.ITestResult)[pri:0, instance:testcases.Test_Register@4c37b5b]" name="done" is-config="true" duration-ms="340" started-at="2020-06-26T10:59:57Z" finished-at="2020-06-26T10:59:57Z">
          <params>
            <param index="0">
              <value>
                <![CDATA[[TestResult name=register_page2_validate_birthday status=SUCCESS method=Test_Register.register_page2_validate_birthday()[pri:4, instance:testcases.Test_Register@4c37b5b] output={null}]]]>
              </value>
            </param>
          </params>
          <reporter-output>
          </reporter-output>
        </test-method> <!-- done -->
        <test-method status="PASS" signature="set()[pri:0, instance:testcases.Test_Register@4c37b5b]" name="set" is-config="true" duration-ms="1162" started-at="2020-06-26T10:59:57Z" finished-at="2020-06-26T10:59:58Z">
          <reporter-output>
          </reporter-output>
        </test-method> <!-- set -->
        <test-method status="PASS" signature="register_page2_validate_fullname()[pri:4, instance:testcases.Test_Register@4c37b5b]" name="register_page2_validate_fullname" duration-ms="36461" started-at="2020-06-26T10:59:58Z" finished-at="2020-06-26T11:00:35Z">
          <reporter-output>
          </reporter-output>
        </test-method> <!-- register_page2_validate_fullname -->
        <test-method status="PASS" signature="done(org.testng.ITestResult)[pri:0, instance:testcases.Test_Register@4c37b5b]" name="done" is-config="true" duration-ms="353" started-at="2020-06-26T11:00:35Z" finished-at="2020-06-26T11:00:35Z">
          <params>
            <param index="0">
              <value>
                <![CDATA[[TestResult name=register_page2_validate_fullname status=SUCCESS method=Test_Register.register_page2_validate_fullname()[pri:4, instance:testcases.Test_Register@4c37b5b] output={null}]]]>
              </value>
            </param>
          </params>
          <reporter-output>
          </reporter-output>
        </test-method> <!-- done -->
        <test-method status="PASS" signature="set()[pri:0, instance:testcases.Test_Register@4c37b5b]" name="set" is-config="true" duration-ms="1231" started-at="2020-06-26T11:00:35Z" finished-at="2020-06-26T11:00:37Z">
          <reporter-output>
          </reporter-output>
        </test-method> <!-- set -->
        <test-method status="PASS" signature="register_page2_validate_gender_Male(java.lang.String)[pri:4, instance:testcases.Test_Register@4c37b5b]" name="register_page2_validate_gender_Male" duration-ms="41751" started-at="2020-06-26T11:00:37Z" data-provider="register_list_gender" finished-at="2020-06-26T11:01:18Z">
          <params>
            <param index="0">
              <value>
                <![CDATA[Male]]>
              </value>
            </param>
          </params>
          <reporter-output>
          </reporter-output>
        </test-method> <!-- register_page2_validate_gender_Male -->
        <test-method status="PASS" signature="done(org.testng.ITestResult)[pri:0, instance:testcases.Test_Register@4c37b5b]" name="done" is-config="true" duration-ms="343" started-at="2020-06-26T11:01:18Z" finished-at="2020-06-26T11:01:19Z">
          <params>
            <param index="0">
              <value>
                <![CDATA[[TestResult name=register_page2_validate_gender_Male status=SUCCESS method=Test_Register.register_page2_validate_gender_Male(java.lang.String)[pri:4, instance:testcases.Test_Register@4c37b5b] output={null}]]]>
              </value>
            </param>
          </params>
          <reporter-output>
          </reporter-output>
        </test-method> <!-- done -->
        <test-method status="PASS" signature="set()[pri:0, instance:testcases.Test_Register@4c37b5b]" name="set" is-config="true" duration-ms="1014" started-at="2020-06-26T11:01:19Z" finished-at="2020-06-26T11:01:20Z">
          <reporter-output>
[...]
          <params>
            <param index="0">
              <value>
                <![CDATA[dikakoko04@gmail.com]]>
              </value>
            </param>
            <param index="1">
              <value>
                <![CDATA[dikakoko]]>
              </value>
            </param>
          </params>
          <reporter-output>
          </reporter-output>
        </test-method> <!-- integration_mylist_after_login_library -->
        <test-method status="PASS" signature="done(org.testng.ITestResult)[pri:0, instance:testcases.Test_Mylist@4e28bdd1]" name="done" is-config="true" duration-ms="1052" started-at="2020-06-26T10:30:47Z" finished-at="2020-06-26T10:30:48Z">
          <params>
            <param index="0">
              <value>
                <![CDATA[[TestResult name=integration_mylist_after_login_library status=SUCCESS method=Test_Mylist.integration_mylist_after_login_library(java.lang.String, java.lang.String)[pri:1, instance:testcases.Test_Mylist@4e28bdd1] output={null}]]]>
              </value>
            </param>
          </params>
          <reporter-output>
          </reporter-output>
        </test-method> <!-- done -->
      </class> <!-- testcases.Test_Mylist -->
      <class name="testcases.Test_List_Menu_Account">
        <test-method status="PASS" signature="set()[pri:0, instance:testcases.Test_List_Menu_Account@73db4768]" name="set" is-config="true" duration-ms="1092" started-at="2020-06-26T11:02:01Z" finished-at="2020-06-26T11:02:02Z">
          <reporter-output>
          </reporter-output>
        </test-method> <!-- set -->
        <test-method status="PASS" signature="menu_account_not_login_button_login()[pri:0, instance:testcases.Test_List_Menu_Account@73db4768]" name="menu_account_not_login_button_login" duration-ms="27758" started-at="2020-06-26T11:02:02Z" finished-at="2020-06-26T11:02:30Z">
          <reporter-output>
          </reporter-output>
        </test-method> <!-- menu_account_not_login_button_login -->
        <test-method status="PASS" signature="done(org.testng.ITestResult)[pri:0, instance:testcases.Test_List_Menu_Account@73db4768]" name="done" is-config="true" duration-ms="423" started-at="2020-06-26T11:02:30Z" finished-at="2020-06-26T11:02:31Z">
          <params>
            <param index="0">
              <value>
                <![CDATA[[TestResult name=menu_account_not_login_button_login status=SUCCESS method=Test_List_Menu_Account.menu_account_not_login_button_login()[pri:0, instance:testcases.Test_List_Menu_Account@73db4768] output={null}]]]>
              </value>
            </param>
          </params>
          <reporter-output>
          </reporter-output>
        </test-method> <!-- done -->
        <test-method status="PASS" signature="set()[pri:0, instance:testcases.Test_List_Menu_Account@73db4768]" name="set" is-config="true" duration-ms="1085" started-at="2020-06-26T11:02:31Z" finished-at="2020-06-26T11:02:32Z">
          <reporter-output>
          </reporter-output>
        </test-method> <!-- set -->
        <test-method status="PASS" signature="menu_account_not_login_button_scan_qrcode()[pri:1, instance:testcases.Test_List_Menu_Account@73db4768]" name="menu_account_not_login_button_scan_qrcode" duration-ms="6948" started-at="2020-06-26T11:02:32Z" finished-at="2020-06-26T11:02:39Z">
          <reporter-output>
          </reporter-output>
        </test-method> <!-- menu_account_not_login_button_scan_qrcode -->
        <test-method status="PASS" signature="done(org.testng.ITestResult)[pri:0, instance:testcases.Test_List_Menu_Account@73db4768]" name="done" is-config="true" duration-ms="346" started-at="2020-06-26T11:02:39Z" finished-at="2020-06-26T11:02:39Z">
          <params>
            <param index="0">
              <value>
                <![CDATA[[TestResult name=menu_account_not_login_button_scan_qrcode status=SUCCESS method=Test_List_Menu_Account.menu_account_not_login_button_scan_qrcode()[pri:1, instance:testcases.Test_List_Menu_Account@73db4768] output={null}]]]>
              </value>
            </param>
          </params>
          <reporter-output>
          </reporter-output>
        </test-method> <!-- done -->
        <test-method status="PASS" signature="set()[pri:0, instance:testcases.Test_List_Menu_Account@73db4768]" name="set" is-config="true" duration-ms="1281" started-at="2020-06-26T11:02:39Z" finished-at="2020-06-26T11:02:40Z">
          <reporter-output>
          </reporter-output>
        </test-method> <!-- set -->
        <test-method status="PASS" signature="menu_account_not_login_popup_login(java.lang.String, java.lang.String, java.lang.String)[pri:2, instance:testcases.Test_List_Menu_Account@73db4768]" name="menu_account_not_login_popup_login" duration-ms="23000" started-at="2020-06-26T11:02:40Z" data-provider="list_menu_account_popup_login" finished-at="2020-06-26T11:03:03Z">
          <params>
            <param index="0">
              <value>
                <![CDATA[history]]>
              </value>
            </param>
            <param index="1">
              <value>
                <![CDATA[Sign Up]]>
              </value>
            </param>
            <param index="2">
              <value>
                <![CDATA[Sign In]]>
              </value>
            </param>
          </params>
          <reporter-output>
          </reporter-output>
        </test-method> <!-- menu_account_not_login_popup_login -->
        <test-method status="PASS" signature="done(org.testng.ITestResult)[pri:0, instance:testcases.Test_List_Menu_Account@73db4768]" name="done" is-config="true" duration-ms="430" started-at="2020-06-26T11:03:03Z" finished-at="2020-06-26T11:03:04Z">
          <params>
            <param index="0">
              <value>
                <![CDATA[[TestResult name=menu_account_not_login_popup_login status=SUCCESS method=Test_List_Menu_Account.menu_account_not_login_popup_login(java.lang.String, java.lang.String, java.lang.String)[pri:2, instance:testcases.Test_List_Menu_Account@73db4768] output={null}]]]>
              </value>
            </param>
          </params>
          <reporter-output>
          </reporter-output>
        </test-method> <!-- done -->
        <test-method status="PASS" signature="set()[pri:0, instance:testcases.Test_List_Menu_Account@73db4768]" name="set" is-config="true" duration-ms="1237" started-at="2020-06-26T11:03:04Z" finished-at="2020-06-26T11:03:05Z">
          <reporter-output>
          </reporter-output>
        </test-method> <!-- set -->
        <test-method status="PASS" signature="menu_account_not_login_popup_login(java.lang.String, java.lang.String, java.lang.String)[pri:2, instance:testcases.Test_List_Menu_Account@73db4768]" name="menu_account_not_login_popup_login" duration-ms="23880" started-at="2020-06-26T11:03:05Z" data-provider="list_menu_account_popup_login" finished-at="2020-06-26T11:03:29Z">
          <params>
            <param index="0">
              <value>
                <![CDATA[mylist]]>
              </value>
            </param>
            <param index="1">
              <value>
                <![CDATA[Sign Up]]>
              </value>
            </param>
            <param index="2">
              <value>
                <![CDATA[Sign In]]>
              </value>
            </param>
          </params>
          <reporter-output>
          </reporter-output>
        </test-method> <!-- menu_account_not_login_popup_login -->
        <test-method status="PASS" signature="done(org.testng.ITestResult)[pri:0, instance:testcases.Test_List_Menu_Account@73db4768]" name="done" is-config="true" duration-ms="415" started-at="2020-06-26T11:03:29Z" finished-at="2020-06-26T11:03:29Z">
          <params>
            <param index="0">
              <value>
                <![CDATA[[TestResult name=menu_account_not_login_popup_login status=SUCCESS method=Test_List_Menu_Account.menu_account_not_login_popup_login(java.lang.String, java.lang.String, java.lang.String)[pri:2, instance:testcases.Test_List_Menu_Account@73db4768] output={null}]]]>
              </value>
            </param>
          </params>
          <reporter-output>
          </reporter-output>
        </test-method> <!-- done -->
        <test-method status="PASS" signature="set()[pri:0, instance:testcases.Test_List_Menu_Account@73db4768]" name="set" is-config="true" duration-ms="1015" started-at="2020-06-26T11:03:29Z" finished-at="2020-06-26T11:03:30Z">
          <reporter-output>
          </reporter-output>
        </test-method> <!-- set -->
        <test-method status="PASS" signature="menu_account_not_login_popup_login(java.lang.String, java.lang.String, java.lang.String)[pri:2, instance:testcases.Test_List_Menu_Account@73db4768]" name="menu_account_not_login_popup_login" duration-ms="22746" started-at="2020-06-26T11:03:30Z" data-provider="list_menu_account_popup_login" finished-at="2020-06-26T11:03:53Z">
          <params>
            <param index="0">
              <value>
                <![CDATA[continue-watching]]>
              </value>
            </param>
            <param index="1">
              <value>
                <![CDATA[Sign Up]]>
              </value>
            </param>
            <param index="2">
              <value>
                <![CDATA[Sign In]]>
              </value>
            </param>
          </params>
          <reporter-output>
          </reporter-output>
        </test-method> <!-- menu_account_not_login_popup_login -->
        <test-method status="PASS" signature="done(org.testng.ITestResult)[pri:0, instance:testcases.Test_List_Menu_Account@73db4768]" name="done" is-config="true" duration-ms="378" started-at="2020-06-26T11:03:53Z" finished-at="2020-06-26T11:03:53Z">
          <params>
            <param index="0">
              <value>
                <![CDATA[[TestResult name=menu_account_not_login_popup_login status=SUCCESS method=Test_List_Menu_Account.menu_account_not_login_popup_login(java.lang.String, java.lang.String, java.lang.String)[pri:2, instance:testcases.Test_List_Menu_Account@73db4768] output={null}]]]>
              </value>
            </param>
          </params>
          <reporter-output>
          </reporter-output>
        </test-method> <!-- done -->
        <test-method status="PASS" signature="set()[pri:0, instance:testcases.Test_List_Menu_Account@73db4768]" name="set" is-config="true" duration-ms="1102" started-at="2020-06-26T11:03:53Z" finished-at="2020-06-26T11:03:55Z">
          <reporter-output>
          </reporter-output>
        </test-method> <!-- set -->
        <test-method status="PASS" signature="menu_account_not_login_button_menu_direct(java.lang.String, java.lang.String)[pri:3, instance:testcases.Test_List_Menu_Account@73db4768]" name="menu_account_not_login_button_menu_direct" duration-ms="19487" started-at="2020-06-26T11:03:55Z" data-provider="list_menu_account_direct" finished-at="2020-06-26T11:04:14Z">
          <params>
            <param index="0">
              <value>
                <![CDATA[tnc]]>
              </value>
            </param>
            <param index="1">
              <value>
                <![CDATA[Terms and Conditions]]>
              </value>
            </param>
          </params>
          <reporter-output>
          </reporter-output>
        </test-method> <!-- menu_account_not_login_button_menu_direct -->
        <test-method status="PASS" signature="done(org.testng.ITestResult)[pri:0, instance:testcases.Test_List_Menu_Account@73db4768]" name="done" is-config="true" duration-ms="473" started-at="2020-06-26T11:04:14Z" finished-at="2020-06-26T11:04:15Z">
          <params>
            <param index="0">
              <value>
                <![CDATA[[TestResult name=menu_account_not_login_button_menu_direct status=SUCCESS method=Test_List_Menu_Account.menu_account_not_login_button_menu_direct(java.lang.String, java.lang.String)[pri:3, instance:testcases.Test_List_Menu_Account@73db4768] output={null}]]]>
              </value>
            </param>
          </params>
          <reporter-output>
          </reporter-output>
        </test-method> <!-- done -->
        <test-method status="PASS" signature="set()[pri:0, instance:testcases.Test_List_Menu_Account@73db4768]" name="set" is-config="true" duration-ms="991" started-at="2020-06-26T11:04:15Z" finished-at="2020-06-26T11:04:16Z">
          <reporter-output>
          </reporter-output>
        </test-method> <!-- set -->
        <test-method status="PASS" signature="menu_account_not_login_button_menu_direct(java.lang.String, java.lang.String)[pri:3, instance:testcases.Test_List_Menu_Account@73db4768]" name="menu_account_not_login_button_menu_direct" duration-ms="18074" started-at="2020-06-26T11:04:16Z" data-provider="list_menu_account_direct" finished-at="2020-06-26T11:04:34Z">
          <params>
            <param index="0">
              <value>
                <![CDATA[privacy-policy]]>
              </value>
            </param>
            <param index="1">
              <value>
                <![CDATA[Privacy Policy]]>
              </value>
            </param>
          </params>
          <reporter-output>
          </reporter-output>
        </test-method> <!-- menu_account_not_login_button_menu_direct -->
        <test-method status="PASS" signature="done(org.testng.ITestResult)[pri:0, instance:testcases.Test_List_Menu_Account@73db4768]" name="done" is-config="true" duration-ms="458" started-at="2020-06-26T11:04:34Z" finished-at="2020-06-26T11:04:34Z">
          <params>
            <param index="0">
              <value>
                <![CDATA[[TestResult name=menu_account_not_login_button_menu_direct status=SUCCESS method=Test_List_Menu_Account.menu_account_not_login_button_menu_direct(java.lang.String, java.lang.String)[pri:3, instance:testcases.Test_List_Menu_Account@73db4768] output={null}]]]>
              </value>
            </param>
          </params>
          <reporter-output>
          </reporter-output>
        </test-method> <!-- done -->
        <test-method status="PASS" signature="set()[pri:0, instance:testcases.Test_List_Menu_Account@73db4768]" name="set" is-config="true" duration-ms="1338" started-at="2020-06-26T11:04:34Z" finished-at="2020-06-26T11:04:35Z">
          <reporter-output>
          </reporter-output>
        </test-method> <!-- set -->
        <test-method status="PASS" signature="menu_account_not_login_button_menu_direct(java.lang.String, java.lang.String)[pri:3, instance:testcases.Test_List_Menu_Account@73db4768]" name="menu_account_not_login_button_menu_direct" duration-ms="18595" started-at="2020-06-26T11:04:35Z" data-provider="list_menu_account_direct" finished-at="2020-06-26T11:04:54Z">
          <params>
            <param index="0">
              <value>
                <![CDATA[contact-us]]>
              </value>
            </param>
            <param index="1">
              <value>
                <![CDATA[Contact Us]]>
              </value>
            </param>
          </params>
          <reporter-output>
          </reporter-output>
        </test-method> <!-- menu_account_not_login_button_menu_direct -->
        <test-method status="PASS" signature="done(org.testng.ITestResult)[pri:0, instance:testcases.Test_List_Menu_Account@73db4768]" name="done" is-config="true" duration-ms="367" started-at="2020-06-26T11:04:54Z" finished-at="2020-06-26T11:04:54Z">
          <params>
            <param index="0">
              <value>
                <![CDATA[[TestResult name=menu_account_not_login_button_menu_direct status=SUCCESS method=Test_List_Menu_Account.menu_account_not_login_button_menu_direct(java.lang.String, java.lang.String)[pri:3, instance:testcases.Test_List_Menu_Account@73db4768] output={null}]]]>
              </value>
            </param>
          </params>
          <reporter-output>
          </reporter-output>
        </test-method> <!-- done -->
        <test-method status="PASS" signature="set()[pri:0, instance:testcases.Test_List_Menu_Account@73db4768]" name="set" is-config="true" duration-ms="1838" started-at="2020-06-26T11:04:54Z" finished-at="2020-06-26T11:04:56Z">
          <reporter-output>
          </reporter-output>
        </test-method> <!-- set -->
        <test-method status="PASS" signature="menu_account_not_login_button_menu_direct(java.lang.String, java.lang.String)[pri:3, instance:testcases.Test_List_Menu_Account@73db4768]" name="menu_account_not_login_button_menu_direct" duration-ms="18951" started-at="2020-06-26T11:04:56Z" data-provider="list_menu_account_direct" finished-at="2020-06-26T11:05:15Z">
          <params>
            <param index="0">
              <value>
                <![CDATA[faq]]>
              </value>
            </param>
            <param index="1">
              <value>
                <![CDATA[Faq]]>
              </value>
            </param>
          </params>
          <reporter-output>
          </reporter-output>
        </test-method> <!-- menu_account_not_login_button_menu_direct -->
        <test-method status="PASS" signature="done(org.testng.ITestResult)[pri:0, instance:testcases.Test_List_Menu_Account@73db4768]" name="done" is-config="true" duration-ms="403" started-at="2020-06-26T11:05:15Z" finished-at="2020-06-26T11:05:16Z">
          <params>
            <param index="0">
              <value>
                <![CDATA[[TestResult name=menu_account_not_login_button_menu_direct status=SUCCESS method=Test_List_Menu_Account.menu_account_not_login_button_menu_direct(java.lang.String, java.lang.String)[pri:3, instance:testcases.Test_List_Menu_Account@73db4768] output={null}]]]>
              </value>
            </param>
          </params>
          <reporter-output>
          </reporter-output>
        </test-method> <!-- done -->
        <test-method status="PASS" signature="set()[pri:0, instance:testcases.Test_List_Menu_Account@73db4768]" name="set" is-config="true" duration-ms="1322" started-at="2020-06-26T11:05:16Z" finished-at="2020-06-26T11:05:17Z">
          <reporter-output>
          </reporter-output>
        </test-method> <!-- set -->
        <test-method status="PASS" signature="menu_account_not_login_button_download()[pri:4, instance:testcases.Test_List_Menu_Account@73db4768]" name="menu_account_not_login_button_download" duration-ms="23072" started-at="2020-06-26T11:05:17Z" finished-at="2020-06-26T11:05:40Z">
          <reporter-output>
          </reporter-output>
        </test-method> <!-- menu_account_not_login_button_download -->
        <test-method status="PASS" signature="done(org.testng.ITestResult)[pri:0, instance:testcases.Test_List_Menu_Account@73db4768]" name="done" is-config="true" duration-ms="366" started-at="2020-06-26T11:05:40Z" finished-at="2020-06-26T11:05:40Z">
          <params>
            <param index="0">
              <value>
                <![CDATA[[TestResult name=menu_account_not_login_button_download status=SUCCESS method=Test_List_Menu_Account.menu_account_not_login_button_download()[pri:4, instance:testcases.Test_List_Menu_Account@73db4768] output={null}]]]>
              </value>
            </param>
          </params>
          <reporter-output>
          </reporter-output>
        </test-method> <!-- done -->
      </class> <!-- testcases.Test_List_Menu_Account -->
    </test> <!-- Test -->
  </suite> <!-- Suite -->
</testng-results>
