<?xml version="1.0" encoding="UTF-8"?>
<testsuite xmlns:xsi="http://www.w3.org/2001/XMLSchema-instance" xsi:noNamespaceSchemaLocation="https://maven.apache.org/surefire/maven-surefire-plugin/xsd/surefire-test-report-3.0.xsd" version="3.0" name="TestSuite" time="1,156.938" tests="22" errors="0" skipped="0" failures="0">
  <properties>
[...]
</properties>
  <testcase name="login_alert_popup" classname="testcases.Test_Login" time="26.133"/>
  <testcase name="login_alert_popup" classname="testcases.Test_Login" time="24.636"/>
  <testcase name="login_logout" classname="testcases.Test_Login" time="70.175"/>
  <testcase name="login_logout" classname="testcases.Test_Login" time="69.593"/>
  <testcase name="menu_account_not_login_button_login" classname="testcases.Test_List_Menu_Account" time="29.616"/>
  <testcase name="menu_account_not_login_button_scan_qrcode" classname="testcases.Test_List_Menu_Account" time="8.116"/>
  <testcase name="menu_account_not_login_popup_login" classname="testcases.Test_List_Menu_Account" time="24.148"/>
  <testcase name="menu_account_not_login_popup_login" classname="testcases.Test_List_Menu_Account" time="24.446"/>
  <testcase name="menu_account_not_login_popup_login" classname="testcases.Test_List_Menu_Account" time="25.599"/>
  <testcase name="menu_account_not_login_button_menu_direct" classname="testcases.Test_List_Menu_Account" time="20.326"/>
  <testcase name="menu_account_not_login_button_menu_direct" classname="testcases.Test_List_Menu_Account" time="20.688"/>
  <testcase name="menu_account_not_login_button_menu_direct" classname="testcases.Test_List_Menu_Account" time="20.485"/>
  <testcase name="menu_account_not_login_button_menu_direct" classname="testcases.Test_List_Menu_Account" time="20.479"/>
  <testcase name="menu_account_not_login_button_download" classname="testcases.Test_List_Menu_Account" time="24.006"/>
  <testcase name="login_logout_from_Continue_Watching" classname="testcases.Test_Integration_Login" time="87.291"/>
  <testcase name="login_logout_from_Continue_Watching" classname="testcases.Test_Integration_Login" time="86.453"/>
  <testcase name="login_logout_from_account" classname="testcases.Test_Integration_Login" time="81.132"/>
  <testcase name="login_logout_from_account" classname="testcases.Test_Integration_Login" time="82.246"/>
  <testcase name="login_logout_from_history" classname="testcases.Test_Integration_Login" time="86.337"/>
  <testcase name="login_logout_from_history" classname="testcases.Test_Integration_Login" time="86.499"/>
  <testcase name="login_logout_from_mylist" classname="testcases.Test_Integration_Login" time="87.753"/>
  <testcase name="login_logout_from_mylist" classname="testcases.Test_Integration_Login" time="111.112"/>
</testsuite>