<?xml version="1.0" encoding="UTF-8"?>
<testsuite xmlns:xsi="http://www.w3.org/2001/XMLSchema-instance" xsi:noNamespaceSchemaLocation="https://maven.apache.org/surefire/maven-surefire-plugin/xsd/surefire-test-report-3.0.xsd" version="3.0" name="TestSuite" time="2,656.59" tests="81" errors="0" skipped="1" failures="1">
  <properties>
[...]
</properties>
  <testcase name="mylist_after_login_library" classname="testcases.Test_Mylist" time="89.167">
    <failure message="no such element: Unable to locate element: {&quot;method&quot;:&quot;xpath&quot;,&quot;selector&quot;:&quot;//strong[contains(text(),&apos;Test Movie 2 hoho&apos;)]&quot;}&#10;  (Session info: chrome=83.0.4103.61)&#10;For documentation on this error, please visit: https://www.seleniumhq.org/exceptions/no_such_element.html&#10;Build info: version: &apos;3.141.59&apos;, revision: &apos;e82be7d358&apos;, time: &apos;2018-11-14T08:17:03&apos;&#10;System info: host: &apos;MNCTVN05589&apos;, ip: &apos;10.23.212.104&apos;, os.name: &apos;Windows 10&apos;, os.arch: &apos;amd64&apos;, os.version: &apos;10.0&apos;, java.version: &apos;1.8.0_221&apos;&#10;Driver info: org.openqa.selenium.remote.RemoteWebDriver&#10;Capabilities {acceptInsecureCerts: false, browserName: chrome, browserVersion: 83.0.4103.61, chrome: {chromedriverVersion: 83.0.4103.39 (ccbf011cb2d2b..., userDataDir: /tmp/.com.google.Chrome.qlPPLo}, goog:chromeOptions: {debuggerAddress: localhost:37799}, javascriptEnabled: true, networkConnectionEnabled: false, pageLoadStrategy: normal, platform: LINUX, platformName: LINUX, proxy: Proxy(), setWindowRect: true, strictFileInteractability: false, timeouts: {implicit: 0, pageLoad: 300000, script: 30000}, unhandledPromptBehavior: dismiss and notify, webauthn:virtualAuthenticators: true, webdriver.remote.sessionid: d412b46c574d36d3cd1b8b99f04...}&#10;Session ID: d412b46c574d36d3cd1b8b99f043a6db&#10;*** Element info: {Using=xpath, value=//strong[contains(text(),&apos;Test Movie 2 hoho&apos;)]}" type="org.openqa.selenium.NoSuchElementException"><![CDATA[org.openqa.selenium.NoSuchElementException: 
no such element: Unable to locate element: {"method":"xpath","selector":"//strong[contains(text(),'Test Movie 2 hoho')]"}
  (Session info: chrome=83.0.4103.61)
For documentation on this error, please visit: https://www.seleniumhq.org/exceptions/no_such_element.html
Build info: version: '3.141.59', revision: 'e82be7d358', time: '2018-11-14T08:17:03'
System info: host: 'MNCTVN05589', ip: '10.23.212.104', os.name: 'Windows 10', os.arch: 'amd64', os.version: '10.0', java.version: '1.8.0_221'
Driver info: org.openqa.selenium.remote.RemoteWebDriver
Capabilities {acceptInsecureCerts: false, browserName: chrome, browserVersion: 83.0.4103.61, chrome: {chromedriverVersion: 83.0.4103.39 (ccbf011cb2d2b..., userDataDir: /tmp/.com.google.Chrome.qlPPLo}, goog:chromeOptions: {debuggerAddress: localhost:37799}, javascriptEnabled: true, networkConnectionEnabled: false, pageLoadStrategy: normal, platform: LINUX, platformName: LINUX, proxy: Proxy(), setWindowRect: true, strictFileInteractability: false, timeouts: {implicit: 0, pageLoad: 300000, script: 30000}, unhandledPromptBehavior: dismiss and notify, webauthn:virtualAuthenticators: true, webdriver.remote.sessionid: d412b46c574d36d3cd1b8b99f04...}
Session ID: d412b46c574d36d3cd1b8b99f043a6db
*** Element info: {Using=xpath, value=//strong[contains(text(),'Test Movie 2 hoho')]}
	at testcases.Test_Mylist.mylist_after_login_library(Test_Mylist.java:53)
]]></failure>
    <system-out><![CDATA[Mylis Test - After Login From Library
Url Visit: https://rc-webm.rctiplus.com/login
Waiting for element visibility
Input Value: dikakoko04@gmail.com
Waiting for element visibility
Input Value: dikakoko
Waiting for element visibility
Button is Clicked!
Url Visit: https://rc-webm.rctiplus.com/explores
Waiting for element visibility
Button is Clicked!
Waiting for element visibility
Test Movie 2 hoho
Waiting for element visibility
Button is Clicked!
Url Visit: https://rc-webm.rctiplus.com/profile
Waiting for element visibility
Button is Clicked!
]]></system-out>
    <system-err><![CDATA[SLF4J: Failed to load class "org.slf4j.impl.StaticLoggerBinder".
SLF4J: Defaulting to no-operation (NOP) logger implementation
SLF4J: See http://www.slf4j.org/codes.html#StaticLoggerBinder for further details.
Jun 26, 2020 10:27:20 AM org.openqa.selenium.remote.DesiredCapabilities chrome
INFO: Using `new ChromeOptions()` is preferred to `DesiredCapabilities.chrome()`
Jun 26, 2020 10:27:22 AM org.openqa.selenium.remote.ProtocolHandshake createSession
INFO: Detected dialect: W3C
]]></system-err>
  </testcase>
  <testcase name="integration_mylist_after_login_library" classname="testcases.Test_Mylist" time="111.991"/>
  <testcase name="login_alert_password" classname="testcases.Test_Login" time="29.022"/>
  <testcase name="login_alert_password" classname="testcases.Test_Login" time="28.698"/>
  <testcase name="login_alert_username" classname="testcases.Test_Login" time="28.512"/>
  <testcase name="login_alert_username" classname="testcases.Test_Login" time="29.806"/>
  <testcase name="login_alert_popup" classname="testcases.Test_Login" time="28.773"/>
  <testcase name="login_alert_popup" classname="testcases.Test_Login" time="29.174"/>
  <testcase name="login_logout_from_Continue_Watching" classname="testcases.Test_Login" time="88.29"/>
  <testcase name="login_logout_from_Continue_Watching" classname="testcases.Test_Login" time="88.219"/>
  <testcase name="login_logout_from_account" classname="testcases.Test_Login" time="82.516"/>
  <testcase name="login_logout_from_account" classname="testcases.Test_Login" time="86.136"/>
  <testcase name="login_logout_from_history" classname="testcases.Test_Login" time="88.11"/>
  <testcase name="login_logout_from_history" classname="testcases.Test_Login" time="87.744"/>
  <testcase name="login_logout_from_mylist" classname="testcases.Test_Login" time="88.603"/>
  <testcase name="login_logout_from_mylist" classname="testcases.Test_Login" time="88.207"/>
  <testcase name="login_succes" classname="testcases.Test_Login" time="39.216"/>
  <testcase name="login_succes" classname="testcases.Test_Login" time="38.586"/>
  <testcase name="login_logout" classname="testcases.Test_Login" time="71.63"/>
  <testcase name="login_logout" classname="testcases.Test_Login" time="71.446"/>
  <testcase name="exclusive_validate_thumbnail" classname="testcases.Test_Exclusive" time="8.578"/>
  <testcase name="integration_exclusive_validate_thumbnail" classname="testcases.Test_Exclusive" time="13.798"/>
  <testcase name="exclusive_validate_list_share" classname="testcases.Test_Exclusive" time="7.592"/>
  <testcase name="exclusive_validate_list_share" classname="testcases.Test_Exclusive" time="7.751"/>
  <testcase name="exclusive_validate_list_share" classname="testcases.Test_Exclusive" time="7.981"/>
  <testcase name="exclusive_validate_list_share" classname="testcases.Test_Exclusive" time="7.436"/>
  <testcase name="exclusive_validate_list_share" classname="testcases.Test_Exclusive" time="7.27"/>
  <testcase name="exclusive_list_tab_menu" classname="testcases.Test_Exclusive" time="1.86"/>
  <testcase name="exclusive_list_tab_menu" classname="testcases.Test_Exclusive" time="1.727"/>
  <testcase name="exclusive_list_tab_menu" classname="testcases.Test_Exclusive" time="2.152"/>
  <testcase name="exclusive_list_tab_menu" classname="testcases.Test_Exclusive" time="2.313"/>
  <testcase name="exclusive_list_tab_menu" classname="testcases.Test_Exclusive" time="1.704"/>
  <testcase name="exclusive_list_tab_menu" classname="testcases.Test_Exclusive" time="1.621"/>
  <testcase name="exclusive_list_tab_menu" classname="testcases.Test_Exclusive" time="1.855"/>
  <testcase name="exclusive_list_tab_menu_klik" classname="testcases.Test_Exclusive" time="4.704"/>
  <testcase name="exclusive_list_tab_menu_klik" classname="testcases.Test_Exclusive" time="7.404"/>
  <testcase name="exclusive_list_tab_menu_klik" classname="testcases.Test_Exclusive" time="5.143"/>
  <testcase name="exclusive_list_tab_menu_klik" classname="testcases.Test_Exclusive" time="5.081"/>
  <testcase name="exclusive_list_tab_menu_klik" classname="testcases.Test_Exclusive" time="5.234"/>
  <testcase name="exclusive_list_tab_menu_klik" classname="testcases.Test_Exclusive" time="5.295"/>
  <testcase name="exclusive_list_tab_menu_klik" classname="testcases.Test_Exclusive" time="4.659"/>
  <testcase name="integration_exclusive_list_tab_menu_klik" classname="testcases.Test_Exclusive" time="11.571"/>
  <testcase name="integration_exclusive_list_tab_menu_klik" classname="testcases.Test_Exclusive" time="11.037"/>
  <testcase name="integration_exclusive_list_tab_menu_klik" classname="testcases.Test_Exclusive" time="11.123"/>
  <testcase name="integration_exclusive_list_tab_menu_klik" classname="testcases.Test_Exclusive" time="10.825"/>
  <testcase name="integration_exclusive_list_tab_menu_klik" classname="testcases.Test_Exclusive" time="11.374"/>
  <testcase name="integration_exclusive_list_tab_menu_klik" classname="testcases.Test_Exclusive" time="11.085"/>
  <testcase name="integration_exclusive_list_tab_menu_klik" classname="testcases.Test_Exclusive" time="10.567"/>
  <testcase name="radio_validate_url" classname="testcases.Test_Radio" time="5.868"/>
  <testcase name="radio_integration" classname="testcases.Test_Radio" time="12.321"/>
  <testcase name="register_alert_email" classname="testcases.Test_Register" time="33.811"/>
  <testcase name="register_alert_email" classname="testcases.Test_Register" time="34.54"/>
  <testcase name="register_email_alert_password1" classname="testcases.Test_Register" time="34.799"/>
  <testcase name="register_email_alert_password2" classname="testcases.Test_Register" time="34.364"/>
  <testcase name="register_alert_phone" classname="testcases.Test_Register" time="39.267"/>
  <testcase name="register_alert_phone" classname="testcases.Test_Register" time="39.272"/>
  <testcase name="register_phone_alert_password1" classname="testcases.Test_Register" time="39.091"/>
  <testcase name="register_phone_alert_password2" classname="testcases.Test_Register" time="39.977"/>
  <testcase name="register_page2_validate_birthday" classname="testcases.Test_Register" time="46.985"/>
  <testcase name="register_page2_validate_fullname" classname="testcases.Test_Register" time="36.463"/>
  <testcase name="register_page2_validate_gender_Male" classname="testcases.Test_Register" time="41.753"/>
  <testcase name="register_page2_validate_gender_Male" classname="testcases.Test_Register" time="41.295"/>
  <testcase name="menu_account_not_login_button_login" classname="testcases.Test_List_Menu_Account" time="27.759"/>
  <testcase name="menu_account_not_login_button_scan_qrcode" classname="testcases.Test_List_Menu_Account" time="6.95"/>
  <testcase name="menu_account_not_login_popup_login" classname="testcases.Test_List_Menu_Account" time="23.001"/>
  <testcase name="menu_account_not_login_popup_login" classname="testcases.Test_List_Menu_Account" time="23.881"/>
  <testcase name="menu_account_not_login_popup_login" classname="testcases.Test_List_Menu_Account" time="22.748"/>
  <testcase name="menu_account_not_login_button_menu_direct" classname="testcases.Test_List_Menu_Account" time="19.489"/>
  <testcase name="menu_account_not_login_button_menu_direct" classname="testcases.Test_List_Menu_Account" time="18.075"/>
  <testcase name="menu_account_not_login_button_menu_direct" classname="testcases.Test_List_Menu_Account" time="18.595"/>
  <testcase name="menu_account_not_login_button_menu_direct" classname="testcases.Test_List_Menu_Account" time="18.952"/>
  <testcase name="menu_account_not_login_button_download" classname="testcases.Test_List_Menu_Account" time="23.075"/>
  <testcase name="continue_watching_after_login" classname="testcases.Test_Continue_Watching" time="0">
    <skipped message="&#10;Method continue_watching_after_login requires 2 parameters but 0 were supplied in the @Test annotation."/>
    <system-out><![CDATA[C:\Users\FRANSI~1.SET\AppData\Local\Temp\screenshot1507259740090762242.png
..\pwa_ui_test\Screenshots\menu_account_not_login_button_download.png
Screenshot Taken
]]></system-out>
  </testcase>
  <testcase name="chat_test_before_login" classname="testcases.Test_Chat" time="64.569"/>
  <testcase name="chat_test_before_login" classname="testcases.Test_Chat" time="63.984"/>
  <testcase name="chat_test_before_login" classname="testcases.Test_Chat" time="64.41"/>
  <testcase name="chat_test_before_login" classname="testcases.Test_Chat" time="65.538"/>
  <testcase name="forget_password_alert" classname="testcases.Test_Forget_Password" time="18.124"/>
  <testcase name="forget_password_alert" classname="testcases.Test_Forget_Password" time="18.065"/>
  <testcase name="forget_password_alert" classname="testcases.Test_Forget_Password" time="19.442"/>
  <testcase name="forget_password_alert" classname="testcases.Test_Forget_Password" time="19.079"/>
</testsuite>